2026-04-27T16:04:01.732+08:00  WARN 23705 --- [           main] c.a.nacos.client.logging.NacosLogging    : Load Logback Configuration of Nacos fail, message: Could not initialize Logback Nacos logging from classpath:nacos-logback.xml

  .   ____          _            __ _ _
 /\\ / ___'_ __ _ _(_)_ __  __ _ \ \ \ \
( ( )\___ | '_ | '_| | '_ \/ _` | \ \ \ \
 \\/  ___)| |_)| | | | | || (_| |  ) ) ) )
  '  |____| .__|_| |_|_| |_\__, | / / / /
 =========|_|==============|___/=/_/_/_/
 :: Spring Boot ::                (v3.1.5)

2026-04-27T16:04:01.767+08:00  WARN 23705 --- [           main] c.a.nacos.client.logging.NacosLogging    : Load Logback Configuration of Nacos fail, message: Could not initialize Logback Nacos logging from classpath:nacos-logback.xml
2026-04-27T16:04:01.771+08:00  INFO 23705 --- [           main] com.shiyiju.file.FileApplication         : Starting FileApplication using Java 17.0.19 with PID 23705 (/Users/master/CodeBuddy/art12/backend/shiyiju-file/target/shiyiju-file-1.0.0-SNAPSHOT.jar started by master in /Users/master/CodeBuddy/art12/backend)
2026-04-27T16:04:01.771+08:00 DEBUG 23705 --- [           main] com.shiyiju.file.FileApplication         : Running with Spring Boot v3.1.5, Spring v6.0.13
2026-04-27T16:04:01.772+08:00  INFO 23705 --- [           main] com.shiyiju.file.FileApplication         : No active profile set, falling back to 1 default profile: "default"
2026-04-27T16:04:02.085+08:00  INFO 23705 --- [           main] .s.d.r.c.RepositoryConfigurationDelegate : Multiple Spring Data modules found, entering strict repository configuration mode
2026-04-27T16:04:02.086+08:00  INFO 23705 --- [           main] .s.d.r.c.RepositoryConfigurationDelegate : Bootstrapping Spring Data Redis repositories in DEFAULT mode.
2026-04-27T16:04:02.093+08:00  INFO 23705 --- [           main] .s.d.r.c.RepositoryConfigurationDelegate : Finished Spring Data repository scanning in 2 ms. Found 0 Redis repository interfaces.
2026-04-27T16:04:02.179+08:00  INFO 23705 --- [           main] o.s.cloud.context.scope.GenericScope     : BeanFactory id=b1f2679f-71aa-3489-b24f-df5cae9e25ef
2026-04-27T16:04:02.387+08:00  INFO 23705 --- [           main] o.s.b.w.embedded.tomcat.TomcatWebServer  : Tomcat initialized with port(s): 8087 (http)
2026-04-27T16:04:02.391+08:00  INFO 23705 --- [           main] o.apache.catalina.core.StandardService   : Starting service [Tomcat]
2026-04-27T16:04:02.392+08:00  INFO 23705 --- [           main] o.apache.catalina.core.StandardEngine    : Starting Servlet engine: [Apache Tomcat/10.1.15]
2026-04-27T16:04:02.425+08:00  INFO 23705 --- [           main] o.a.c.c.C.[Tomcat].[localhost].[/]       : Initializing Spring embedded WebApplicationContext
2026-04-27T16:04:02.425+08:00  INFO 23705 --- [           main] w.s.c.ServletWebServerApplicationContext : Root WebApplicationContext: initialization completed in 631 ms
 _ _   |_  _ _|_. ___ _ |    _ 
| | |\/|_)(_| | |_\  |_)||_|_\ 
     /               |         
                        3.5.8 
2026-04-27T16:04:02.854+08:00  INFO 23705 --- [           main] o.s.b.w.embedded.tomcat.TomcatWebServer  : Tomcat started on port(s): 8087 (http) with context path ''
2026-04-27T16:04:02.860+08:00  INFO 23705 --- [           main] com.shiyiju.file.FileApplication         : Started FileApplication in 1.308 seconds (process running for 1.565)
2026-04-27T16:12:49.813+08:00  INFO 23705 --- [nio-8087-exec-4] o.a.c.c.C.[Tomcat].[localhost].[/]       : Initializing Spring DispatcherServlet 'dispatcherServlet'
2026-04-27T16:12:49.813+08:00  INFO 23705 --- [nio-8087-exec-4] o.s.web.servlet.DispatcherServlet        : Initializing Servlet 'dispatcherServlet'
2026-04-27T16:12:49.820+08:00  INFO 23705 --- [nio-8087-exec-4] o.s.web.servlet.DispatcherServlet        : Completed initialization in 7 ms
