2026-04-25T19:55:58.719+08:00  WARN 2643 --- [           main] c.a.nacos.client.logging.NacosLogging    : Load Logback Configuration of Nacos fail, message: Could not initialize Logback Nacos logging from classpath:nacos-logback.xml

  .   ____          _            __ _ _
 /\\ / ___'_ __ _ _(_)_ __  __ _ \ \ \ \
( ( )\___ | '_ | '_| | '_ \/ _` | \ \ \ \
 \\/  ___)| |_)| | | | | || (_| |  ) ) ) )
  '  |____| .__|_| |_|_| |_\__, | / / / /
 =========|_|==============|___/=/_/_/_/
 :: Spring Boot ::                (v3.1.5)

2026-04-25T19:55:58.752+08:00  WARN 2643 --- [           main] c.a.nacos.client.logging.NacosLogging    : Load Logback Configuration of Nacos fail, message: Could not initialize Logback Nacos logging from classpath:nacos-logback.xml
2026-04-25T19:55:58.755+08:00  INFO 2643 --- [           main] com.shiyiju.gateway.GatewayApplication   : Starting GatewayApplication using Java 17.0.19 with PID 2643 (/Users/master/CodeBuddy/art12/backend/shiyiju-gateway/target/shiyiju-gateway-1.0.0-SNAPSHOT.jar started by master in /Users/master/CodeBuddy/art12/backend)
2026-04-25T19:55:58.755+08:00  INFO 2643 --- [           main] com.shiyiju.gateway.GatewayApplication   : No active profile set, falling back to 1 default profile: "default"
2026-04-25T19:55:59.053+08:00  INFO 2643 --- [           main] .s.d.r.c.RepositoryConfigurationDelegate : Multiple Spring Data modules found, entering strict repository configuration mode
2026-04-25T19:55:59.054+08:00  INFO 2643 --- [           main] .s.d.r.c.RepositoryConfigurationDelegate : Bootstrapping Spring Data Redis repositories in DEFAULT mode.
2026-04-25T19:55:59.065+08:00  INFO 2643 --- [           main] .s.d.r.c.RepositoryConfigurationDelegate : Finished Spring Data repository scanning in 5 ms. Found 0 Redis repository interfaces.
2026-04-25T19:55:59.138+08:00  INFO 2643 --- [           main] o.s.cloud.context.scope.GenericScope     : BeanFactory id=9fde69d2-9253-3073-8563-a162aa8be326
2026-04-25T19:55:59.161+08:00  INFO 2643 --- [           main] trationDelegate$BeanPostProcessorChecker : Bean 'org.springframework.cloud.client.loadbalancer.reactive.LoadBalancerBeanPostProcessorAutoConfiguration' of type [org.springframework.cloud.client.loadbalancer.reactive.LoadBalancerBeanPostProcessorAutoConfiguration] is not eligible for getting processed by all BeanPostProcessors (for example: not eligible for auto-proxying)
2026-04-25T19:55:59.161+08:00  INFO 2643 --- [           main] trationDelegate$BeanPostProcessorChecker : Bean 'org.springframework.cloud.client.loadbalancer.reactive.LoadBalancerBeanPostProcessorAutoConfiguration$ReactorDeferringLoadBalancerFilterConfig' of type [org.springframework.cloud.client.loadbalancer.reactive.LoadBalancerBeanPostProcessorAutoConfiguration$ReactorDeferringLoadBalancerFilterConfig] is not eligible for getting processed by all BeanPostProcessors (for example: not eligible for auto-proxying)
2026-04-25T19:55:59.162+08:00  INFO 2643 --- [           main] trationDelegate$BeanPostProcessorChecker : Bean 'reactorDeferringLoadBalancerExchangeFilterFunction' of type [org.springframework.cloud.client.loadbalancer.reactive.DeferringLoadBalancerExchangeFilterFunction] is not eligible for getting processed by all BeanPostProcessors (for example: not eligible for auto-proxying)
2026-04-25T19:55:59.315+08:00 ERROR 2643 --- [           main] i.n.r.d.DnsServerAddressStreamProviders  : Unable to load io.netty.resolver.dns.macos.MacOSDnsServerAddressStreamProvider, fallback to system defaults. This may result in incorrect DNS resolutions on MacOS. Check whether you have a dependency on 'io.netty:netty-resolver-dns-native-macos'. Use DEBUG level to see the full stack: java.lang.UnsatisfiedLinkError: failed to load the required native library
2026-04-25T19:55:59.519+08:00 DEBUG 2643 --- [           main] o.s.c.gateway.config.GatewayProperties   : Routes supplied from Gateway Properties: [RouteDefinition{id='shiyiju-user', predicates=[PredicateDefinition{name='Path', args={_genkey_0=/api/user/**}}], filters=[FilterDefinition{name='StripPrefix', args={_genkey_0=1}}], uri=http://localhost:8081, order=0, metadata={}}, RouteDefinition{id='shiyiju-product', predicates=[PredicateDefinition{name='Path', args={_genkey_0=/api/product/**}}], filters=[FilterDefinition{name='StripPrefix', args={_genkey_0=1}}], uri=http://localhost:8082, order=0, metadata={}}, RouteDefinition{id='shiyiju-order', predicates=[PredicateDefinition{name='Path', args={_genkey_0=/api/order/**}}], filters=[FilterDefinition{name='StripPrefix', args={_genkey_0=1}}], uri=http://localhost:8083, order=0, metadata={}}, RouteDefinition{id='shiyiju-auction', predicates=[PredicateDefinition{name='Path', args={_genkey_0=/api/auction/**}}], filters=[FilterDefinition{name='StripPrefix', args={_genkey_0=1}}], uri=http://localhost:8084, order=0, metadata={}}, RouteDefinition{id='shiyiju-promotion', predicates=[PredicateDefinition{name='Path', args={_genkey_0=/api/promotion/**}}], filters=[FilterDefinition{name='StripPrefix', args={_genkey_0=1}}], uri=http://localhost:8085, order=0, metadata={}}, RouteDefinition{id='shiyiju-promoter', predicates=[PredicateDefinition{name='Path', args={_genkey_0=/api/promoter/**}}], filters=[FilterDefinition{name='StripPrefix', args={_genkey_0=1}}], uri=http://localhost:8085, order=0, metadata={}}, RouteDefinition{id='shiyiju-community', predicates=[PredicateDefinition{name='Path', args={_genkey_0=/api/community/**}}], filters=[FilterDefinition{name='StripPrefix', args={_genkey_0=1}}], uri=http://localhost:8086, order=0, metadata={}}, RouteDefinition{id='shiyiju-message', predicates=[PredicateDefinition{name='Path', args={_genkey_0=/api/message/**}}], filters=[FilterDefinition{name='StripPrefix', args={_genkey_0=1}}], uri=http://localhost:8088, order=0, metadata={}}, RouteDefinition{id='shiyiju-file', predicates=[PredicateDefinition{name='Path', args={_genkey_0=/api/file/**}}], filters=[FilterDefinition{name='StripPrefix', args={_genkey_0=1}}], uri=http://localhost:8087, order=0, metadata={}}, RouteDefinition{id='shiyiju-admin-product', predicates=[PredicateDefinition{name='Path', args={_genkey_0=/product/list, _genkey_1=/product/categories, _genkey_2=/product/audit/list}}], filters=[FilterDefinition{name='RewritePath', args={_genkey_0=/product(?<segment>/?.*), _genkey_1=/admin/product$\{segment}}}], uri=http://localhost:8090, order=0, metadata={}}, RouteDefinition{id='shiyiju-product-update', predicates=[PredicateDefinition{name='Path', args={_genkey_0=/product/create, _genkey_1=/product/update, _genkey_2=/product/delete, _genkey_3=/product/upload, _genkey_4=/product/favorite, _genkey_5=/product/favorites}}], filters=[FilterDefinition{name='RewritePath', args={_genkey_0=/product(?<segment>/?.*), _genkey_1=/product$\{segment}}}], uri=http://localhost:8082, order=0, metadata={}}, RouteDefinition{id='shiyiju-product-direct', predicates=[PredicateDefinition{name='Path', args={_genkey_0=/product/{id}/**, _genkey_1=/product/{id}}}], filters=[FilterDefinition{name='RewritePath', args={_genkey_0=/product/(?<segment>.*), _genkey_1=/product/$\{segment}}}], uri=http://localhost:8082, order=0, metadata={}}, RouteDefinition{id='shiyiju-admin-order', predicates=[PredicateDefinition{name='Path', args={_genkey_0=/order/list, _genkey_1=/order/aftersale/list}}], filters=[FilterDefinition{name='RewritePath', args={_genkey_0=/order(?<segment>/?.*), _genkey_1=/admin/order$\{segment}}}], uri=http://localhost:8090, order=0, metadata={}}, RouteDefinition{id='shiyiju-admin-artist', predicates=[PredicateDefinition{name='Path', args={_genkey_0=/user/artist/list, _genkey_1=/user/artist/approve, _genkey_2=/user/artist/reject}}], filters=[FilterDefinition{name='RewritePath', args={_genkey_0=/user/artist(?<segment>/?.*), _genkey_1=/admin/user/artist$\{segment}}}], uri=http://localhost:8090, order=0, metadata={}}, RouteDefinition{id='shiyiju-user-artist-search', predicates=[PredicateDefinition{name='Path', args={_genkey_0=/user/artist/search}}], filters=[FilterDefinition{name='RewritePath', args={_genkey_0=/user/artist(?<segment>/?.*), _genkey_1=/artist$\{segment}}}], uri=http://localhost:8081, order=0, metadata={}}, RouteDefinition{id='shiyiju-admin-promoter', predicates=[PredicateDefinition{name='Path', args={_genkey_0=/user/promoter/list, _genkey_1=/user/promoter/add, _genkey_2=/user/promoter/freeze}}], filters=[FilterDefinition{name='RewritePath', args={_genkey_0=/user/promoter(?<segment>/?.*), _genkey_1=/admin/user/promoter$\{segment}}}], uri=http://localhost:8090, order=0, metadata={}}, RouteDefinition{id='shiyiju-admin-community', predicates=[PredicateDefinition{name='Path', args={_genkey_0=/community/topic/list, _genkey_1=/community/comment/list, _genkey_2=/community/post/list}}], filters=[FilterDefinition{name='RewritePath', args={_genkey_0=/community(?<segment>/?.*), _genkey_1=/admin/community$\{segment}}}], uri=http://localhost:8090, order=0, metadata={}}, RouteDefinition{id='shiyiju-admin-auction', predicates=[PredicateDefinition{name='Path', args={_genkey_0=/auction/session/list}}], filters=[FilterDefinition{name='RewritePath', args={_genkey_0=/auction/session/list, _genkey_1=/admin/auction/sessions}}], uri=http://localhost:8090, order=0, metadata={}}, RouteDefinition{id='shiyiju-admin-auction-other', predicates=[PredicateDefinition{name='Path', args={_genkey_0=/auction/lot/list, _genkey_1=/auction/record/list, _genkey_2=/auction/admin/stats, _genkey_3=/auction/admin/session-rank, _genkey_4=/auction/admin/artist-rank, _genkey_5=/auction/admin/deals, _genkey_6=/auction/admin/trend, _genkey_7=/auction/sessions}}], filters=[FilterDefinition{name='RewritePath', args={_genkey_0=/auction(?<segment>/?.*), _genkey_1=/admin/auction$\{segment}}}], uri=http://localhost:8090, order=0, metadata={}}, RouteDefinition{id='shiyiju-admin-promotion', predicates=[PredicateDefinition{name='Path', args={_genkey_0=/promotion/commission/list, _genkey_1=/promotion/withdraw/list, _genkey_2=/promotion/admin/stats, _genkey_3=/promotion/admin/rank, _genkey_4=/promotion/admin/team-list, _genkey_5=/promotion/admin/trend}}], filters=[FilterDefinition{name='RewritePath', args={_genkey_0=/promotion(?<segment>/?.*), _genkey_1=/admin/promotion$\{segment}}}], uri=http://localhost:8090, order=0, metadata={}}, RouteDefinition{id='shiyiju-admin-system', predicates=[PredicateDefinition{name='Path', args={_genkey_0=/system/admin/list, _genkey_1=/system/banner/list, _genkey_2=/system/operation-log/list, _genkey_3=/system/operation-log/stats}}], filters=[FilterDefinition{name='RewritePath', args={_genkey_0=/system(?<segment>/?.*), _genkey_1=/admin$\{segment}}}], uri=http://localhost:8090, order=0, metadata={}}, RouteDefinition{id='shiyiju-admin-message', predicates=[PredicateDefinition{name='Path', args={_genkey_0=/message/list, _genkey_1=/message/send, _genkey_2=/message/template/list}}], filters=[FilterDefinition{name='RewritePath', args={_genkey_0=/message(?<segment>/?.*), _genkey_1=/admin/message$\{segment}}}], uri=http://localhost:8090, order=0, metadata={}}, RouteDefinition{id='shiyiju-admin', predicates=[PredicateDefinition{name='Path', args={_genkey_0=/api/admin/**}}], filters=[FilterDefinition{name='RewritePath', args={_genkey_0=/api/admin(?<segment>/?.*), _genkey_1=/admin$\{segment}}}], uri=http://localhost:8090, order=0, metadata={}}]
2026-04-25T19:55:59.566+08:00  INFO 2643 --- [           main] o.s.c.g.r.RouteDefinitionRouteLocator    : Loaded RoutePredicateFactory [After]
2026-04-25T19:55:59.566+08:00  INFO 2643 --- [           main] o.s.c.g.r.RouteDefinitionRouteLocator    : Loaded RoutePredicateFactory [Before]
2026-04-25T19:55:59.566+08:00  INFO 2643 --- [           main] o.s.c.g.r.RouteDefinitionRouteLocator    : Loaded RoutePredicateFactory [Between]
2026-04-25T19:55:59.566+08:00  INFO 2643 --- [           main] o.s.c.g.r.RouteDefinitionRouteLocator    : Loaded RoutePredicateFactory [Cookie]
2026-04-25T19:55:59.566+08:00  INFO 2643 --- [           main] o.s.c.g.r.RouteDefinitionRouteLocator    : Loaded RoutePredicateFactory [Header]
2026-04-25T19:55:59.566+08:00  INFO 2643 --- [           main] o.s.c.g.r.RouteDefinitionRouteLocator    : Loaded RoutePredicateFactory [Host]
2026-04-25T19:55:59.566+08:00  INFO 2643 --- [           main] o.s.c.g.r.RouteDefinitionRouteLocator    : Loaded RoutePredicateFactory [Method]
2026-04-25T19:55:59.566+08:00  INFO 2643 --- [           main] o.s.c.g.r.RouteDefinitionRouteLocator    : Loaded RoutePredicateFactory [Path]
2026-04-25T19:55:59.566+08:00  INFO 2643 --- [           main] o.s.c.g.r.RouteDefinitionRouteLocator    : Loaded RoutePredicateFactory [Query]
2026-04-25T19:55:59.566+08:00  INFO 2643 --- [           main] o.s.c.g.r.RouteDefinitionRouteLocator    : Loaded RoutePredicateFactory [ReadBody]
2026-04-25T19:55:59.566+08:00  INFO 2643 --- [           main] o.s.c.g.r.RouteDefinitionRouteLocator    : Loaded RoutePredicateFactory [RemoteAddr]
2026-04-25T19:55:59.566+08:00  INFO 2643 --- [           main] o.s.c.g.r.RouteDefinitionRouteLocator    : Loaded RoutePredicateFactory [XForwardedRemoteAddr]
2026-04-25T19:55:59.566+08:00  INFO 2643 --- [           main] o.s.c.g.r.RouteDefinitionRouteLocator    : Loaded RoutePredicateFactory [Weight]
2026-04-25T19:55:59.566+08:00  INFO 2643 --- [           main] o.s.c.g.r.RouteDefinitionRouteLocator    : Loaded RoutePredicateFactory [CloudFoundryRouteService]
2026-04-25T19:55:59.660+08:00  WARN 2643 --- [           main] iguration$LoadBalancerCaffeineWarnLogger : Spring Cloud LoadBalancer is currently working with the default cache. While this cache implementation is useful for development and tests, it's recommended to use Caffeine cache in production.You can switch to using Caffeine cache, by adding it and org.springframework.cache.caffeine.CaffeineCacheManager to the classpath.
2026-04-25T19:55:59.694+08:00  INFO 2643 --- [           main] o.s.b.web.embedded.netty.NettyWebServer  : Netty started on port 8080
2026-04-25T19:55:59.707+08:00 DEBUG 2643 --- [           main] o.s.c.g.r.RouteDefinitionRouteLocator    : RouteDefinition shiyiju-user applying {_genkey_0=/api/user/**} to Path
2026-04-25T19:55:59.715+08:00 DEBUG 2643 --- [           main] o.s.c.g.r.RouteDefinitionRouteLocator    : RouteDefinition shiyiju-user applying filter {_genkey_0=1} to StripPrefix
2026-04-25T19:55:59.718+08:00 DEBUG 2643 --- [           main] o.s.c.g.r.RouteDefinitionRouteLocator    : RouteDefinition matched: shiyiju-user
2026-04-25T19:55:59.718+08:00 DEBUG 2643 --- [           main] o.s.c.g.r.RouteDefinitionRouteLocator    : RouteDefinition shiyiju-product applying {_genkey_0=/api/product/**} to Path
2026-04-25T19:55:59.718+08:00 DEBUG 2643 --- [           main] o.s.c.g.r.RouteDefinitionRouteLocator    : RouteDefinition shiyiju-product applying filter {_genkey_0=1} to StripPrefix
2026-04-25T19:55:59.719+08:00 DEBUG 2643 --- [           main] o.s.c.g.r.RouteDefinitionRouteLocator    : RouteDefinition matched: shiyiju-product
2026-04-25T19:55:59.719+08:00 DEBUG 2643 --- [           main] o.s.c.g.r.RouteDefinitionRouteLocator    : RouteDefinition shiyiju-order applying {_genkey_0=/api/order/**} to Path
2026-04-25T19:55:59.719+08:00 DEBUG 2643 --- [           main] o.s.c.g.r.RouteDefinitionRouteLocator    : RouteDefinition shiyiju-order applying filter {_genkey_0=1} to StripPrefix
2026-04-25T19:55:59.719+08:00 DEBUG 2643 --- [           main] o.s.c.g.r.RouteDefinitionRouteLocator    : RouteDefinition matched: shiyiju-order
2026-04-25T19:55:59.719+08:00 DEBUG 2643 --- [           main] o.s.c.g.r.RouteDefinitionRouteLocator    : RouteDefinition shiyiju-auction applying {_genkey_0=/api/auction/**} to Path
2026-04-25T19:55:59.719+08:00 DEBUG 2643 --- [           main] o.s.c.g.r.RouteDefinitionRouteLocator    : RouteDefinition shiyiju-auction applying filter {_genkey_0=1} to StripPrefix
2026-04-25T19:55:59.720+08:00 DEBUG 2643 --- [           main] o.s.c.g.r.RouteDefinitionRouteLocator    : RouteDefinition matched: shiyiju-auction
2026-04-25T19:55:59.720+08:00 DEBUG 2643 --- [           main] o.s.c.g.r.RouteDefinitionRouteLocator    : RouteDefinition shiyiju-promotion applying {_genkey_0=/api/promotion/**} to Path
2026-04-25T19:55:59.720+08:00 DEBUG 2643 --- [           main] o.s.c.g.r.RouteDefinitionRouteLocator    : RouteDefinition shiyiju-promotion applying filter {_genkey_0=1} to StripPrefix
2026-04-25T19:55:59.720+08:00 DEBUG 2643 --- [           main] o.s.c.g.r.RouteDefinitionRouteLocator    : RouteDefinition matched: shiyiju-promotion
2026-04-25T19:55:59.720+08:00 DEBUG 2643 --- [           main] o.s.c.g.r.RouteDefinitionRouteLocator    : RouteDefinition shiyiju-promoter applying {_genkey_0=/api/promoter/**} to Path
2026-04-25T19:55:59.720+08:00 DEBUG 2643 --- [           main] o.s.c.g.r.RouteDefinitionRouteLocator    : RouteDefinition shiyiju-promoter applying filter {_genkey_0=1} to StripPrefix
2026-04-25T19:55:59.721+08:00 DEBUG 2643 --- [           main] o.s.c.g.r.RouteDefinitionRouteLocator    : RouteDefinition matched: shiyiju-promoter
2026-04-25T19:55:59.721+08:00 DEBUG 2643 --- [           main] o.s.c.g.r.RouteDefinitionRouteLocator    : RouteDefinition shiyiju-community applying {_genkey_0=/api/community/**} to Path
2026-04-25T19:55:59.721+08:00 DEBUG 2643 --- [           main] o.s.c.g.r.RouteDefinitionRouteLocator    : RouteDefinition shiyiju-community applying filter {_genkey_0=1} to StripPrefix
2026-04-25T19:55:59.721+08:00 DEBUG 2643 --- [           main] o.s.c.g.r.RouteDefinitionRouteLocator    : RouteDefinition matched: shiyiju-community
2026-04-25T19:55:59.721+08:00 DEBUG 2643 --- [           main] o.s.c.g.r.RouteDefinitionRouteLocator    : RouteDefinition shiyiju-message applying {_genkey_0=/api/message/**} to Path
2026-04-25T19:55:59.721+08:00 DEBUG 2643 --- [           main] o.s.c.g.r.RouteDefinitionRouteLocator    : RouteDefinition shiyiju-message applying filter {_genkey_0=1} to StripPrefix
2026-04-25T19:55:59.721+08:00 DEBUG 2643 --- [           main] o.s.c.g.r.RouteDefinitionRouteLocator    : RouteDefinition matched: shiyiju-message
2026-04-25T19:55:59.721+08:00 DEBUG 2643 --- [           main] o.s.c.g.r.RouteDefinitionRouteLocator    : RouteDefinition shiyiju-file applying {_genkey_0=/api/file/**} to Path
2026-04-25T19:55:59.722+08:00 DEBUG 2643 --- [           main] o.s.c.g.r.RouteDefinitionRouteLocator    : RouteDefinition shiyiju-file applying filter {_genkey_0=1} to StripPrefix
2026-04-25T19:55:59.722+08:00 DEBUG 2643 --- [           main] o.s.c.g.r.RouteDefinitionRouteLocator    : RouteDefinition matched: shiyiju-file
2026-04-25T19:55:59.722+08:00 DEBUG 2643 --- [           main] o.s.c.g.r.RouteDefinitionRouteLocator    : RouteDefinition shiyiju-admin-product applying {_genkey_0=/product/list, _genkey_1=/product/categories, _genkey_2=/product/audit/list} to Path
2026-04-25T19:55:59.722+08:00 DEBUG 2643 --- [           main] o.s.c.g.r.RouteDefinitionRouteLocator    : RouteDefinition shiyiju-admin-product applying filter {_genkey_0=/product(?<segment>/?.*), _genkey_1=/admin/product$\{segment}} to RewritePath
2026-04-25T19:55:59.725+08:00 DEBUG 2643 --- [           main] o.s.c.g.r.RouteDefinitionRouteLocator    : RouteDefinition matched: shiyiju-admin-product
2026-04-25T19:55:59.725+08:00 DEBUG 2643 --- [           main] o.s.c.g.r.RouteDefinitionRouteLocator    : RouteDefinition shiyiju-product-update applying {_genkey_0=/product/create, _genkey_1=/product/update, _genkey_2=/product/delete, _genkey_3=/product/upload, _genkey_4=/product/favorite, _genkey_5=/product/favorites} to Path
2026-04-25T19:55:59.726+08:00 DEBUG 2643 --- [           main] o.s.c.g.r.RouteDefinitionRouteLocator    : RouteDefinition shiyiju-product-update applying filter {_genkey_0=/product(?<segment>/?.*), _genkey_1=/product$\{segment}} to RewritePath
2026-04-25T19:55:59.726+08:00 DEBUG 2643 --- [           main] o.s.c.g.r.RouteDefinitionRouteLocator    : RouteDefinition matched: shiyiju-product-update
2026-04-25T19:55:59.726+08:00 DEBUG 2643 --- [           main] o.s.c.g.r.RouteDefinitionRouteLocator    : RouteDefinition shiyiju-product-direct applying {_genkey_0=/product/{id}/**, _genkey_1=/product/{id}} to Path
2026-04-25T19:55:59.726+08:00 DEBUG 2643 --- [           main] o.s.c.g.r.RouteDefinitionRouteLocator    : RouteDefinition shiyiju-product-direct applying filter {_genkey_0=/product/(?<segment>.*), _genkey_1=/product/$\{segment}} to RewritePath
2026-04-25T19:55:59.728+08:00 DEBUG 2643 --- [           main] o.s.c.g.r.RouteDefinitionRouteLocator    : RouteDefinition matched: shiyiju-product-direct
2026-04-25T19:55:59.728+08:00 DEBUG 2643 --- [           main] o.s.c.g.r.RouteDefinitionRouteLocator    : RouteDefinition shiyiju-admin-order applying {_genkey_0=/order/list, _genkey_1=/order/aftersale/list} to Path
2026-04-25T19:55:59.728+08:00 DEBUG 2643 --- [           main] o.s.c.g.r.RouteDefinitionRouteLocator    : RouteDefinition shiyiju-admin-order applying filter {_genkey_0=/order(?<segment>/?.*), _genkey_1=/admin/order$\{segment}} to RewritePath
2026-04-25T19:55:59.728+08:00 DEBUG 2643 --- [           main] o.s.c.g.r.RouteDefinitionRouteLocator    : RouteDefinition matched: shiyiju-admin-order
2026-04-25T19:55:59.728+08:00 DEBUG 2643 --- [           main] o.s.c.g.r.RouteDefinitionRouteLocator    : RouteDefinition shiyiju-admin-artist applying {_genkey_0=/user/artist/list, _genkey_1=/user/artist/approve, _genkey_2=/user/artist/reject} to Path
2026-04-25T19:55:59.729+08:00 DEBUG 2643 --- [           main] o.s.c.g.r.RouteDefinitionRouteLocator    : RouteDefinition shiyiju-admin-artist applying filter {_genkey_0=/user/artist(?<segment>/?.*), _genkey_1=/admin/user/artist$\{segment}} to RewritePath
2026-04-25T19:55:59.729+08:00 DEBUG 2643 --- [           main] o.s.c.g.r.RouteDefinitionRouteLocator    : RouteDefinition matched: shiyiju-admin-artist
2026-04-25T19:55:59.729+08:00 DEBUG 2643 --- [           main] o.s.c.g.r.RouteDefinitionRouteLocator    : RouteDefinition shiyiju-user-artist-search applying {_genkey_0=/user/artist/search} to Path
2026-04-25T19:55:59.729+08:00 DEBUG 2643 --- [           main] o.s.c.g.r.RouteDefinitionRouteLocator    : RouteDefinition shiyiju-user-artist-search applying filter {_genkey_0=/user/artist(?<segment>/?.*), _genkey_1=/artist$\{segment}} to RewritePath
2026-04-25T19:55:59.729+08:00 DEBUG 2643 --- [           main] o.s.c.g.r.RouteDefinitionRouteLocator    : RouteDefinition matched: shiyiju-user-artist-search
2026-04-25T19:55:59.729+08:00 DEBUG 2643 --- [           main] o.s.c.g.r.RouteDefinitionRouteLocator    : RouteDefinition shiyiju-admin-promoter applying {_genkey_0=/user/promoter/list, _genkey_1=/user/promoter/add, _genkey_2=/user/promoter/freeze} to Path
2026-04-25T19:55:59.730+08:00 DEBUG 2643 --- [           main] o.s.c.g.r.RouteDefinitionRouteLocator    : RouteDefinition shiyiju-admin-promoter applying filter {_genkey_0=/user/promoter(?<segment>/?.*), _genkey_1=/admin/user/promoter$\{segment}} to RewritePath
2026-04-25T19:55:59.730+08:00 DEBUG 2643 --- [           main] o.s.c.g.r.RouteDefinitionRouteLocator    : RouteDefinition matched: shiyiju-admin-promoter
2026-04-25T19:55:59.730+08:00 DEBUG 2643 --- [           main] o.s.c.g.r.RouteDefinitionRouteLocator    : RouteDefinition shiyiju-admin-community applying {_genkey_0=/community/topic/list, _genkey_1=/community/comment/list, _genkey_2=/community/post/list} to Path
2026-04-25T19:55:59.730+08:00 DEBUG 2643 --- [           main] o.s.c.g.r.RouteDefinitionRouteLocator    : RouteDefinition shiyiju-admin-community applying filter {_genkey_0=/community(?<segment>/?.*), _genkey_1=/admin/community$\{segment}} to RewritePath
2026-04-25T19:55:59.730+08:00 DEBUG 2643 --- [           main] o.s.c.g.r.RouteDefinitionRouteLocator    : RouteDefinition matched: shiyiju-admin-community
2026-04-25T19:55:59.730+08:00 DEBUG 2643 --- [           main] o.s.c.g.r.RouteDefinitionRouteLocator    : RouteDefinition shiyiju-admin-auction applying {_genkey_0=/auction/session/list} to Path
2026-04-25T19:55:59.731+08:00 DEBUG 2643 --- [           main] o.s.c.g.r.RouteDefinitionRouteLocator    : RouteDefinition shiyiju-admin-auction applying filter {_genkey_0=/auction/session/list, _genkey_1=/admin/auction/sessions} to RewritePath
2026-04-25T19:55:59.731+08:00 DEBUG 2643 --- [           main] o.s.c.g.r.RouteDefinitionRouteLocator    : RouteDefinition matched: shiyiju-admin-auction
2026-04-25T19:55:59.731+08:00 DEBUG 2643 --- [           main] o.s.c.g.r.RouteDefinitionRouteLocator    : RouteDefinition shiyiju-admin-auction-other applying {_genkey_0=/auction/lot/list, _genkey_1=/auction/record/list, _genkey_2=/auction/admin/stats, _genkey_3=/auction/admin/session-rank, _genkey_4=/auction/admin/artist-rank, _genkey_5=/auction/admin/deals, _genkey_6=/auction/admin/trend, _genkey_7=/auction/sessions} to Path
2026-04-25T19:55:59.731+08:00 DEBUG 2643 --- [           main] o.s.c.g.r.RouteDefinitionRouteLocator    : RouteDefinition shiyiju-admin-auction-other applying filter {_genkey_0=/auction(?<segment>/?.*), _genkey_1=/admin/auction$\{segment}} to RewritePath
2026-04-25T19:55:59.731+08:00 DEBUG 2643 --- [           main] o.s.c.g.r.RouteDefinitionRouteLocator    : RouteDefinition matched: shiyiju-admin-auction-other
2026-04-25T19:55:59.731+08:00 DEBUG 2643 --- [           main] o.s.c.g.r.RouteDefinitionRouteLocator    : RouteDefinition shiyiju-admin-promotion applying {_genkey_0=/promotion/commission/list, _genkey_1=/promotion/withdraw/list, _genkey_2=/promotion/admin/stats, _genkey_3=/promotion/admin/rank, _genkey_4=/promotion/admin/team-list, _genkey_5=/promotion/admin/trend} to Path
2026-04-25T19:55:59.732+08:00 DEBUG 2643 --- [           main] o.s.c.g.r.RouteDefinitionRouteLocator    : RouteDefinition shiyiju-admin-promotion applying filter {_genkey_0=/promotion(?<segment>/?.*), _genkey_1=/admin/promotion$\{segment}} to RewritePath
2026-04-25T19:55:59.732+08:00 DEBUG 2643 --- [           main] o.s.c.g.r.RouteDefinitionRouteLocator    : RouteDefinition matched: shiyiju-admin-promotion
2026-04-25T19:55:59.732+08:00 DEBUG 2643 --- [           main] o.s.c.g.r.RouteDefinitionRouteLocator    : RouteDefinition shiyiju-admin-system applying {_genkey_0=/system/admin/list, _genkey_1=/system/banner/list, _genkey_2=/system/operation-log/list, _genkey_3=/system/operation-log/stats} to Path
2026-04-25T19:55:59.732+08:00 DEBUG 2643 --- [           main] o.s.c.g.r.RouteDefinitionRouteLocator    : RouteDefinition shiyiju-admin-system applying filter {_genkey_0=/system(?<segment>/?.*), _genkey_1=/admin$\{segment}} to RewritePath
2026-04-25T19:55:59.732+08:00 DEBUG 2643 --- [           main] o.s.c.g.r.RouteDefinitionRouteLocator    : RouteDefinition matched: shiyiju-admin-system
2026-04-25T19:55:59.732+08:00 DEBUG 2643 --- [           main] o.s.c.g.r.RouteDefinitionRouteLocator    : RouteDefinition shiyiju-admin-message applying {_genkey_0=/message/list, _genkey_1=/message/send, _genkey_2=/message/template/list} to Path
2026-04-25T19:55:59.733+08:00 DEBUG 2643 --- [           main] o.s.c.g.r.RouteDefinitionRouteLocator    : RouteDefinition shiyiju-admin-message applying filter {_genkey_0=/message(?<segment>/?.*), _genkey_1=/admin/message$\{segment}} to RewritePath
2026-04-25T19:55:59.733+08:00 DEBUG 2643 --- [           main] o.s.c.g.r.RouteDefinitionRouteLocator    : RouteDefinition matched: shiyiju-admin-message
2026-04-25T19:55:59.733+08:00 DEBUG 2643 --- [           main] o.s.c.g.r.RouteDefinitionRouteLocator    : RouteDefinition shiyiju-admin applying {_genkey_0=/api/admin/**} to Path
2026-04-25T19:55:59.733+08:00 DEBUG 2643 --- [           main] o.s.c.g.r.RouteDefinitionRouteLocator    : RouteDefinition shiyiju-admin applying filter {_genkey_0=/api/admin(?<segment>/?.*), _genkey_1=/admin$\{segment}} to RewritePath
2026-04-25T19:55:59.733+08:00 DEBUG 2643 --- [           main] o.s.c.g.r.RouteDefinitionRouteLocator    : RouteDefinition matched: shiyiju-admin
2026-04-25T19:55:59.745+08:00  INFO 2643 --- [           main] com.shiyiju.gateway.GatewayApplication   : Started GatewayApplication in 1.193 seconds (process running for 1.411)
