
  .   ____          _            __ _ _
 /\\ / ___'_ __ _ _(_)_ __  __ _ \ \ \ \
( ( )\___ | '_ | '_| | '_ \/ _` | \ \ \ \
 \\/  ___)| |_)| | | | | || (_| |  ) ) ) )
  '  |____| .__|_| |_|_| |_\__, | / / / /
 =========|_|==============|___/=/_/_/_/
 :: Spring Boot ::                (v3.1.5)

2026-04-28T09:12:13.275+08:00  INFO 51049 --- [           main] com.shiyiju.admin.AdminApplication       : Starting AdminApplication using Java 17.0.19 with PID 51049 (/Users/master/CodeBuddy/art12/backend/deploy-admin/shiyiju-admin/shiyiju-admin-1.0.0-SNAPSHOT.jar started by master in /Users/master/CodeBuddy/art12/backend/deploy-admin/shiyiju-admin)
2026-04-28T09:12:13.276+08:00  INFO 51049 --- [           main] com.shiyiju.admin.AdminApplication       : No active profile set, falling back to 1 default profile: "default"
2026-04-28T09:12:13.554+08:00  INFO 51049 --- [           main] .s.d.r.c.RepositoryConfigurationDelegate : Multiple Spring Data modules found, entering strict repository configuration mode
2026-04-28T09:12:13.555+08:00  INFO 51049 --- [           main] .s.d.r.c.RepositoryConfigurationDelegate : Bootstrapping Spring Data Redis repositories in DEFAULT mode.
2026-04-28T09:12:13.567+08:00  INFO 51049 --- [           main] .s.d.r.c.RepositoryConfigurationDelegate : Finished Spring Data repository scanning in 6 ms. Found 0 Redis repository interfaces.
2026-04-28T09:12:13.838+08:00  INFO 51049 --- [           main] o.s.b.w.embedded.tomcat.TomcatWebServer  : Tomcat initialized with port(s): 8090 (http)
2026-04-28T09:12:13.843+08:00  INFO 51049 --- [           main] o.apache.catalina.core.StandardService   : Starting service [Tomcat]
2026-04-28T09:12:13.843+08:00  INFO 51049 --- [           main] o.apache.catalina.core.StandardEngine    : Starting Servlet engine: [Apache Tomcat/10.1.15]
2026-04-28T09:12:13.880+08:00  INFO 51049 --- [           main] o.a.c.c.C.[Tomcat].[localhost].[/]       : Initializing Spring embedded WebApplicationContext
2026-04-28T09:12:13.880+08:00  INFO 51049 --- [           main] w.s.c.ServletWebServerApplicationContext : Root WebApplicationContext: initialization completed in 584 ms
Logging initialized using 'class org.apache.ibatis.logging.stdout.StdOutImpl' adapter.
Get /192.168.1.176 network interface 
Get network interface info: name:en1 (en1)
Initialization Sequence datacenterId:13 workerId:23
 _ _   |_  _ _|_. ___ _ |    _ 
| | |\/|_)(_| | |_\  |_)||_|_\ 
     /               |         
                        3.5.8 
2026-04-28T09:12:14.104+08:00  INFO 51049 --- [           main] com.zaxxer.hikari.HikariDataSource       : HikariPool-1 - Starting...
2026-04-28T09:12:14.173+08:00  INFO 51049 --- [           main] com.zaxxer.hikari.pool.HikariPool        : HikariPool-1 - Added connection com.mysql.cj.jdbc.ConnectionImpl@36c54a56
2026-04-28T09:12:14.176+08:00  INFO 51049 --- [           main] com.zaxxer.hikari.HikariDataSource       : HikariPool-1 - Start completed.
2026-04-28T09:12:14.387+08:00  INFO 51049 --- [           main] o.s.b.a.w.s.WelcomePageHandlerMapping    : Adding welcome page: class path resource [static/index.html]
2026-04-28T09:12:14.526+08:00 ERROR 51049 --- [           main] c.b.m.core.MybatisConfiguration          : mapper[com.shiyiju.admin.mapper.PromoterRecordMapper.countByLevel] is ignored, because it exists, maybe from xml file
2026-04-28T09:12:14.587+08:00  INFO 51049 --- [           main] o.s.b.w.embedded.tomcat.TomcatWebServer  : Tomcat started on port(s): 8090 (http) with context path ''
2026-04-28T09:12:14.591+08:00  INFO 51049 --- [           main] com.shiyiju.admin.AdminApplication       : Started AdminApplication in 1.454 seconds (process running for 1.653)
2026-04-28T09:12:27.434+08:00  INFO 51049 --- [nio-8090-exec-1] o.a.c.c.C.[Tomcat].[localhost].[/]       : Initializing Spring DispatcherServlet 'dispatcherServlet'
2026-04-28T09:12:27.434+08:00  INFO 51049 --- [nio-8090-exec-1] o.s.web.servlet.DispatcherServlet        : Initializing Servlet 'dispatcherServlet'
2026-04-28T09:12:27.435+08:00  INFO 51049 --- [nio-8090-exec-1] o.s.web.servlet.DispatcherServlet        : Completed initialization in 1 ms
2026-04-28T20:33:25.102+08:00  WARN 51049 --- [nio-8090-exec-9] ocalVariableTableParameterNameDiscoverer : Using deprecated '-debug' fallback for parameter name resolution. Compile the affected code with '-parameters' instead or avoid its introspection: com.shiyiju.admin.controller.ProductAdminController
2026-04-28T20:52:42.009+08:00  WARN 51049 --- [nio-8090-exec-5] ocalVariableTableParameterNameDiscoverer : Using deprecated '-debug' fallback for parameter name resolution. Compile the affected code with '-parameters' instead or avoid its introspection: com.shiyiju.admin.controller.OrderAdminController
2026-04-28T20:52:44.780+08:00  WARN 51049 --- [nio-8090-exec-9] ocalVariableTableParameterNameDiscoverer : Using deprecated '-debug' fallback for parameter name resolution. Compile the affected code with '-parameters' instead or avoid its introspection: com.shiyiju.admin.controller.AuctionAdminController
2026-04-28T21:48:36.340+08:00  INFO 51049 --- [ionShutdownHook] com.zaxxer.hikari.HikariDataSource       : HikariPool-1 - Shutdown initiated...
2026-04-28T21:48:36.342+08:00  INFO 51049 --- [ionShutdownHook] com.zaxxer.hikari.HikariDataSource       : HikariPool-1 - Shutdown completed.
