
  .   ____          _            __ _ _
 /\\ / ___'_ __ _ _(_)_ __  __ _ \ \ \ \
( ( )\___ | '_ | '_| | '_ \/ _` | \ \ \ \
 \\/  ___)| |_)| | | | | || (_| |  ) ) ) )
  '  |____| .__|_| |_|_| |_\__, | / / / /
 =========|_|==============|___/=/_/_/_/
 :: Spring Boot ::                (v3.1.5)

2026-04-22T20:21:08.954+08:00  INFO 78135 --- [           main] com.shiyiju.admin.AdminApplication       : Starting AdminApplication using Java 17.0.18 with PID 78135 (/Users/master/CodeBuddy/art12/backend/shiyiju-admin/target/shiyiju-admin-1.0.0-SNAPSHOT.jar started by master in /Users/master/CodeBuddy/art12/backend/shiyiju-admin)
2026-04-22T20:21:08.955+08:00  INFO 78135 --- [           main] com.shiyiju.admin.AdminApplication       : No active profile set, falling back to 1 default profile: "default"
2026-04-22T20:21:09.236+08:00  INFO 78135 --- [           main] .s.d.r.c.RepositoryConfigurationDelegate : Multiple Spring Data modules found, entering strict repository configuration mode
2026-04-22T20:21:09.237+08:00  INFO 78135 --- [           main] .s.d.r.c.RepositoryConfigurationDelegate : Bootstrapping Spring Data Redis repositories in DEFAULT mode.
2026-04-22T20:21:09.245+08:00  INFO 78135 --- [           main] .s.d.r.c.RepositoryConfigurationDelegate : Finished Spring Data repository scanning in 3 ms. Found 0 Redis repository interfaces.
2026-04-22T20:21:09.281+08:00  WARN 78135 --- [           main] o.m.s.mapper.ClassPathMapperScanner      : No MyBatis mapper was found in '[com.shiyiju.admin.mapper]' package. Please check your configuration.
2026-04-22T20:21:09.453+08:00  INFO 78135 --- [           main] o.s.b.w.embedded.tomcat.TomcatWebServer  : Tomcat initialized with port(s): 8090 (http)
2026-04-22T20:21:09.457+08:00  INFO 78135 --- [           main] o.apache.catalina.core.StandardService   : Starting service [Tomcat]
2026-04-22T20:21:09.457+08:00  INFO 78135 --- [           main] o.apache.catalina.core.StandardEngine    : Starting Servlet engine: [Apache Tomcat/10.1.15]
2026-04-22T20:21:09.487+08:00  INFO 78135 --- [           main] o.a.c.c.C.[Tomcat].[localhost].[/]       : Initializing Spring embedded WebApplicationContext
2026-04-22T20:21:09.488+08:00  INFO 78135 --- [           main] w.s.c.ServletWebServerApplicationContext : Root WebApplicationContext: initialization completed in 511 ms
Logging initialized using 'class org.apache.ibatis.logging.stdout.StdOutImpl' adapter.
Get /172.20.10.2 network interface 
Get network interface info: name:en1 (en1)
Initialization Sequence datacenterId:16 workerId:13
 _ _   |_  _ _|_. ___ _ |    _ 
| | |\/|_)(_| | |_\  |_)||_|_\ 
     /               |         
                        3.5.8 
2026-04-22T20:21:09.861+08:00  INFO 78135 --- [           main] o.s.b.w.embedded.tomcat.TomcatWebServer  : Tomcat started on port(s): 8090 (http) with context path ''
2026-04-22T20:21:09.865+08:00  INFO 78135 --- [           main] com.shiyiju.admin.AdminApplication       : Started AdminApplication in 1.065 seconds (process running for 1.225)
2026-04-22T20:21:18.722+08:00  INFO 78135 --- [nio-8090-exec-1] o.a.c.c.C.[Tomcat].[localhost].[/]       : Initializing Spring DispatcherServlet 'dispatcherServlet'
2026-04-22T20:21:18.722+08:00  INFO 78135 --- [nio-8090-exec-1] o.s.web.servlet.DispatcherServlet        : Initializing Servlet 'dispatcherServlet'
2026-04-22T20:21:18.724+08:00  INFO 78135 --- [nio-8090-exec-1] o.s.web.servlet.DispatcherServlet        : Completed initialization in 2 ms
2026-04-22T20:21:18.739+08:00  WARN 78135 --- [nio-8090-exec-1] ocalVariableTableParameterNameDiscoverer : Using deprecated '-debug' fallback for parameter name resolution. Compile the affected code with '-parameters' instead or avoid its introspection: com.shiyiju.admin.controller.BannerController
2026-04-22T20:21:18.743+08:00  INFO 78135 --- [nio-8090-exec-1] com.zaxxer.hikari.HikariDataSource       : HikariPool-1 - Starting...
2026-04-22T20:21:18.817+08:00  INFO 78135 --- [nio-8090-exec-1] com.zaxxer.hikari.pool.HikariPool        : HikariPool-1 - Added connection com.mysql.cj.jdbc.ConnectionImpl@76d2aabc
2026-04-22T20:21:18.818+08:00  INFO 78135 --- [nio-8090-exec-1] com.zaxxer.hikari.HikariDataSource       : HikariPool-1 - Start completed.
