[INFO] Scanning for projects...
[INFO] 
[INFO] ----------------------< com.shiyiju:shiyiju-file >----------------------
[INFO] Building 拾艺局 - 文件服务 1.0.0-SNAPSHOT
[INFO]   from pom.xml
[INFO] --------------------------------[ jar ]---------------------------------
[INFO] 
[INFO] >>> spring-boot:3.1.5:run (default-cli) > test-compile @ shiyiju-file >>>
[INFO] 
[INFO] --- resources:3.4.0:resources (default-resources) @ shiyiju-file ---
[INFO] Copying 1 resource from src/main/resources to target/classes
[INFO] 
[INFO] --- compiler:3.15.0:compile (default-compile) @ shiyiju-file ---
[INFO] Nothing to compile - all classes are up to date.
[INFO] 
[INFO] --- resources:3.4.0:testResources (default-testResources) @ shiyiju-file ---
[INFO] skip non existing resourceDirectory /Users/master/CodeBuddy/art12/backend/shiyiju-file/src/test/resources
[INFO] 
[INFO] --- compiler:3.15.0:testCompile (default-testCompile) @ shiyiju-file ---
[INFO] No sources to compile
[INFO] 
[INFO] <<< spring-boot:3.1.5:run (default-cli) < test-compile @ shiyiju-file <<<
[INFO] 
[INFO] 
[INFO] --- spring-boot:3.1.5:run (default-cli) @ shiyiju-file ---
[INFO] Attaching agents: []
2026-04-27T08:23:20.684+08:00  WARN 24480 --- [           main] c.a.nacos.client.logging.NacosLogging    : Load Logback Configuration of Nacos fail, message: Could not initialize Logback Nacos logging from classpath:nacos-logback.xml

  .   ____          _            __ _ _
 /\\ / ___'_ __ _ _(_)_ __  __ _ \ \ \ \
( ( )\___ | '_ | '_| | '_ \/ _` | \ \ \ \
 \\/  ___)| |_)| | | | | || (_| |  ) ) ) )
  '  |____| .__|_| |_|_| |_\__, | / / / /
 =========|_|==============|___/=/_/_/_/
 :: Spring Boot ::                (v3.1.5)

2026-04-27T08:23:20.714+08:00  WARN 24480 --- [           main] c.a.nacos.client.logging.NacosLogging    : Load Logback Configuration of Nacos fail, message: Could not initialize Logback Nacos logging from classpath:nacos-logback.xml
2026-04-27T08:23:20.717+08:00  INFO 24480 --- [           main] com.shiyiju.file.FileApplication         : Starting FileApplication using Java 17.0.19 with PID 24480 (/Users/master/CodeBuddy/art12/backend/shiyiju-file/target/classes started by master in /Users/master/CodeBuddy/art12/backend/shiyiju-file)
2026-04-27T08:23:20.717+08:00 DEBUG 24480 --- [           main] com.shiyiju.file.FileApplication         : Running with Spring Boot v3.1.5, Spring v6.0.13
2026-04-27T08:23:20.717+08:00  INFO 24480 --- [           main] com.shiyiju.file.FileApplication         : No active profile set, falling back to 1 default profile: "default"
2026-04-27T08:23:20.915+08:00  INFO 24480 --- [           main] .s.d.r.c.RepositoryConfigurationDelegate : Multiple Spring Data modules found, entering strict repository configuration mode
2026-04-27T08:23:20.916+08:00  INFO 24480 --- [           main] .s.d.r.c.RepositoryConfigurationDelegate : Bootstrapping Spring Data Redis repositories in DEFAULT mode.
2026-04-27T08:23:20.926+08:00  INFO 24480 --- [           main] .s.d.r.c.RepositoryConfigurationDelegate : Finished Spring Data repository scanning in 2 ms. Found 0 Redis repository interfaces.
2026-04-27T08:23:20.984+08:00  INFO 24480 --- [           main] o.s.cloud.context.scope.GenericScope     : BeanFactory id=b1f2679f-71aa-3489-b24f-df5cae9e25ef
2026-04-27T08:23:21.111+08:00  INFO 24480 --- [           main] o.s.b.w.embedded.tomcat.TomcatWebServer  : Tomcat initialized with port(s): 8087 (http)
2026-04-27T08:23:21.114+08:00  INFO 24480 --- [           main] o.apache.catalina.core.StandardService   : Starting service [Tomcat]
2026-04-27T08:23:21.114+08:00  INFO 24480 --- [           main] o.apache.catalina.core.StandardEngine    : Starting Servlet engine: [Apache Tomcat/10.1.15]
2026-04-27T08:23:21.143+08:00  INFO 24480 --- [           main] o.a.c.c.C.[Tomcat].[localhost].[/]       : Initializing Spring embedded WebApplicationContext
2026-04-27T08:23:21.143+08:00  INFO 24480 --- [           main] w.s.c.ServletWebServerApplicationContext : Root WebApplicationContext: initialization completed in 412 ms
 _ _   |_  _ _|_. ___ _ |    _ 
| | |\/|_)(_| | |_\  |_)||_|_\ 
     /               |         
                        3.5.8 
2026-04-27T08:23:21.448+08:00  INFO 24480 --- [           main] o.s.b.w.embedded.tomcat.TomcatWebServer  : Tomcat started on port(s): 8087 (http) with context path ''
2026-04-27T08:23:21.454+08:00  INFO 24480 --- [           main] com.shiyiju.file.FileApplication         : Started FileApplication in 0.895 seconds (process running for 1.018)
2026-04-27T11:55:11.090+08:00  INFO 24480 --- [nio-8087-exec-2] o.a.c.c.C.[Tomcat].[localhost].[/]       : Initializing Spring DispatcherServlet 'dispatcherServlet'
2026-04-27T11:55:11.091+08:00  INFO 24480 --- [nio-8087-exec-2] o.s.web.servlet.DispatcherServlet        : Initializing Servlet 'dispatcherServlet'
2026-04-27T11:55:11.093+08:00  INFO 24480 --- [nio-8087-exec-2] o.s.web.servlet.DispatcherServlet        : Completed initialization in 2 ms
