2026-04-27T22:38:22.920+08:00  WARN 90580 --- [           main] c.a.nacos.client.logging.NacosLogging    : Load Logback Configuration of Nacos fail, message: Could not initialize Logback Nacos logging from classpath:nacos-logback.xml

  .   ____          _            __ _ _
 /\\ / ___'_ __ _ _(_)_ __  __ _ \ \ \ \
( ( )\___ | '_ | '_| | '_ \/ _` | \ \ \ \
 \\/  ___)| |_)| | | | | || (_| |  ) ) ) )
  '  |____| .__|_| |_|_| |_\__, | / / / /
 =========|_|==============|___/=/_/_/_/
 :: Spring Boot ::                (v3.1.5)

2026-04-27T22:38:23.249+08:00  WARN 90580 --- [           main] c.a.nacos.client.logging.NacosLogging    : Load Logback Configuration of Nacos fail, message: Could not initialize Logback Nacos logging from classpath:nacos-logback.xml
2026-04-27T22:38:23.261+08:00  INFO 90580 --- [           main] com.shiyiju.file.FileApplication         : Starting FileApplication using Java 17.0.19 with PID 90580 (/Users/master/CodeBuddy/art12/backend/shiyiju-file/target/shiyiju-file-1.0.0-SNAPSHOT.jar started by master in /Users/master/CodeBuddy/art12)
2026-04-27T22:38:23.261+08:00 DEBUG 90580 --- [           main] com.shiyiju.file.FileApplication         : Running with Spring Boot v3.1.5, Spring v6.0.13
2026-04-27T22:38:23.262+08:00  INFO 90580 --- [           main] com.shiyiju.file.FileApplication         : No active profile set, falling back to 1 default profile: "default"
2026-04-27T22:38:24.590+08:00  INFO 90580 --- [           main] .s.d.r.c.RepositoryConfigurationDelegate : Multiple Spring Data modules found, entering strict repository configuration mode
2026-04-27T22:38:24.591+08:00  INFO 90580 --- [           main] .s.d.r.c.RepositoryConfigurationDelegate : Bootstrapping Spring Data Redis repositories in DEFAULT mode.
2026-04-27T22:38:24.603+08:00  INFO 90580 --- [           main] .s.d.r.c.RepositoryConfigurationDelegate : Finished Spring Data repository scanning in 3 ms. Found 0 Redis repository interfaces.
2026-04-27T22:38:25.087+08:00  INFO 90580 --- [           main] o.s.cloud.context.scope.GenericScope     : BeanFactory id=b1f2679f-71aa-3489-b24f-df5cae9e25ef
2026-04-27T22:38:25.788+08:00  INFO 90580 --- [           main] o.s.b.w.embedded.tomcat.TomcatWebServer  : Tomcat initialized with port(s): 8087 (http)
2026-04-27T22:38:25.797+08:00  INFO 90580 --- [           main] o.apache.catalina.core.StandardService   : Starting service [Tomcat]
2026-04-27T22:38:25.797+08:00  INFO 90580 --- [           main] o.apache.catalina.core.StandardEngine    : Starting Servlet engine: [Apache Tomcat/10.1.15]
2026-04-27T22:38:25.948+08:00  INFO 90580 --- [           main] o.a.c.c.C.[Tomcat].[localhost].[/]       : Initializing Spring embedded WebApplicationContext
2026-04-27T22:38:25.949+08:00  INFO 90580 --- [           main] w.s.c.ServletWebServerApplicationContext : Root WebApplicationContext: initialization completed in 2637 ms
 _ _   |_  _ _|_. ___ _ |    _ 
| | |\/|_)(_| | |_\  |_)||_|_\ 
     /               |         
                        3.5.8 
2026-04-27T22:38:27.435+08:00  WARN 90580 --- [           main] ConfigServletWebServerApplicationContext : Exception encountered during context initialization - cancelling refresh attempt: org.springframework.context.ApplicationContextException: Failed to start bean 'webServerStartStop'
2026-04-27T22:38:27.452+08:00  INFO 90580 --- [           main] o.apache.catalina.core.StandardService   : Stopping service [Tomcat]
2026-04-27T22:38:27.467+08:00  INFO 90580 --- [           main] .s.b.a.l.ConditionEvaluationReportLogger : 

Error starting ApplicationContext. To display the condition evaluation report re-run your application with 'debug' enabled.
2026-04-27T22:38:27.481+08:00 ERROR 90580 --- [           main] o.s.b.d.LoggingFailureAnalysisReporter   : 

***************************
APPLICATION FAILED TO START
***************************

Description:

Web server failed to start. Port 8087 was already in use.

Action:

Identify and stop the process that's listening on port 8087 or configure this application to listen on another port.

