Standard Commons Logging discovery in action with spring-jcl: please remove commons-logging.jar from classpath in order to avoid potential conflicts
2026-04-27T22:38:22.683+08:00  WARN 90581 --- [           main] c.a.nacos.client.logging.NacosLogging    : Load Logback Configuration of Nacos fail, message: Could not initialize Logback Nacos logging from classpath:nacos-logback.xml

  .   ____          _            __ _ _
 /\\ / ___'_ __ _ _(_)_ __  __ _ \ \ \ \
( ( )\___ | '_ | '_| | '_ \/ _` | \ \ \ \
 \\/  ___)| |_)| | | | | || (_| |  ) ) ) )
  '  |____| .__|_| |_|_| |_\__, | / / / /
 =========|_|==============|___/=/_/_/_/
 :: Spring Boot ::                (v3.1.5)

2026-04-27T22:38:22.794+08:00  WARN 90581 --- [           main] c.a.nacos.client.logging.NacosLogging    : Load Logback Configuration of Nacos fail, message: Could not initialize Logback Nacos logging from classpath:nacos-logback.xml
2026-04-27T22:38:22.799+08:00  INFO 90581 --- [           main] com.shiyiju.message.MessageApplication   : Starting MessageApplication using Java 17.0.19 with PID 90581 (/Users/master/CodeBuddy/art12/backend/shiyiju-message/target/shiyiju-message-1.0.0-SNAPSHOT.jar started by master in /Users/master/CodeBuddy/art12)
2026-04-27T22:38:22.801+08:00 DEBUG 90581 --- [           main] com.shiyiju.message.MessageApplication   : Running with Spring Boot v3.1.5, Spring v6.0.13
2026-04-27T22:38:22.802+08:00  INFO 90581 --- [           main] com.shiyiju.message.MessageApplication   : No active profile set, falling back to 1 default profile: "default"
2026-04-27T22:38:24.091+08:00  INFO 90581 --- [           main] .s.d.r.c.RepositoryConfigurationDelegate : Multiple Spring Data modules found, entering strict repository configuration mode
2026-04-27T22:38:24.093+08:00  INFO 90581 --- [           main] .s.d.r.c.RepositoryConfigurationDelegate : Bootstrapping Spring Data Redis repositories in DEFAULT mode.
2026-04-27T22:38:24.267+08:00  INFO 90581 --- [           main] .s.d.r.c.RepositoryConfigurationDelegate : Finished Spring Data repository scanning in 159 ms. Found 0 Redis repository interfaces.
2026-04-27T22:38:24.604+08:00  INFO 90581 --- [           main] o.s.cloud.context.scope.GenericScope     : BeanFactory id=df3e8ea0-45a5-3e93-be9e-c7490cfedd08
2026-04-27T22:38:25.430+08:00  INFO 90581 --- [           main] o.s.b.w.embedded.tomcat.TomcatWebServer  : Tomcat initialized with port(s): 8088 (http)
2026-04-27T22:38:25.437+08:00  INFO 90581 --- [           main] o.apache.catalina.core.StandardService   : Starting service [Tomcat]
2026-04-27T22:38:25.437+08:00  INFO 90581 --- [           main] o.apache.catalina.core.StandardEngine    : Starting Servlet engine: [Apache Tomcat/10.1.15]
2026-04-27T22:38:25.540+08:00  INFO 90581 --- [           main] o.a.c.c.C.[Tomcat].[localhost].[/]       : Initializing Spring embedded WebApplicationContext
2026-04-27T22:38:25.542+08:00  INFO 90581 --- [           main] w.s.c.ServletWebServerApplicationContext : Root WebApplicationContext: initialization completed in 2697 ms
Standard Commons Logging discovery in action with spring-jcl: please remove commons-logging.jar from classpath in order to avoid potential conflicts
 _ _   |_  _ _|_. ___ _ |    _ 
| | |\/|_)(_| | |_\  |_)||_|_\ 
     /               |         
                        3.5.8 
2026-04-27T22:38:26.978+08:00  INFO 90581 --- [           main] o.s.b.w.embedded.tomcat.TomcatWebServer  : Tomcat started on port(s): 8088 (http) with context path ''
2026-04-27T22:38:26.991+08:00  INFO 90581 --- [           main] com.shiyiju.message.MessageApplication   : Started MessageApplication in 5.378 seconds (process running for 5.972)
