[INFO] Scanning for projects...
[INFO] 
[INFO] ---------------------< com.shiyiju:shiyiju-order >----------------------
[INFO] Building 拾艺局 - 订单服务 1.0.0-SNAPSHOT
[INFO]   from pom.xml
[INFO] --------------------------------[ jar ]---------------------------------
[INFO] 
[INFO] >>> spring-boot:3.1.5:run (default-cli) > test-compile @ shiyiju-order >>>
[INFO] 
[INFO] --- resources:3.4.0:resources (default-resources) @ shiyiju-order ---
[INFO] Copying 2 resources from src/main/resources to target/classes
[INFO] 
[INFO] --- compiler:3.15.0:compile (default-compile) @ shiyiju-order ---
[INFO] Nothing to compile - all classes are up to date.
[INFO] 
[INFO] --- resources:3.4.0:testResources (default-testResources) @ shiyiju-order ---
[INFO] skip non existing resourceDirectory /Users/master/CodeBuddy/art12/backend/shiyiju-order/src/test/resources
[INFO] 
[INFO] --- compiler:3.15.0:testCompile (default-testCompile) @ shiyiju-order ---
[INFO] No sources to compile
[INFO] 
[INFO] <<< spring-boot:3.1.5:run (default-cli) < test-compile @ shiyiju-order <<<
[INFO] 
[INFO] 
[INFO] --- spring-boot:3.1.5:run (default-cli) @ shiyiju-order ---
[INFO] Attaching agents: []
Standard Commons Logging discovery in action with spring-jcl: please remove commons-logging.jar from classpath in order to avoid potential conflicts
2026-04-27T08:22:43.311+08:00  WARN 24262 --- [           main] c.a.nacos.client.logging.NacosLogging    : Load Logback Configuration of Nacos fail, message: Could not initialize Logback Nacos logging from classpath:nacos-logback.xml

  .   ____          _            __ _ _
 /\\ / ___'_ __ _ _(_)_ __  __ _ \ \ \ \
( ( )\___ | '_ | '_| | '_ \/ _` | \ \ \ \
 \\/  ___)| |_)| | | | | || (_| |  ) ) ) )
  '  |____| .__|_| |_|_| |_\__, | / / / /
 =========|_|==============|___/=/_/_/_/
 :: Spring Boot ::                (v3.1.5)

2026-04-27T08:22:43.331+08:00  WARN 24262 --- [           main] c.a.nacos.client.logging.NacosLogging    : Load Logback Configuration of Nacos fail, message: Could not initialize Logback Nacos logging from classpath:nacos-logback.xml
2026-04-27T08:22:43.333+08:00  INFO 24262 --- [           main] com.shiyiju.order.OrderApplication       : Starting OrderApplication using Java 17.0.19 with PID 24262 (/Users/master/CodeBuddy/art12/backend/shiyiju-order/target/classes started by master in /Users/master/CodeBuddy/art12/backend/shiyiju-order)
2026-04-27T08:22:43.333+08:00 DEBUG 24262 --- [           main] com.shiyiju.order.OrderApplication       : Running with Spring Boot v3.1.5, Spring v6.0.13
2026-04-27T08:22:43.334+08:00  INFO 24262 --- [           main] com.shiyiju.order.OrderApplication       : No active profile set, falling back to 1 default profile: "default"
2026-04-27T08:22:43.533+08:00  INFO 24262 --- [           main] .s.d.r.c.RepositoryConfigurationDelegate : Multiple Spring Data modules found, entering strict repository configuration mode
2026-04-27T08:22:43.533+08:00  INFO 24262 --- [           main] .s.d.r.c.RepositoryConfigurationDelegate : Bootstrapping Spring Data Redis repositories in DEFAULT mode.
2026-04-27T08:22:43.544+08:00  INFO 24262 --- [           main] .s.d.r.c.RepositoryConfigurationDelegate : Finished Spring Data repository scanning in 4 ms. Found 0 Redis repository interfaces.
2026-04-27T08:22:43.602+08:00  INFO 24262 --- [           main] o.s.cloud.context.scope.GenericScope     : BeanFactory id=891c30c7-189d-3980-a8a6-739c66623426
2026-04-27T08:22:43.736+08:00  INFO 24262 --- [           main] o.s.b.w.embedded.tomcat.TomcatWebServer  : Tomcat initialized with port(s): 8083 (http)
2026-04-27T08:22:43.742+08:00  INFO 24262 --- [           main] o.apache.catalina.core.StandardService   : Starting service [Tomcat]
2026-04-27T08:22:43.743+08:00  INFO 24262 --- [           main] o.apache.catalina.core.StandardEngine    : Starting Servlet engine: [Apache Tomcat/10.1.15]
2026-04-27T08:22:43.773+08:00  INFO 24262 --- [           main] o.a.c.c.C.[Tomcat].[localhost].[/]       : Initializing Spring embedded WebApplicationContext
2026-04-27T08:22:43.773+08:00  INFO 24262 --- [           main] w.s.c.ServletWebServerApplicationContext : Root WebApplicationContext: initialization completed in 424 ms
Standard Commons Logging discovery in action with spring-jcl: please remove commons-logging.jar from classpath in order to avoid potential conflicts
 _ _   |_  _ _|_. ___ _ |    _ 
| | |\/|_)(_| | |_\  |_)||_|_\ 
     /               |         
                        3.5.8 
2026-04-27T08:22:44.142+08:00  INFO 24262 --- [           main] o.s.b.w.embedded.tomcat.TomcatWebServer  : Tomcat started on port(s): 8083 (http) with context path ''
2026-04-27T08:22:44.147+08:00  INFO 24262 --- [           main] com.shiyiju.order.OrderApplication       : Started OrderApplication in 0.938 seconds (process running for 1.039)
