Standard Commons Logging discovery in action with spring-jcl: please remove commons-logging.jar from classpath in order to avoid potential conflicts
2026-04-22T17:56:07.915+08:00  WARN 42935 --- [           main] c.a.nacos.client.logging.NacosLogging    : Load Logback Configuration of Nacos fail, message: Could not initialize Logback Nacos logging from classpath:nacos-logback.xml

  .   ____          _            __ _ _
 /\\ / ___'_ __ _ _(_)_ __  __ _ \ \ \ \
( ( )\___ | '_ | '_| | '_ \/ _` | \ \ \ \
 \\/  ___)| |_)| | | | | || (_| |  ) ) ) )
  '  |____| .__|_| |_|_| |_\__, | / / / /
 =========|_|==============|___/=/_/_/_/
 :: Spring Boot ::                (v3.1.5)

2026-04-22T17:56:07.976+08:00  WARN 42935 --- [           main] c.a.nacos.client.logging.NacosLogging    : Load Logback Configuration of Nacos fail, message: Could not initialize Logback Nacos logging from classpath:nacos-logback.xml
2026-04-22T17:56:07.985+08:00  INFO 42935 --- [           main] com.shiyiju.order.OrderApplication       : Starting OrderApplication using Java 17.0.18 with PID 42935 (/Users/master/CodeBuddy/art12/backend/shiyiju-order/target/shiyiju-order-1.0.0-SNAPSHOT.jar started by master in /Users/master/CodeBuddy/art12/backend)
2026-04-22T17:56:07.985+08:00 DEBUG 42935 --- [           main] com.shiyiju.order.OrderApplication       : Running with Spring Boot v3.1.5, Spring v6.0.13
2026-04-22T17:56:07.986+08:00  INFO 42935 --- [           main] com.shiyiju.order.OrderApplication       : No active profile set, falling back to 1 default profile: "default"
2026-04-22T17:56:08.525+08:00  INFO 42935 --- [           main] .s.d.r.c.RepositoryConfigurationDelegate : Multiple Spring Data modules found, entering strict repository configuration mode
2026-04-22T17:56:08.526+08:00  INFO 42935 --- [           main] .s.d.r.c.RepositoryConfigurationDelegate : Bootstrapping Spring Data Redis repositories in DEFAULT mode.
2026-04-22T17:56:08.546+08:00  INFO 42935 --- [           main] .s.d.r.c.RepositoryConfigurationDelegate : Finished Spring Data repository scanning in 11 ms. Found 0 Redis repository interfaces.
2026-04-22T17:56:08.687+08:00  INFO 42935 --- [           main] o.s.cloud.context.scope.GenericScope     : BeanFactory id=4db4b78d-2bf8-3e52-943b-9ec9b337796c
2026-04-22T17:56:08.974+08:00  INFO 42935 --- [           main] o.s.b.w.embedded.tomcat.TomcatWebServer  : Tomcat initialized with port(s): 8083 (http)
2026-04-22T17:56:08.984+08:00  INFO 42935 --- [           main] o.apache.catalina.core.StandardService   : Starting service [Tomcat]
2026-04-22T17:56:08.984+08:00  INFO 42935 --- [           main] o.apache.catalina.core.StandardEngine    : Starting Servlet engine: [Apache Tomcat/10.1.15]
2026-04-22T17:56:09.032+08:00  INFO 42935 --- [           main] o.a.c.c.C.[Tomcat].[localhost].[/]       : Initializing Spring embedded WebApplicationContext
2026-04-22T17:56:09.034+08:00  INFO 42935 --- [           main] w.s.c.ServletWebServerApplicationContext : Root WebApplicationContext: initialization completed in 991 ms
Standard Commons Logging discovery in action with spring-jcl: please remove commons-logging.jar from classpath in order to avoid potential conflicts
 _ _   |_  _ _|_. ___ _ |    _ 
| | |\/|_)(_| | |_\  |_)||_|_\ 
     /               |         
                        3.5.8 
2026-04-22T17:56:09.669+08:00  INFO 42935 --- [           main] o.s.b.w.embedded.tomcat.TomcatWebServer  : Tomcat started on port(s): 8083 (http) with context path ''
2026-04-22T17:56:09.675+08:00  INFO 42935 --- [           main] com.shiyiju.order.OrderApplication       : Started OrderApplication in 1.994 seconds (process running for 2.33)
