Standard Commons Logging discovery in action with spring-jcl: please remove commons-logging.jar from classpath in order to avoid potential conflicts
2026-04-22T21:00:02.024+08:00  WARN 89063 --- [           main] c.a.nacos.client.logging.NacosLogging    : Load Logback Configuration of Nacos fail, message: Could not initialize Logback Nacos logging from classpath:nacos-logback.xml

  .   ____          _            __ _ _
 /\\ / ___'_ __ _ _(_)_ __  __ _ \ \ \ \
( ( )\___ | '_ | '_| | '_ \/ _` | \ \ \ \
 \\/  ___)| |_)| | | | | || (_| |  ) ) ) )
  '  |____| .__|_| |_|_| |_\__, | / / / /
 =========|_|==============|___/=/_/_/_/
 :: Spring Boot ::                (v3.1.5)

2026-04-22T21:00:02.052+08:00  WARN 89063 --- [           main] c.a.nacos.client.logging.NacosLogging    : Load Logback Configuration of Nacos fail, message: Could not initialize Logback Nacos logging from classpath:nacos-logback.xml
2026-04-22T21:00:02.056+08:00  INFO 89063 --- [           main] com.shiyiju.product.ProductApplication   : Starting ProductApplication using Java 17.0.18 with PID 89063 (/Users/master/CodeBuddy/art12/backend/shiyiju-product/target/shiyiju-product-1.0.0-SNAPSHOT.jar started by master in /Users/master/CodeBuddy/art12/backend)
2026-04-22T21:00:02.057+08:00 DEBUG 89063 --- [           main] com.shiyiju.product.ProductApplication   : Running with Spring Boot v3.1.5, Spring v6.0.13
2026-04-22T21:00:02.057+08:00  INFO 89063 --- [           main] com.shiyiju.product.ProductApplication   : No active profile set, falling back to 1 default profile: "default"
2026-04-22T21:00:02.352+08:00  INFO 89063 --- [           main] .s.d.r.c.RepositoryConfigurationDelegate : Multiple Spring Data modules found, entering strict repository configuration mode
2026-04-22T21:00:02.353+08:00  INFO 89063 --- [           main] .s.d.r.c.RepositoryConfigurationDelegate : Bootstrapping Spring Data Redis repositories in DEFAULT mode.
2026-04-22T21:00:02.363+08:00  INFO 89063 --- [           main] .s.d.r.c.RepositoryConfigurationDelegate : Finished Spring Data repository scanning in 4 ms. Found 0 Redis repository interfaces.
2026-04-22T21:00:02.441+08:00  INFO 89063 --- [           main] o.s.cloud.context.scope.GenericScope     : BeanFactory id=1d10ed1e-ca2d-3374-a0af-cdca72866fb7
2026-04-22T21:00:02.623+08:00  INFO 89063 --- [           main] o.s.b.w.embedded.tomcat.TomcatWebServer  : Tomcat initialized with port(s): 8082 (http)
2026-04-22T21:00:02.628+08:00  INFO 89063 --- [           main] o.apache.catalina.core.StandardService   : Starting service [Tomcat]
2026-04-22T21:00:02.628+08:00  INFO 89063 --- [           main] o.apache.catalina.core.StandardEngine    : Starting Servlet engine: [Apache Tomcat/10.1.15]
2026-04-22T21:00:02.662+08:00  INFO 89063 --- [           main] o.a.c.c.C.[Tomcat].[localhost].[/]       : Initializing Spring embedded WebApplicationContext
2026-04-22T21:00:02.662+08:00  INFO 89063 --- [           main] w.s.c.ServletWebServerApplicationContext : Root WebApplicationContext: initialization completed in 583 ms
Standard Commons Logging discovery in action with spring-jcl: please remove commons-logging.jar from classpath in order to avoid potential conflicts
 _ _   |_  _ _|_. ___ _ |    _ 
| | |\/|_)(_| | |_\  |_)||_|_\ 
     /               |         
                        3.5.8 
2026-04-22T21:00:03.225+08:00  INFO 89063 --- [           main] o.s.b.w.embedded.tomcat.TomcatWebServer  : Tomcat started on port(s): 8082 (http) with context path ''
2026-04-22T21:00:03.232+08:00  INFO 89063 --- [   scheduling-1] c.s.product.service.PriceGrowthService   : 开始执行价格增长率更新任务...
2026-04-22T21:00:03.233+08:00  INFO 89063 --- [           main] com.shiyiju.product.ProductApplication   : Started ProductApplication in 1.364 seconds (process running for 1.588)
2026-04-22T21:00:03.267+08:00  INFO 89063 --- [   scheduling-1] com.zaxxer.hikari.HikariDataSource       : HikariPool-1 - Starting...
2026-04-22T21:00:03.327+08:00  INFO 89063 --- [   scheduling-1] com.zaxxer.hikari.pool.HikariPool        : HikariPool-1 - Added connection com.mysql.cj.jdbc.ConnectionImpl@73d5aa9e
2026-04-22T21:00:03.328+08:00  INFO 89063 --- [   scheduling-1] com.zaxxer.hikari.HikariDataSource       : HikariPool-1 - Start completed.
2026-04-22T21:00:03.331+08:00 DEBUG 89063 --- [   scheduling-1] c.s.p.mapper.ArtworkMapper.selectList    : ==>  Preparing: SELECT id,title,author_id,author_name,author_badge,author_avatar,author_bio,author_phone,category_id,art_type,medium,size,year,edition,description,cover_image,images,source,holder_id,holder_since,price,original_price,stock,status,weight,ownership_type,artwork_code,price_rise,view_count,favorite_count,sale_count,rating,review_count,distribution_enabled,commission_rate,distribution_orders,distribution_earnings,distribution_users,create_time,update_time,deleted FROM artwork WHERE deleted=0 AND (status = ? AND original_price IS NOT NULL)
2026-04-22T21:00:03.341+08:00 DEBUG 89063 --- [   scheduling-1] c.s.p.mapper.ArtworkMapper.selectList    : ==> Parameters: 1(Integer)
2026-04-22T21:00:03.353+08:00 DEBUG 89063 --- [   scheduling-1] c.s.p.mapper.ArtworkMapper.selectList    : <==      Total: 4
2026-04-22T21:00:03.358+08:00 DEBUG 89063 --- [   scheduling-1] c.s.p.mapper.ArtworkMapper.updateById    : ==>  Preparing: UPDATE artwork SET title=?, author_id=?, author_name=?, category_id=?, art_type=?, medium=?, size=?, description=?, cover_image=?, source=?, price=?, original_price=?, stock=?, status=?, weight=?, ownership_type=?, price_rise=?, view_count=?, favorite_count=?, sale_count=?, rating=?, review_count=?, distribution_enabled=?, commission_rate=?, distribution_orders=?, distribution_earnings=?, distribution_users=?, create_time=?, update_time=? WHERE id=? AND deleted=0
2026-04-22T21:00:03.359+08:00 DEBUG 89063 --- [   scheduling-1] c.s.p.mapper.ArtworkMapper.updateById    : ==> Parameters: 测试图片(String), 1(Long), 12(String), 2(Long), æ²¹ç”»(String), å¸ƒé¢(String), 80x100cm(String), (String), http://tdq3lxxvc.hd-bkt.clouddn.com/images/2026/04/7fb4fa713ed74dcb9df49db6d15e19b9.png(String), 1(Integer), 0(Long), 0(Long), 1(Integer), 1(Integer), 0(Integer), 1(Integer), 0(BigDecimal), 0(Integer), 0(Integer), 0(Integer), 0(Integer), 0(Integer), false(Boolean), 10(Integer), 0(Integer), 0(Long), 0(Integer), 2026-04-20T14:25:12(LocalDateTime), 2026-04-22T21:00:03.355643(LocalDateTime), 5(Long)
2026-04-22T21:00:03.362+08:00 DEBUG 89063 --- [   scheduling-1] c.s.p.mapper.ArtworkMapper.updateById    : <==    Updates: 1
2026-04-22T21:00:03.363+08:00 DEBUG 89063 --- [   scheduling-1] c.s.p.mapper.ArtworkMapper.updateById    : ==>  Preparing: UPDATE artwork SET title=?, author_id=?, author_name=?, category_id=?, description=?, cover_image=?, source=?, price=?, original_price=?, stock=?, status=?, weight=?, ownership_type=?, price_rise=?, view_count=?, favorite_count=?, sale_count=?, rating=?, review_count=?, distribution_enabled=?, commission_rate=?, distribution_orders=?, distribution_earnings=?, distribution_users=?, create_time=?, update_time=? WHERE id=? AND deleted=0
2026-04-22T21:00:03.364+08:00 DEBUG 89063 --- [   scheduling-1] c.s.p.mapper.ArtworkMapper.updateById    : ==> Parameters: 测试作品(String), 1(Long), 测试艺术家(String), 1(Long), (String), http://localhost:8087/upload/images/2026/04/22/de6a2f44c8644378b9fa9ce91fe81fa4.jpeg(String), 1(Integer), 0(Long), 0(Long), 0(Integer), 1(Integer), 0(Integer), 1(Integer), 0(BigDecimal), 0(Integer), 0(Integer), 0(Integer), 0(Integer), 0(Integer), true(Boolean), 9(Integer), 0(Integer), 0(Long), 0(Integer), 2026-04-20T18:18:24(LocalDateTime), 2026-04-22T21:00:03.363120(LocalDateTime), 16(Long)
2026-04-22T21:00:03.365+08:00 DEBUG 89063 --- [   scheduling-1] c.s.p.mapper.ArtworkMapper.updateById    : <==    Updates: 1
2026-04-22T21:00:03.365+08:00 DEBUG 89063 --- [   scheduling-1] c.s.p.mapper.ArtworkMapper.updateById    : ==>  Preparing: UPDATE artwork SET title=?, author_id=?, author_name=?, category_id=?, size=?, year=?, description=?, cover_image=?, source=?, price=?, original_price=?, stock=?, status=?, weight=?, ownership_type=?, price_rise=?, view_count=?, favorite_count=?, sale_count=?, rating=?, review_count=?, distribution_enabled=?, commission_rate=?, distribution_orders=?, distribution_earnings=?, distribution_users=?, create_time=?, update_time=? WHERE id=? AND deleted=0
2026-04-22T21:00:03.366+08:00 DEBUG 89063 --- [   scheduling-1] c.s.p.mapper.ArtworkMapper.updateById    : ==> Parameters: 远航(String), 1(Long), 1(String), 2(Long), 100*80(String), 2024(Integer), 这里是详情描述(String), http://localhost:8087/upload/images/2026/04/22/40b9957f7df44ae79328e5237e0691bd.png(String), 1(Integer), 0(Long), 0(Long), 0(Integer), 1(Integer), 2(Integer), 1(Integer), 0(BigDecimal), 1(Integer), 0(Integer), 0(Integer), 0(Integer), 0(Integer), true(Boolean), 13(Integer), 0(Integer), 0(Long), 0(Integer), 2026-04-20T18:22:57(LocalDateTime), 2026-04-22T21:00:03.365459(LocalDateTime), 19(Long)
2026-04-22T21:00:03.367+08:00 DEBUG 89063 --- [   scheduling-1] c.s.p.mapper.ArtworkMapper.updateById    : <==    Updates: 1
2026-04-22T21:00:03.368+08:00 DEBUG 89063 --- [   scheduling-1] c.s.p.mapper.ArtworkMapper.updateById    : ==>  Preparing: UPDATE artwork SET title=?, author_id=?, author_name=?, category_id=?, size=?, year=?, description=?, cover_image=?, source=?, price=?, original_price=?, stock=?, status=?, weight=?, ownership_type=?, artwork_code=?, price_rise=?, view_count=?, favorite_count=?, sale_count=?, rating=?, review_count=?, distribution_enabled=?, commission_rate=?, distribution_orders=?, distribution_earnings=?, distribution_users=?, create_time=?, update_time=? WHERE id=? AND deleted=0
2026-04-22T21:00:03.368+08:00 DEBUG 89063 --- [   scheduling-1] c.s.p.mapper.ArtworkMapper.updateById    : ==> Parameters: 测试作品2(String), 1(Long), 李小璐(String), 2(Long), 60*60(String), 2024(Integer), 时代发生的(String), http://localhost:8087/upload/images/2026/04/22/42412cf362884df7b48ab9a5478c6470.png(String), 1(Integer), 0(Long), 0(Long), 0(Integer), 1(Integer), 0(Integer), 1(Integer), qt202604220001(String), 0(BigDecimal), 0(Integer), 0(Integer), 0(Integer), 0(Integer), 0(Integer), false(Boolean), 10(Integer), 0(Integer), 0(Long), 0(Integer), 2026-04-22T19:11:37(LocalDateTime), 2026-04-22T21:00:03.367874(LocalDateTime), 21(Long)
2026-04-22T21:00:03.369+08:00 DEBUG 89063 --- [   scheduling-1] c.s.p.mapper.ArtworkMapper.updateById    : <==    Updates: 1
2026-04-22T21:00:03.369+08:00  INFO 89063 --- [   scheduling-1] c.s.product.service.PriceGrowthService   : 价格增长率更新任务完成，共更新 4 个作品
2026-04-22T21:00:18.522+08:00  INFO 89063 --- [nio-8082-exec-3] o.a.c.c.C.[Tomcat].[localhost].[/]       : Initializing Spring DispatcherServlet 'dispatcherServlet'
2026-04-22T21:00:18.522+08:00  INFO 89063 --- [nio-8082-exec-3] o.s.web.servlet.DispatcherServlet        : Initializing Servlet 'dispatcherServlet'
2026-04-22T21:00:18.524+08:00  INFO 89063 --- [nio-8082-exec-3] o.s.web.servlet.DispatcherServlet        : Completed initialization in 2 ms
2026-04-22T21:00:18.540+08:00  WARN 89063 --- [nio-8082-exec-3] ocalVariableTableParameterNameDiscoverer : Using deprecated '-debug' fallback for parameter name resolution. Compile the affected code with '-parameters' instead or avoid its introspection: com.shiyiju.product.controller.ProductController
2026-04-22T21:00:18.562+08:00 DEBUG 89063 --- [nio-8082-exec-3] c.s.p.mapper.ArtworkMapper.selectById    : ==>  Preparing: SELECT id,title,author_id,author_name,author_badge,author_avatar,author_bio,author_phone,category_id,art_type,medium,size,year,edition,description,cover_image,images,source,holder_id,holder_since,price,original_price,stock,status,weight,ownership_type,artwork_code,price_rise,view_count,favorite_count,sale_count,rating,review_count,distribution_enabled,commission_rate,distribution_orders,distribution_earnings,distribution_users,create_time,update_time,deleted FROM artwork WHERE id=? AND deleted=0
2026-04-22T21:00:18.562+08:00 DEBUG 89063 --- [nio-8082-exec-3] c.s.p.mapper.ArtworkMapper.selectById    : ==> Parameters: 1(Long)
2026-04-22T21:00:18.564+08:00 DEBUG 89063 --- [nio-8082-exec-3] c.s.p.mapper.ArtworkMapper.selectById    : <==      Total: 1
2026-04-22T21:00:18.565+08:00 DEBUG 89063 --- [nio-8082-exec-3] c.s.p.mapper.ArtworkMapper.updateById    : ==>  Preparing: UPDATE artwork SET title=?, author_id=?, category_id=?, art_type=?, size=?, cover_image=?, source=?, price=?, stock=?, status=?, weight=?, ownership_type=?, price_rise=?, view_count=?, favorite_count=?, sale_count=?, rating=?, review_count=?, distribution_enabled=?, commission_rate=?, distribution_orders=?, distribution_earnings=?, distribution_users=?, create_time=?, update_time=? WHERE id=? AND deleted=0
2026-04-22T21:00:18.565+08:00 DEBUG 89063 --- [nio-8082-exec-3] c.s.p.mapper.ArtworkMapper.updateById    : ==> Parameters: 更新测试(String), 1(Long), 1(Long), æ°´å¢¨(String), 50x70cm(String), https://picsum.photos/400/400?random=101(String), 1(Integer), 10000(Long), 1(Integer), 0(Integer), 0(Integer), 1(Integer), 0.00(BigDecimal), 2(Integer), 0(Integer), 0(Integer), 0(Integer), 0(Integer), false(Boolean), 10(Integer), 0(Integer), 0(Long), 0(Integer), 2026-04-20T08:21:53(LocalDateTime), 2026-04-20T19:20:33(LocalDateTime), 1(Long)
2026-04-22T21:00:18.567+08:00 DEBUG 89063 --- [nio-8082-exec-3] c.s.p.mapper.ArtworkMapper.updateById    : <==    Updates: 1
2026-04-22T21:00:18.567+08:00 DEBUG 89063 --- [nio-8082-exec-3] c.s.p.mapper.ArtworkMapper.selectById    : ==>  Preparing: SELECT id,title,author_id,author_name,author_badge,author_avatar,author_bio,author_phone,category_id,art_type,medium,size,year,edition,description,cover_image,images,source,holder_id,holder_since,price,original_price,stock,status,weight,ownership_type,artwork_code,price_rise,view_count,favorite_count,sale_count,rating,review_count,distribution_enabled,commission_rate,distribution_orders,distribution_earnings,distribution_users,create_time,update_time,deleted FROM artwork WHERE id=? AND deleted=0
2026-04-22T21:00:18.567+08:00 DEBUG 89063 --- [nio-8082-exec-3] c.s.p.mapper.ArtworkMapper.selectById    : ==> Parameters: 1(Long)
2026-04-22T21:00:18.568+08:00 DEBUG 89063 --- [nio-8082-exec-3] c.s.p.mapper.ArtworkMapper.selectById    : <==      Total: 1
2026-04-22T21:00:21.511+08:00 DEBUG 89063 --- [nio-8082-exec-4] c.s.p.mapper.ArtworkMapper.selectList    : ==>  Preparing: SELECT id,title,author_id,author_name,author_badge,author_avatar,author_bio,author_phone,category_id,art_type,medium,size,year,edition,description,cover_image,images,source,holder_id,holder_since,price,original_price,stock,status,weight,ownership_type,artwork_code,price_rise,view_count,favorite_count,sale_count,rating,review_count,distribution_enabled,commission_rate,distribution_orders,distribution_earnings,distribution_users,create_time,update_time,deleted FROM artwork WHERE deleted=0 ORDER BY weight DESC,create_time DESC
2026-04-22T21:00:21.511+08:00 DEBUG 89063 --- [nio-8082-exec-2] c.s.p.mapper.BannerMapper.selectList     : ==>  Preparing: SELECT id,title,image_url,link_type,link_value,sort,status,start_time,end_time,create_time,update_time FROM banner WHERE (status = ? AND ((start_time IS NULL OR start_time <= ?) AND (end_time IS NULL OR end_time >= ?))) ORDER BY sort ASC
2026-04-22T21:00:21.512+08:00 DEBUG 89063 --- [nio-8082-exec-2] c.s.p.mapper.BannerMapper.selectList     : ==> Parameters: 1(Integer), 2026-04-22T21:00:21.508236(LocalDateTime), 2026-04-22T21:00:21.508236(LocalDateTime)
2026-04-22T21:00:21.512+08:00 DEBUG 89063 --- [nio-8082-exec-4] c.s.p.mapper.ArtworkMapper.selectList    : ==> Parameters: 
2026-04-22T21:00:21.514+08:00 DEBUG 89063 --- [nio-8082-exec-2] c.s.p.mapper.BannerMapper.selectList     : <==      Total: 3
2026-04-22T21:00:21.516+08:00 DEBUG 89063 --- [nio-8082-exec-4] c.s.p.mapper.ArtworkMapper.selectList    : <==      Total: 8
2026-04-22T21:00:30.946+08:00 DEBUG 89063 --- [nio-8082-exec-1] c.s.p.mapper.ArtworkMapper.selectById    : ==>  Preparing: SELECT id,title,author_id,author_name,author_badge,author_avatar,author_bio,author_phone,category_id,art_type,medium,size,year,edition,description,cover_image,images,source,holder_id,holder_since,price,original_price,stock,status,weight,ownership_type,artwork_code,price_rise,view_count,favorite_count,sale_count,rating,review_count,distribution_enabled,commission_rate,distribution_orders,distribution_earnings,distribution_users,create_time,update_time,deleted FROM artwork WHERE id=? AND deleted=0
2026-04-22T21:00:30.947+08:00 DEBUG 89063 --- [nio-8082-exec-1] c.s.p.mapper.ArtworkMapper.selectById    : ==> Parameters: 2(Long)
2026-04-22T21:00:30.948+08:00 DEBUG 89063 --- [nio-8082-exec-1] c.s.p.mapper.ArtworkMapper.selectById    : <==      Total: 0
2026-04-22T21:00:30.954+08:00  WARN 89063 --- [nio-8082-exec-1] c.s.c.exception.GlobalExceptionHandler   : 业务异常 - URI: /product/2, Code: 1201, Message: 作品不存在
2026-04-22T21:00:31.194+08:00 DEBUG 89063 --- [nio-8082-exec-6] c.s.p.mapper.ArtworkMapper.selectList    : ==>  Preparing: SELECT id,title,author_id,author_name,author_badge,author_avatar,author_bio,author_phone,category_id,art_type,medium,size,year,edition,description,cover_image,images,source,holder_id,holder_since,price,original_price,stock,status,weight,ownership_type,artwork_code,price_rise,view_count,favorite_count,sale_count,rating,review_count,distribution_enabled,commission_rate,distribution_orders,distribution_earnings,distribution_users,create_time,update_time,deleted FROM artwork WHERE deleted=0 ORDER BY weight DESC,create_time DESC
2026-04-22T21:00:31.195+08:00 DEBUG 89063 --- [nio-8082-exec-6] c.s.p.mapper.ArtworkMapper.selectList    : ==> Parameters: 
2026-04-22T21:00:31.195+08:00 DEBUG 89063 --- [nio-8082-exec-7] c.s.p.mapper.BannerMapper.selectList     : ==>  Preparing: SELECT id,title,image_url,link_type,link_value,sort,status,start_time,end_time,create_time,update_time FROM banner WHERE (status = ? AND ((start_time IS NULL OR start_time <= ?) AND (end_time IS NULL OR end_time >= ?))) ORDER BY sort ASC
2026-04-22T21:00:31.195+08:00 DEBUG 89063 --- [nio-8082-exec-7] c.s.p.mapper.BannerMapper.selectList     : ==> Parameters: 1(Integer), 2026-04-22T21:00:31.193560(LocalDateTime), 2026-04-22T21:00:31.193560(LocalDateTime)
2026-04-22T21:00:31.197+08:00 DEBUG 89063 --- [nio-8082-exec-7] c.s.p.mapper.BannerMapper.selectList     : <==      Total: 3
2026-04-22T21:00:31.207+08:00 DEBUG 89063 --- [nio-8082-exec-6] c.s.p.mapper.ArtworkMapper.selectList    : <==      Total: 8
2026-04-22T21:00:36.919+08:00 DEBUG 89063 --- [nio-8082-exec-8] c.s.p.mapper.ArtworkMapper.selectList    : ==>  Preparing: SELECT id,title,author_id,author_name,author_badge,author_avatar,author_bio,author_phone,category_id,art_type,medium,size,year,edition,description,cover_image,images,source,holder_id,holder_since,price,original_price,stock,status,weight,ownership_type,artwork_code,price_rise,view_count,favorite_count,sale_count,rating,review_count,distribution_enabled,commission_rate,distribution_orders,distribution_earnings,distribution_users,create_time,update_time,deleted FROM artwork WHERE deleted=0 ORDER BY weight DESC,create_time DESC
2026-04-22T21:00:36.920+08:00 DEBUG 89063 --- [nio-8082-exec-8] c.s.p.mapper.ArtworkMapper.selectList    : ==> Parameters: 
2026-04-22T21:00:36.923+08:00 DEBUG 89063 --- [nio-8082-exec-8] c.s.p.mapper.ArtworkMapper.selectList    : <==      Total: 8
2026-04-22T21:01:12.085+08:00 DEBUG 89063 --- [nio-8082-exec-9] c.s.p.mapper.ArtworkMapper.selectList    : ==>  Preparing: SELECT id,title,author_id,author_name,author_badge,author_avatar,author_bio,author_phone,category_id,art_type,medium,size,year,edition,description,cover_image,images,source,holder_id,holder_since,price,original_price,stock,status,weight,ownership_type,artwork_code,price_rise,view_count,favorite_count,sale_count,rating,review_count,distribution_enabled,commission_rate,distribution_orders,distribution_earnings,distribution_users,create_time,update_time,deleted FROM artwork WHERE deleted=0 ORDER BY weight DESC,create_time DESC
2026-04-22T21:01:12.085+08:00 DEBUG 89063 --- [io-8082-exec-10] c.s.p.mapper.BannerMapper.selectList     : ==>  Preparing: SELECT id,title,image_url,link_type,link_value,sort,status,start_time,end_time,create_time,update_time FROM banner WHERE (status = ? AND ((start_time IS NULL OR start_time <= ?) AND (end_time IS NULL OR end_time >= ?))) ORDER BY sort ASC
2026-04-22T21:01:12.086+08:00 DEBUG 89063 --- [nio-8082-exec-9] c.s.p.mapper.ArtworkMapper.selectList    : ==> Parameters: 
2026-04-22T21:01:12.087+08:00 DEBUG 89063 --- [io-8082-exec-10] c.s.p.mapper.BannerMapper.selectList     : ==> Parameters: 1(Integer), 2026-04-22T21:01:12.081603(LocalDateTime), 2026-04-22T21:01:12.081603(LocalDateTime)
2026-04-22T21:01:12.090+08:00 DEBUG 89063 --- [io-8082-exec-10] c.s.p.mapper.BannerMapper.selectList     : <==      Total: 3
2026-04-22T21:01:12.091+08:00 DEBUG 89063 --- [nio-8082-exec-9] c.s.p.mapper.ArtworkMapper.selectList    : <==      Total: 8
2026-04-22T21:02:38.962+08:00 DEBUG 89063 --- [nio-8082-exec-4] c.s.p.mapper.CategoryMapper.selectList   : ==>  Preparing: SELECT id,name,icon,sort,parent_id,status,create_time,update_time FROM artwork_category WHERE (status = ?) ORDER BY sort DESC
2026-04-22T21:02:38.962+08:00 DEBUG 89063 --- [nio-8082-exec-1] c.s.p.mapper.ArtworkMapper.selectList    : ==>  Preparing: SELECT id,title,author_id,author_name,author_badge,author_avatar,author_bio,author_phone,category_id,art_type,medium,size,year,edition,description,cover_image,images,source,holder_id,holder_since,price,original_price,stock,status,weight,ownership_type,artwork_code,price_rise,view_count,favorite_count,sale_count,rating,review_count,distribution_enabled,commission_rate,distribution_orders,distribution_earnings,distribution_users,create_time,update_time,deleted FROM artwork WHERE deleted=0 ORDER BY weight DESC,create_time DESC
2026-04-22T21:02:38.963+08:00 DEBUG 89063 --- [nio-8082-exec-1] c.s.p.mapper.ArtworkMapper.selectList    : ==> Parameters: 
2026-04-22T21:02:38.963+08:00 DEBUG 89063 --- [nio-8082-exec-4] c.s.p.mapper.CategoryMapper.selectList   : ==> Parameters: 1(Integer)
2026-04-22T21:02:38.965+08:00 DEBUG 89063 --- [nio-8082-exec-4] c.s.p.mapper.CategoryMapper.selectList   : <==      Total: 6
2026-04-22T21:02:38.966+08:00 DEBUG 89063 --- [nio-8082-exec-1] c.s.p.mapper.ArtworkMapper.selectList    : <==      Total: 8
2026-04-22T21:03:09.278+08:00 DEBUG 89063 --- [nio-8082-exec-5] c.s.p.mapper.ArtworkMapper.selectById    : ==>  Preparing: SELECT id,title,author_id,author_name,author_badge,author_avatar,author_bio,author_phone,category_id,art_type,medium,size,year,edition,description,cover_image,images,source,holder_id,holder_since,price,original_price,stock,status,weight,ownership_type,artwork_code,price_rise,view_count,favorite_count,sale_count,rating,review_count,distribution_enabled,commission_rate,distribution_orders,distribution_earnings,distribution_users,create_time,update_time,deleted FROM artwork WHERE id=? AND deleted=0
2026-04-22T21:03:09.288+08:00 DEBUG 89063 --- [nio-8082-exec-5] c.s.p.mapper.ArtworkMapper.selectById    : ==> Parameters: 19(Long)
2026-04-22T21:03:09.292+08:00 DEBUG 89063 --- [nio-8082-exec-5] c.s.p.mapper.ArtworkMapper.selectById    : <==      Total: 1
2026-04-22T21:03:09.293+08:00 DEBUG 89063 --- [nio-8082-exec-5] c.s.p.mapper.ArtworkMapper.updateById    : ==>  Preparing: UPDATE artwork SET title=?, author_id=?, author_name=?, category_id=?, size=?, year=?, description=?, cover_image=?, source=?, price=?, original_price=?, stock=?, status=?, weight=?, ownership_type=?, price_rise=?, view_count=?, favorite_count=?, sale_count=?, rating=?, review_count=?, distribution_enabled=?, commission_rate=?, distribution_orders=?, distribution_earnings=?, distribution_users=?, create_time=?, update_time=? WHERE id=? AND deleted=0
2026-04-22T21:03:09.293+08:00 DEBUG 89063 --- [nio-8082-exec-5] c.s.p.mapper.ArtworkMapper.updateById    : ==> Parameters: 远航(String), 1(Long), 1(String), 2(Long), 100*80(String), 2024(Integer), 这里是详情描述(String), http://localhost:8087/upload/images/2026/04/22/40b9957f7df44ae79328e5237e0691bd.png(String), 1(Integer), 0(Long), 0(Long), 0(Integer), 1(Integer), 2(Integer), 1(Integer), 0.00(BigDecimal), 2(Integer), 0(Integer), 0(Integer), 0(Integer), 0(Integer), true(Boolean), 13(Integer), 0(Integer), 0(Long), 0(Integer), 2026-04-20T18:22:57(LocalDateTime), 2026-04-22T21:00:03(LocalDateTime), 19(Long)
2026-04-22T21:03:09.295+08:00 DEBUG 89063 --- [nio-8082-exec-5] c.s.p.mapper.ArtworkMapper.updateById    : <==    Updates: 1
2026-04-22T21:03:09.295+08:00 DEBUG 89063 --- [nio-8082-exec-5] c.s.p.mapper.ArtworkMapper.selectById    : ==>  Preparing: SELECT id,title,author_id,author_name,author_badge,author_avatar,author_bio,author_phone,category_id,art_type,medium,size,year,edition,description,cover_image,images,source,holder_id,holder_since,price,original_price,stock,status,weight,ownership_type,artwork_code,price_rise,view_count,favorite_count,sale_count,rating,review_count,distribution_enabled,commission_rate,distribution_orders,distribution_earnings,distribution_users,create_time,update_time,deleted FROM artwork WHERE id=? AND deleted=0
2026-04-22T21:03:09.295+08:00 DEBUG 89063 --- [nio-8082-exec-5] c.s.p.mapper.ArtworkMapper.selectById    : ==> Parameters: 19(Long)
2026-04-22T21:03:09.296+08:00 DEBUG 89063 --- [nio-8082-exec-5] c.s.p.mapper.ArtworkMapper.selectById    : <==      Total: 1
2026-04-22T21:03:09.297+08:00 DEBUG 89063 --- [nio-8082-exec-5] c.s.p.mapper.ArtworkMapper.updateById    : ==>  Preparing: UPDATE artwork SET title=?, author_id=?, author_name=?, category_id=?, size=?, year=?, description=?, cover_image=?, source=?, price=?, original_price=?, stock=?, status=?, weight=?, ownership_type=?, price_rise=?, view_count=?, favorite_count=?, sale_count=?, rating=?, review_count=?, distribution_enabled=?, commission_rate=?, distribution_orders=?, distribution_earnings=?, distribution_users=?, create_time=?, update_time=? WHERE id=? AND deleted=0
2026-04-22T21:03:09.298+08:00 DEBUG 89063 --- [nio-8082-exec-5] c.s.p.mapper.ArtworkMapper.updateById    : ==> Parameters: 远航(String), 1(Long), 1(String), 2(Long), 100*80(String), 2024(Integer), 这里是详情描述(String), http://localhost:8087/upload/images/2026/04/22/40b9957f7df44ae79328e5237e0691bd.png(String), 1(Integer), 0(Long), 0(Long), 0(Integer), 1(Integer), 2(Integer), 1(Integer), 0(BigDecimal), 2(Integer), 0(Integer), 0(Integer), 0(Integer), 0(Integer), true(Boolean), 13(Integer), 0(Integer), 0(Long), 0(Integer), 2026-04-20T18:22:57(LocalDateTime), 2026-04-22T21:03:09.297055(LocalDateTime), 19(Long)
2026-04-22T21:03:09.299+08:00 DEBUG 89063 --- [nio-8082-exec-5] c.s.p.mapper.ArtworkMapper.updateById    : <==    Updates: 1
2026-04-22T21:03:09.299+08:00 DEBUG 89063 --- [nio-8082-exec-5] c.s.p.mapper.ArtworkMapper.selectById    : ==>  Preparing: SELECT id,title,author_id,author_name,author_badge,author_avatar,author_bio,author_phone,category_id,art_type,medium,size,year,edition,description,cover_image,images,source,holder_id,holder_since,price,original_price,stock,status,weight,ownership_type,artwork_code,price_rise,view_count,favorite_count,sale_count,rating,review_count,distribution_enabled,commission_rate,distribution_orders,distribution_earnings,distribution_users,create_time,update_time,deleted FROM artwork WHERE id=? AND deleted=0
2026-04-22T21:03:09.299+08:00 DEBUG 89063 --- [nio-8082-exec-5] c.s.p.mapper.ArtworkMapper.selectById    : ==> Parameters: 19(Long)
2026-04-22T21:03:09.302+08:00 DEBUG 89063 --- [nio-8082-exec-5] c.s.p.mapper.ArtworkMapper.selectById    : <==      Total: 1
2026-04-22T21:03:10.394+08:00 DEBUG 89063 --- [nio-8082-exec-7] c.s.p.mapper.BannerMapper.selectList     : ==>  Preparing: SELECT id,title,image_url,link_type,link_value,sort,status,start_time,end_time,create_time,update_time FROM banner WHERE (status = ? AND ((start_time IS NULL OR start_time <= ?) AND (end_time IS NULL OR end_time >= ?))) ORDER BY sort ASC
2026-04-22T21:03:10.395+08:00 DEBUG 89063 --- [nio-8082-exec-7] c.s.p.mapper.BannerMapper.selectList     : ==> Parameters: 1(Integer), 2026-04-22T21:03:10.391007(LocalDateTime), 2026-04-22T21:03:10.391007(LocalDateTime)
2026-04-22T21:03:10.400+08:00 DEBUG 89063 --- [nio-8082-exec-7] c.s.p.mapper.BannerMapper.selectList     : <==      Total: 3
2026-04-22T21:03:10.402+08:00 DEBUG 89063 --- [nio-8082-exec-6] c.s.p.mapper.ArtworkMapper.selectList    : ==>  Preparing: SELECT id,title,author_id,author_name,author_badge,author_avatar,author_bio,author_phone,category_id,art_type,medium,size,year,edition,description,cover_image,images,source,holder_id,holder_since,price,original_price,stock,status,weight,ownership_type,artwork_code,price_rise,view_count,favorite_count,sale_count,rating,review_count,distribution_enabled,commission_rate,distribution_orders,distribution_earnings,distribution_users,create_time,update_time,deleted FROM artwork WHERE deleted=0 ORDER BY weight DESC,create_time DESC
2026-04-22T21:03:10.403+08:00 DEBUG 89063 --- [nio-8082-exec-6] c.s.p.mapper.ArtworkMapper.selectList    : ==> Parameters: 
2026-04-22T21:03:10.405+08:00 DEBUG 89063 --- [nio-8082-exec-6] c.s.p.mapper.ArtworkMapper.selectList    : <==      Total: 8
2026-04-22T21:03:11.315+08:00 DEBUG 89063 --- [nio-8082-exec-8] c.s.p.mapper.ArtworkMapper.selectById    : ==>  Preparing: SELECT id,title,author_id,author_name,author_badge,author_avatar,author_bio,author_phone,category_id,art_type,medium,size,year,edition,description,cover_image,images,source,holder_id,holder_since,price,original_price,stock,status,weight,ownership_type,artwork_code,price_rise,view_count,favorite_count,sale_count,rating,review_count,distribution_enabled,commission_rate,distribution_orders,distribution_earnings,distribution_users,create_time,update_time,deleted FROM artwork WHERE id=? AND deleted=0
2026-04-22T21:03:11.315+08:00 DEBUG 89063 --- [nio-8082-exec-8] c.s.p.mapper.ArtworkMapper.selectById    : ==> Parameters: 19(Long)
2026-04-22T21:03:11.317+08:00 DEBUG 89063 --- [nio-8082-exec-8] c.s.p.mapper.ArtworkMapper.selectById    : <==      Total: 1
2026-04-22T21:03:11.318+08:00 DEBUG 89063 --- [nio-8082-exec-8] c.s.p.mapper.ArtworkMapper.updateById    : ==>  Preparing: UPDATE artwork SET title=?, author_id=?, author_name=?, category_id=?, size=?, year=?, description=?, cover_image=?, source=?, price=?, original_price=?, stock=?, status=?, weight=?, ownership_type=?, price_rise=?, view_count=?, favorite_count=?, sale_count=?, rating=?, review_count=?, distribution_enabled=?, commission_rate=?, distribution_orders=?, distribution_earnings=?, distribution_users=?, create_time=?, update_time=? WHERE id=? AND deleted=0
2026-04-22T21:03:11.320+08:00 DEBUG 89063 --- [nio-8082-exec-8] c.s.p.mapper.ArtworkMapper.updateById    : ==> Parameters: 远航(String), 1(Long), 1(String), 2(Long), 100*80(String), 2024(Integer), 这里是详情描述(String), http://localhost:8087/upload/images/2026/04/22/40b9957f7df44ae79328e5237e0691bd.png(String), 1(Integer), 0(Long), 0(Long), 0(Integer), 1(Integer), 2(Integer), 1(Integer), 0.00(BigDecimal), 3(Integer), 0(Integer), 0(Integer), 0(Integer), 0(Integer), true(Boolean), 13(Integer), 0(Integer), 0(Long), 0(Integer), 2026-04-20T18:22:57(LocalDateTime), 2026-04-22T21:03:09(LocalDateTime), 19(Long)
2026-04-22T21:03:11.322+08:00 DEBUG 89063 --- [nio-8082-exec-8] c.s.p.mapper.ArtworkMapper.updateById    : <==    Updates: 1
2026-04-22T21:03:11.323+08:00 DEBUG 89063 --- [nio-8082-exec-8] c.s.p.mapper.ArtworkMapper.selectById    : ==>  Preparing: SELECT id,title,author_id,author_name,author_badge,author_avatar,author_bio,author_phone,category_id,art_type,medium,size,year,edition,description,cover_image,images,source,holder_id,holder_since,price,original_price,stock,status,weight,ownership_type,artwork_code,price_rise,view_count,favorite_count,sale_count,rating,review_count,distribution_enabled,commission_rate,distribution_orders,distribution_earnings,distribution_users,create_time,update_time,deleted FROM artwork WHERE id=? AND deleted=0
2026-04-22T21:03:11.323+08:00 DEBUG 89063 --- [nio-8082-exec-8] c.s.p.mapper.ArtworkMapper.selectById    : ==> Parameters: 19(Long)
2026-04-22T21:03:11.325+08:00 DEBUG 89063 --- [nio-8082-exec-8] c.s.p.mapper.ArtworkMapper.selectById    : <==      Total: 1
2026-04-22T21:03:11.326+08:00 DEBUG 89063 --- [nio-8082-exec-8] c.s.p.mapper.ArtworkMapper.updateById    : ==>  Preparing: UPDATE artwork SET title=?, author_id=?, author_name=?, category_id=?, size=?, year=?, description=?, cover_image=?, source=?, price=?, original_price=?, stock=?, status=?, weight=?, ownership_type=?, price_rise=?, view_count=?, favorite_count=?, sale_count=?, rating=?, review_count=?, distribution_enabled=?, commission_rate=?, distribution_orders=?, distribution_earnings=?, distribution_users=?, create_time=?, update_time=? WHERE id=? AND deleted=0
2026-04-22T21:03:11.327+08:00 DEBUG 89063 --- [nio-8082-exec-8] c.s.p.mapper.ArtworkMapper.updateById    : ==> Parameters: 远航(String), 1(Long), 1(String), 2(Long), 100*80(String), 2024(Integer), 这里是详情描述(String), http://localhost:8087/upload/images/2026/04/22/40b9957f7df44ae79328e5237e0691bd.png(String), 1(Integer), 0(Long), 0(Long), 0(Integer), 1(Integer), 2(Integer), 1(Integer), 0(BigDecimal), 3(Integer), 0(Integer), 0(Integer), 0(Integer), 0(Integer), true(Boolean), 13(Integer), 0(Integer), 0(Long), 0(Integer), 2026-04-20T18:22:57(LocalDateTime), 2026-04-22T21:03:11.325268(LocalDateTime), 19(Long)
2026-04-22T21:03:11.328+08:00 DEBUG 89063 --- [nio-8082-exec-8] c.s.p.mapper.ArtworkMapper.updateById    : <==    Updates: 1
2026-04-22T21:03:11.328+08:00 DEBUG 89063 --- [nio-8082-exec-8] c.s.p.mapper.ArtworkMapper.selectById    : ==>  Preparing: SELECT id,title,author_id,author_name,author_badge,author_avatar,author_bio,author_phone,category_id,art_type,medium,size,year,edition,description,cover_image,images,source,holder_id,holder_since,price,original_price,stock,status,weight,ownership_type,artwork_code,price_rise,view_count,favorite_count,sale_count,rating,review_count,distribution_enabled,commission_rate,distribution_orders,distribution_earnings,distribution_users,create_time,update_time,deleted FROM artwork WHERE id=? AND deleted=0
2026-04-22T21:03:11.328+08:00 DEBUG 89063 --- [nio-8082-exec-8] c.s.p.mapper.ArtworkMapper.selectById    : ==> Parameters: 19(Long)
2026-04-22T21:03:11.330+08:00 DEBUG 89063 --- [nio-8082-exec-8] c.s.p.mapper.ArtworkMapper.selectById    : <==      Total: 1
2026-04-22T21:03:14.964+08:00 DEBUG 89063 --- [nio-8082-exec-9] c.s.p.mapper.ArtworkMapper.selectById    : ==>  Preparing: SELECT id,title,author_id,author_name,author_badge,author_avatar,author_bio,author_phone,category_id,art_type,medium,size,year,edition,description,cover_image,images,source,holder_id,holder_since,price,original_price,stock,status,weight,ownership_type,artwork_code,price_rise,view_count,favorite_count,sale_count,rating,review_count,distribution_enabled,commission_rate,distribution_orders,distribution_earnings,distribution_users,create_time,update_time,deleted FROM artwork WHERE id=? AND deleted=0
2026-04-22T21:03:14.964+08:00 DEBUG 89063 --- [nio-8082-exec-9] c.s.p.mapper.ArtworkMapper.selectById    : ==> Parameters: 19(Long)
2026-04-22T21:03:14.965+08:00 DEBUG 89063 --- [nio-8082-exec-9] c.s.p.mapper.ArtworkMapper.selectById    : <==      Total: 1
2026-04-22T21:03:14.966+08:00 DEBUG 89063 --- [nio-8082-exec-9] c.s.p.mapper.ArtworkMapper.updateById    : ==>  Preparing: UPDATE artwork SET title=?, author_id=?, author_name=?, category_id=?, size=?, year=?, description=?, cover_image=?, source=?, price=?, original_price=?, stock=?, status=?, weight=?, ownership_type=?, price_rise=?, view_count=?, favorite_count=?, sale_count=?, rating=?, review_count=?, distribution_enabled=?, commission_rate=?, distribution_orders=?, distribution_earnings=?, distribution_users=?, create_time=?, update_time=? WHERE id=? AND deleted=0
2026-04-22T21:03:14.966+08:00 DEBUG 89063 --- [nio-8082-exec-9] c.s.p.mapper.ArtworkMapper.updateById    : ==> Parameters: 远航(String), 1(Long), 1(String), 2(Long), 100*80(String), 2024(Integer), 这里是详情描述(String), http://localhost:8087/upload/images/2026/04/22/40b9957f7df44ae79328e5237e0691bd.png(String), 1(Integer), 0(Long), 0(Long), 0(Integer), 1(Integer), 2(Integer), 1(Integer), 0.00(BigDecimal), 4(Integer), 0(Integer), 0(Integer), 0(Integer), 0(Integer), true(Boolean), 13(Integer), 0(Integer), 0(Long), 0(Integer), 2026-04-20T18:22:57(LocalDateTime), 2026-04-22T21:03:11(LocalDateTime), 19(Long)
2026-04-22T21:03:14.967+08:00 DEBUG 89063 --- [nio-8082-exec-9] c.s.p.mapper.ArtworkMapper.updateById    : <==    Updates: 1
2026-04-22T21:03:14.968+08:00 DEBUG 89063 --- [nio-8082-exec-9] c.s.p.mapper.ArtworkMapper.selectById    : ==>  Preparing: SELECT id,title,author_id,author_name,author_badge,author_avatar,author_bio,author_phone,category_id,art_type,medium,size,year,edition,description,cover_image,images,source,holder_id,holder_since,price,original_price,stock,status,weight,ownership_type,artwork_code,price_rise,view_count,favorite_count,sale_count,rating,review_count,distribution_enabled,commission_rate,distribution_orders,distribution_earnings,distribution_users,create_time,update_time,deleted FROM artwork WHERE id=? AND deleted=0
2026-04-22T21:03:14.968+08:00 DEBUG 89063 --- [nio-8082-exec-9] c.s.p.mapper.ArtworkMapper.selectById    : ==> Parameters: 19(Long)
2026-04-22T21:03:14.968+08:00 DEBUG 89063 --- [nio-8082-exec-9] c.s.p.mapper.ArtworkMapper.selectById    : <==      Total: 1
2026-04-22T21:03:14.969+08:00 DEBUG 89063 --- [nio-8082-exec-9] c.s.p.mapper.ArtworkMapper.updateById    : ==>  Preparing: UPDATE artwork SET title=?, author_id=?, author_name=?, category_id=?, size=?, year=?, description=?, cover_image=?, source=?, price=?, original_price=?, stock=?, status=?, weight=?, ownership_type=?, price_rise=?, view_count=?, favorite_count=?, sale_count=?, rating=?, review_count=?, distribution_enabled=?, commission_rate=?, distribution_orders=?, distribution_earnings=?, distribution_users=?, create_time=?, update_time=? WHERE id=? AND deleted=0
2026-04-22T21:03:14.969+08:00 DEBUG 89063 --- [nio-8082-exec-9] c.s.p.mapper.ArtworkMapper.updateById    : ==> Parameters: 远航(String), 1(Long), 1(String), 2(Long), 100*80(String), 2024(Integer), 这里是详情描述(String), http://localhost:8087/upload/images/2026/04/22/40b9957f7df44ae79328e5237e0691bd.png(String), 1(Integer), 0(Long), 0(Long), 0(Integer), 1(Integer), 2(Integer), 1(Integer), 0(BigDecimal), 4(Integer), 0(Integer), 0(Integer), 0(Integer), 0(Integer), true(Boolean), 13(Integer), 0(Integer), 0(Long), 0(Integer), 2026-04-20T18:22:57(LocalDateTime), 2026-04-22T21:03:14.968729(LocalDateTime), 19(Long)
2026-04-22T21:03:14.969+08:00 DEBUG 89063 --- [nio-8082-exec-9] c.s.p.mapper.ArtworkMapper.updateById    : <==    Updates: 1
2026-04-22T21:03:14.969+08:00 DEBUG 89063 --- [nio-8082-exec-9] c.s.p.mapper.ArtworkMapper.selectById    : ==>  Preparing: SELECT id,title,author_id,author_name,author_badge,author_avatar,author_bio,author_phone,category_id,art_type,medium,size,year,edition,description,cover_image,images,source,holder_id,holder_since,price,original_price,stock,status,weight,ownership_type,artwork_code,price_rise,view_count,favorite_count,sale_count,rating,review_count,distribution_enabled,commission_rate,distribution_orders,distribution_earnings,distribution_users,create_time,update_time,deleted FROM artwork WHERE id=? AND deleted=0
2026-04-22T21:03:14.970+08:00 DEBUG 89063 --- [nio-8082-exec-9] c.s.p.mapper.ArtworkMapper.selectById    : ==> Parameters: 19(Long)
2026-04-22T21:03:14.970+08:00 DEBUG 89063 --- [nio-8082-exec-9] c.s.p.mapper.ArtworkMapper.selectById    : <==      Total: 1
2026-04-22T21:03:24.214+08:00 DEBUG 89063 --- [io-8082-exec-10] c.s.p.mapper.ArtworkMapper.selectById    : ==>  Preparing: SELECT id,title,author_id,author_name,author_badge,author_avatar,author_bio,author_phone,category_id,art_type,medium,size,year,edition,description,cover_image,images,source,holder_id,holder_since,price,original_price,stock,status,weight,ownership_type,artwork_code,price_rise,view_count,favorite_count,sale_count,rating,review_count,distribution_enabled,commission_rate,distribution_orders,distribution_earnings,distribution_users,create_time,update_time,deleted FROM artwork WHERE id=? AND deleted=0
2026-04-22T21:03:24.214+08:00 DEBUG 89063 --- [io-8082-exec-10] c.s.p.mapper.ArtworkMapper.selectById    : ==> Parameters: 2(Long)
2026-04-22T21:03:24.216+08:00 DEBUG 89063 --- [io-8082-exec-10] c.s.p.mapper.ArtworkMapper.selectById    : <==      Total: 0
2026-04-22T21:03:24.218+08:00  WARN 89063 --- [io-8082-exec-10] c.s.c.exception.GlobalExceptionHandler   : 业务异常 - URI: /product/2, Code: 1201, Message: 作品不存在
2026-04-22T21:03:24.777+08:00 DEBUG 89063 --- [nio-8082-exec-3] c.s.p.mapper.ArtworkMapper.selectList    : ==>  Preparing: SELECT id,title,author_id,author_name,author_badge,author_avatar,author_bio,author_phone,category_id,art_type,medium,size,year,edition,description,cover_image,images,source,holder_id,holder_since,price,original_price,stock,status,weight,ownership_type,artwork_code,price_rise,view_count,favorite_count,sale_count,rating,review_count,distribution_enabled,commission_rate,distribution_orders,distribution_earnings,distribution_users,create_time,update_time,deleted FROM artwork WHERE deleted=0 ORDER BY weight DESC,create_time DESC
2026-04-22T21:03:24.777+08:00 DEBUG 89063 --- [nio-8082-exec-2] c.s.p.mapper.CategoryMapper.selectList   : ==>  Preparing: SELECT id,name,icon,sort,parent_id,status,create_time,update_time FROM artwork_category WHERE (status = ?) ORDER BY sort DESC
2026-04-22T21:03:24.778+08:00 DEBUG 89063 --- [nio-8082-exec-3] c.s.p.mapper.ArtworkMapper.selectList    : ==> Parameters: 
2026-04-22T21:03:24.778+08:00 DEBUG 89063 --- [nio-8082-exec-2] c.s.p.mapper.CategoryMapper.selectList   : ==> Parameters: 1(Integer)
2026-04-22T21:03:24.782+08:00 DEBUG 89063 --- [nio-8082-exec-2] c.s.p.mapper.CategoryMapper.selectList   : <==      Total: 6
2026-04-22T21:03:24.782+08:00 DEBUG 89063 --- [nio-8082-exec-3] c.s.p.mapper.ArtworkMapper.selectList    : <==      Total: 8
2026-04-22T21:03:34.319+08:00 DEBUG 89063 --- [nio-8082-exec-1] c.s.p.mapper.ArtworkMapper.selectById    : ==>  Preparing: SELECT id,title,author_id,author_name,author_badge,author_avatar,author_bio,author_phone,category_id,art_type,medium,size,year,edition,description,cover_image,images,source,holder_id,holder_since,price,original_price,stock,status,weight,ownership_type,artwork_code,price_rise,view_count,favorite_count,sale_count,rating,review_count,distribution_enabled,commission_rate,distribution_orders,distribution_earnings,distribution_users,create_time,update_time,deleted FROM artwork WHERE id=? AND deleted=0
2026-04-22T21:03:34.320+08:00 DEBUG 89063 --- [nio-8082-exec-1] c.s.p.mapper.ArtworkMapper.selectById    : ==> Parameters: 1(Long)
2026-04-22T21:03:34.321+08:00 DEBUG 89063 --- [nio-8082-exec-1] c.s.p.mapper.ArtworkMapper.selectById    : <==      Total: 1
2026-04-22T21:03:34.322+08:00 DEBUG 89063 --- [nio-8082-exec-1] c.s.p.mapper.ArtworkMapper.updateById    : ==>  Preparing: UPDATE artwork SET title=?, author_id=?, category_id=?, art_type=?, size=?, cover_image=?, source=?, price=?, stock=?, status=?, weight=?, ownership_type=?, price_rise=?, view_count=?, favorite_count=?, sale_count=?, rating=?, review_count=?, distribution_enabled=?, commission_rate=?, distribution_orders=?, distribution_earnings=?, distribution_users=?, create_time=?, update_time=? WHERE id=? AND deleted=0
2026-04-22T21:03:34.322+08:00 DEBUG 89063 --- [nio-8082-exec-1] c.s.p.mapper.ArtworkMapper.updateById    : ==> Parameters: 更新测试(String), 1(Long), 1(Long), æ°´å¢¨(String), 50x70cm(String), https://picsum.photos/400/400?random=101(String), 1(Integer), 10000(Long), 1(Integer), 0(Integer), 0(Integer), 1(Integer), 0.00(BigDecimal), 3(Integer), 0(Integer), 0(Integer), 0(Integer), 0(Integer), false(Boolean), 10(Integer), 0(Integer), 0(Long), 0(Integer), 2026-04-20T08:21:53(LocalDateTime), 2026-04-20T19:20:33(LocalDateTime), 1(Long)
2026-04-22T21:03:34.324+08:00 DEBUG 89063 --- [nio-8082-exec-1] c.s.p.mapper.ArtworkMapper.updateById    : <==    Updates: 1
2026-04-22T21:03:34.324+08:00 DEBUG 89063 --- [nio-8082-exec-1] c.s.p.mapper.ArtworkMapper.selectById    : ==>  Preparing: SELECT id,title,author_id,author_name,author_badge,author_avatar,author_bio,author_phone,category_id,art_type,medium,size,year,edition,description,cover_image,images,source,holder_id,holder_since,price,original_price,stock,status,weight,ownership_type,artwork_code,price_rise,view_count,favorite_count,sale_count,rating,review_count,distribution_enabled,commission_rate,distribution_orders,distribution_earnings,distribution_users,create_time,update_time,deleted FROM artwork WHERE id=? AND deleted=0
2026-04-22T21:03:34.324+08:00 DEBUG 89063 --- [nio-8082-exec-1] c.s.p.mapper.ArtworkMapper.selectById    : ==> Parameters: 1(Long)
2026-04-22T21:03:34.325+08:00 DEBUG 89063 --- [nio-8082-exec-1] c.s.p.mapper.ArtworkMapper.selectById    : <==      Total: 1
2026-04-22T21:03:37.726+08:00 DEBUG 89063 --- [nio-8082-exec-4] c.s.p.mapper.ArtworkMapper.selectById    : ==>  Preparing: SELECT id,title,author_id,author_name,author_badge,author_avatar,author_bio,author_phone,category_id,art_type,medium,size,year,edition,description,cover_image,images,source,holder_id,holder_since,price,original_price,stock,status,weight,ownership_type,artwork_code,price_rise,view_count,favorite_count,sale_count,rating,review_count,distribution_enabled,commission_rate,distribution_orders,distribution_earnings,distribution_users,create_time,update_time,deleted FROM artwork WHERE id=? AND deleted=0
2026-04-22T21:03:37.727+08:00 DEBUG 89063 --- [nio-8082-exec-4] c.s.p.mapper.ArtworkMapper.selectById    : ==> Parameters: 1(Long)
2026-04-22T21:03:37.727+08:00 DEBUG 89063 --- [nio-8082-exec-4] c.s.p.mapper.ArtworkMapper.selectById    : <==      Total: 1
2026-04-22T21:03:37.728+08:00 DEBUG 89063 --- [nio-8082-exec-4] c.s.p.mapper.ArtworkMapper.updateById    : ==>  Preparing: UPDATE artwork SET title=?, author_id=?, category_id=?, art_type=?, size=?, cover_image=?, source=?, price=?, stock=?, status=?, weight=?, ownership_type=?, price_rise=?, view_count=?, favorite_count=?, sale_count=?, rating=?, review_count=?, distribution_enabled=?, commission_rate=?, distribution_orders=?, distribution_earnings=?, distribution_users=?, create_time=?, update_time=? WHERE id=? AND deleted=0
2026-04-22T21:03:37.728+08:00 DEBUG 89063 --- [nio-8082-exec-4] c.s.p.mapper.ArtworkMapper.updateById    : ==> Parameters: 更新测试(String), 1(Long), 1(Long), æ°´å¢¨(String), 50x70cm(String), https://picsum.photos/400/400?random=101(String), 1(Integer), 10000(Long), 1(Integer), 0(Integer), 0(Integer), 1(Integer), 0.00(BigDecimal), 4(Integer), 0(Integer), 0(Integer), 0(Integer), 0(Integer), false(Boolean), 10(Integer), 0(Integer), 0(Long), 0(Integer), 2026-04-20T08:21:53(LocalDateTime), 2026-04-20T19:20:33(LocalDateTime), 1(Long)
2026-04-22T21:03:37.730+08:00 DEBUG 89063 --- [nio-8082-exec-4] c.s.p.mapper.ArtworkMapper.updateById    : <==    Updates: 1
2026-04-22T21:03:37.730+08:00 DEBUG 89063 --- [nio-8082-exec-4] c.s.p.mapper.ArtworkMapper.selectById    : ==>  Preparing: SELECT id,title,author_id,author_name,author_badge,author_avatar,author_bio,author_phone,category_id,art_type,medium,size,year,edition,description,cover_image,images,source,holder_id,holder_since,price,original_price,stock,status,weight,ownership_type,artwork_code,price_rise,view_count,favorite_count,sale_count,rating,review_count,distribution_enabled,commission_rate,distribution_orders,distribution_earnings,distribution_users,create_time,update_time,deleted FROM artwork WHERE id=? AND deleted=0
2026-04-22T21:03:37.730+08:00 DEBUG 89063 --- [nio-8082-exec-4] c.s.p.mapper.ArtworkMapper.selectById    : ==> Parameters: 1(Long)
2026-04-22T21:03:37.731+08:00 DEBUG 89063 --- [nio-8082-exec-4] c.s.p.mapper.ArtworkMapper.selectById    : <==      Total: 1
2026-04-22T21:03:55.616+08:00 DEBUG 89063 --- [nio-8082-exec-5] c.s.p.mapper.ArtworkMapper.selectById    : ==>  Preparing: SELECT id,title,author_id,author_name,author_badge,author_avatar,author_bio,author_phone,category_id,art_type,medium,size,year,edition,description,cover_image,images,source,holder_id,holder_since,price,original_price,stock,status,weight,ownership_type,artwork_code,price_rise,view_count,favorite_count,sale_count,rating,review_count,distribution_enabled,commission_rate,distribution_orders,distribution_earnings,distribution_users,create_time,update_time,deleted FROM artwork WHERE id=? AND deleted=0
2026-04-22T21:03:55.616+08:00 DEBUG 89063 --- [nio-8082-exec-5] c.s.p.mapper.ArtworkMapper.selectById    : ==> Parameters: 19(Long)
2026-04-22T21:03:55.617+08:00 DEBUG 89063 --- [nio-8082-exec-5] c.s.p.mapper.ArtworkMapper.selectById    : <==      Total: 1
2026-04-22T21:03:55.618+08:00 DEBUG 89063 --- [nio-8082-exec-5] c.s.p.mapper.ArtworkMapper.updateById    : ==>  Preparing: UPDATE artwork SET title=?, author_id=?, author_name=?, category_id=?, size=?, year=?, description=?, cover_image=?, source=?, price=?, original_price=?, stock=?, status=?, weight=?, ownership_type=?, price_rise=?, view_count=?, favorite_count=?, sale_count=?, rating=?, review_count=?, distribution_enabled=?, commission_rate=?, distribution_orders=?, distribution_earnings=?, distribution_users=?, create_time=?, update_time=? WHERE id=? AND deleted=0
2026-04-22T21:03:55.618+08:00 DEBUG 89063 --- [nio-8082-exec-5] c.s.p.mapper.ArtworkMapper.updateById    : ==> Parameters: 远航(String), 1(Long), 刘亦菲(String), 1(Long), 100*80(String), 2024(Integer), 这里是详情描述，啊山东冷风机阿斯蒂芬   ，马松地方就；啊伺机待发；简奥斯丁发加上；地方计划；奥丝蓝黛尽快发；拉伸放；拉数据开发；拉克丝的；肺力咳敬爱的；放拉屎；砥砺奋进看暗色；来得及看发；奥丝蓝黛尽快发；奥丝蓝黛尽快发；沙岭街道放；猎杀对决看；撒菱；啥拉家带口(String), http://localhost:8087/upload/images/2026/04/22/40b9957f7df44ae79328e5237e0691bd.png(String), 1(Integer), 1280000(Long), 0(Long), 0(Integer), 1(Integer), 2(Integer), 1(Integer), 0.00(BigDecimal), 4(Integer), 0(Integer), 0(Integer), 0(Integer), 0(Integer), true(Boolean), 13(Integer), 0(Integer), 0(Long), 0(Integer), 2026-04-20T18:22:57(LocalDateTime), 2026-04-22T21:03:55.617723(LocalDateTime), 19(Long)
2026-04-22T21:03:55.620+08:00 DEBUG 89063 --- [nio-8082-exec-5] c.s.p.mapper.ArtworkMapper.updateById    : <==    Updates: 1
2026-04-22T21:03:55.631+08:00 DEBUG 89063 --- [nio-8082-exec-7] c.s.p.mapper.ArtworkMapper.selectList    : ==>  Preparing: SELECT id,title,author_id,author_name,author_badge,author_avatar,author_bio,author_phone,category_id,art_type,medium,size,year,edition,description,cover_image,images,source,holder_id,holder_since,price,original_price,stock,status,weight,ownership_type,artwork_code,price_rise,view_count,favorite_count,sale_count,rating,review_count,distribution_enabled,commission_rate,distribution_orders,distribution_earnings,distribution_users,create_time,update_time,deleted FROM artwork WHERE deleted=0 ORDER BY weight DESC,create_time DESC
2026-04-22T21:03:55.632+08:00 DEBUG 89063 --- [nio-8082-exec-7] c.s.p.mapper.ArtworkMapper.selectList    : ==> Parameters: 
2026-04-22T21:03:55.635+08:00 DEBUG 89063 --- [nio-8082-exec-7] c.s.p.mapper.ArtworkMapper.selectList    : <==      Total: 8
2026-04-22T21:03:58.445+08:00 DEBUG 89063 --- [nio-8082-exec-6] c.s.p.mapper.ArtworkMapper.selectById    : ==>  Preparing: SELECT id,title,author_id,author_name,author_badge,author_avatar,author_bio,author_phone,category_id,art_type,medium,size,year,edition,description,cover_image,images,source,holder_id,holder_since,price,original_price,stock,status,weight,ownership_type,artwork_code,price_rise,view_count,favorite_count,sale_count,rating,review_count,distribution_enabled,commission_rate,distribution_orders,distribution_earnings,distribution_users,create_time,update_time,deleted FROM artwork WHERE id=? AND deleted=0
2026-04-22T21:03:58.446+08:00 DEBUG 89063 --- [nio-8082-exec-6] c.s.p.mapper.ArtworkMapper.selectById    : ==> Parameters: 19(Long)
2026-04-22T21:03:58.447+08:00 DEBUG 89063 --- [nio-8082-exec-6] c.s.p.mapper.ArtworkMapper.selectById    : <==      Total: 1
2026-04-22T21:03:58.447+08:00 DEBUG 89063 --- [nio-8082-exec-6] c.s.p.mapper.ArtworkMapper.updateById    : ==>  Preparing: UPDATE artwork SET title=?, author_id=?, author_name=?, category_id=?, size=?, year=?, description=?, cover_image=?, source=?, price=?, original_price=?, stock=?, status=?, weight=?, ownership_type=?, price_rise=?, view_count=?, favorite_count=?, sale_count=?, rating=?, review_count=?, distribution_enabled=?, commission_rate=?, distribution_orders=?, distribution_earnings=?, distribution_users=?, create_time=?, update_time=? WHERE id=? AND deleted=0
2026-04-22T21:03:58.448+08:00 DEBUG 89063 --- [nio-8082-exec-6] c.s.p.mapper.ArtworkMapper.updateById    : ==> Parameters: 远航(String), 1(Long), 刘亦菲(String), 1(Long), 100*80(String), 2024(Integer), 这里是详情描述，啊山东冷风机阿斯蒂芬   ，马松地方就；啊伺机待发；简奥斯丁发加上；地方计划；奥丝蓝黛尽快发；拉伸放；拉数据开发；拉克丝的；肺力咳敬爱的；放拉屎；砥砺奋进看暗色；来得及看发；奥丝蓝黛尽快发；奥丝蓝黛尽快发；沙岭街道放；猎杀对决看；撒菱；啥拉家带口(String), http://localhost:8087/upload/images/2026/04/22/40b9957f7df44ae79328e5237e0691bd.png(String), 1(Integer), 1280000(Long), 0(Long), 0(Integer), 1(Integer), 2(Integer), 1(Integer), 0.00(BigDecimal), 5(Integer), 0(Integer), 0(Integer), 0(Integer), 0(Integer), true(Boolean), 13(Integer), 0(Integer), 0(Long), 0(Integer), 2026-04-20T18:22:57(LocalDateTime), 2026-04-22T21:03:56(LocalDateTime), 19(Long)
2026-04-22T21:03:58.449+08:00 DEBUG 89063 --- [nio-8082-exec-6] c.s.p.mapper.ArtworkMapper.updateById    : <==    Updates: 1
2026-04-22T21:03:58.449+08:00 DEBUG 89063 --- [nio-8082-exec-6] c.s.p.mapper.ArtworkMapper.selectById    : ==>  Preparing: SELECT id,title,author_id,author_name,author_badge,author_avatar,author_bio,author_phone,category_id,art_type,medium,size,year,edition,description,cover_image,images,source,holder_id,holder_since,price,original_price,stock,status,weight,ownership_type,artwork_code,price_rise,view_count,favorite_count,sale_count,rating,review_count,distribution_enabled,commission_rate,distribution_orders,distribution_earnings,distribution_users,create_time,update_time,deleted FROM artwork WHERE id=? AND deleted=0
2026-04-22T21:03:58.449+08:00 DEBUG 89063 --- [nio-8082-exec-6] c.s.p.mapper.ArtworkMapper.selectById    : ==> Parameters: 19(Long)
2026-04-22T21:03:58.451+08:00 DEBUG 89063 --- [nio-8082-exec-6] c.s.p.mapper.ArtworkMapper.selectById    : <==      Total: 1
2026-04-22T21:03:58.452+08:00 DEBUG 89063 --- [nio-8082-exec-6] c.s.p.mapper.ArtworkMapper.updateById    : ==>  Preparing: UPDATE artwork SET title=?, author_id=?, author_name=?, category_id=?, size=?, year=?, description=?, cover_image=?, source=?, price=?, original_price=?, stock=?, status=?, weight=?, ownership_type=?, price_rise=?, view_count=?, favorite_count=?, sale_count=?, rating=?, review_count=?, distribution_enabled=?, commission_rate=?, distribution_orders=?, distribution_earnings=?, distribution_users=?, create_time=?, update_time=? WHERE id=? AND deleted=0
2026-04-22T21:03:58.453+08:00 DEBUG 89063 --- [nio-8082-exec-6] c.s.p.mapper.ArtworkMapper.updateById    : ==> Parameters: 远航(String), 1(Long), 刘亦菲(String), 1(Long), 100*80(String), 2024(Integer), 这里是详情描述，啊山东冷风机阿斯蒂芬   ，马松地方就；啊伺机待发；简奥斯丁发加上；地方计划；奥丝蓝黛尽快发；拉伸放；拉数据开发；拉克丝的；肺力咳敬爱的；放拉屎；砥砺奋进看暗色；来得及看发；奥丝蓝黛尽快发；奥丝蓝黛尽快发；沙岭街道放；猎杀对决看；撒菱；啥拉家带口(String), http://localhost:8087/upload/images/2026/04/22/40b9957f7df44ae79328e5237e0691bd.png(String), 1(Integer), 0(Long), 0(Long), 0(Integer), 1(Integer), 2(Integer), 1(Integer), 0(BigDecimal), 5(Integer), 0(Integer), 0(Integer), 0(Integer), 0(Integer), true(Boolean), 13(Integer), 0(Integer), 0(Long), 0(Integer), 2026-04-20T18:22:57(LocalDateTime), 2026-04-22T21:03:58.451318(LocalDateTime), 19(Long)
2026-04-22T21:03:58.454+08:00 DEBUG 89063 --- [nio-8082-exec-6] c.s.p.mapper.ArtworkMapper.updateById    : <==    Updates: 1
2026-04-22T21:03:58.454+08:00 DEBUG 89063 --- [nio-8082-exec-6] c.s.p.mapper.ArtworkMapper.selectById    : ==>  Preparing: SELECT id,title,author_id,author_name,author_badge,author_avatar,author_bio,author_phone,category_id,art_type,medium,size,year,edition,description,cover_image,images,source,holder_id,holder_since,price,original_price,stock,status,weight,ownership_type,artwork_code,price_rise,view_count,favorite_count,sale_count,rating,review_count,distribution_enabled,commission_rate,distribution_orders,distribution_earnings,distribution_users,create_time,update_time,deleted FROM artwork WHERE id=? AND deleted=0
2026-04-22T21:03:58.454+08:00 DEBUG 89063 --- [nio-8082-exec-6] c.s.p.mapper.ArtworkMapper.selectById    : ==> Parameters: 19(Long)
2026-04-22T21:03:58.455+08:00 DEBUG 89063 --- [nio-8082-exec-6] c.s.p.mapper.ArtworkMapper.selectById    : <==      Total: 1
2026-04-22T21:04:08.106+08:00 DEBUG 89063 --- [nio-8082-exec-8] c.s.p.mapper.ArtworkMapper.selectById    : ==>  Preparing: SELECT id,title,author_id,author_name,author_badge,author_avatar,author_bio,author_phone,category_id,art_type,medium,size,year,edition,description,cover_image,images,source,holder_id,holder_since,price,original_price,stock,status,weight,ownership_type,artwork_code,price_rise,view_count,favorite_count,sale_count,rating,review_count,distribution_enabled,commission_rate,distribution_orders,distribution_earnings,distribution_users,create_time,update_time,deleted FROM artwork WHERE id=? AND deleted=0
2026-04-22T21:04:08.107+08:00 DEBUG 89063 --- [nio-8082-exec-8] c.s.p.mapper.ArtworkMapper.selectById    : ==> Parameters: 19(Long)
2026-04-22T21:04:08.111+08:00 DEBUG 89063 --- [nio-8082-exec-8] c.s.p.mapper.ArtworkMapper.selectById    : <==      Total: 1
2026-04-22T21:04:08.118+08:00 DEBUG 89063 --- [nio-8082-exec-8] c.s.p.mapper.ArtworkMapper.updateById    : ==>  Preparing: UPDATE artwork SET title=?, author_id=?, author_name=?, category_id=?, size=?, year=?, description=?, cover_image=?, source=?, price=?, original_price=?, stock=?, status=?, weight=?, ownership_type=?, price_rise=?, view_count=?, favorite_count=?, sale_count=?, rating=?, review_count=?, distribution_enabled=?, commission_rate=?, distribution_orders=?, distribution_earnings=?, distribution_users=?, create_time=?, update_time=? WHERE id=? AND deleted=0
2026-04-22T21:04:08.118+08:00 DEBUG 89063 --- [nio-8082-exec-8] c.s.p.mapper.ArtworkMapper.updateById    : ==> Parameters: 远航(String), 1(Long), 刘亦菲(String), 1(Long), 100*80(String), 2024(Integer), 这里是详情描述，啊山东冷风机阿斯蒂芬   ，马松地方就；啊伺机待发；简奥斯丁发加上；地方计划；奥丝蓝黛尽快发；拉伸放；拉数据开发；拉克丝的；肺力咳敬爱的；放拉屎；砥砺奋进看暗色；来得及看发；奥丝蓝黛尽快发；奥丝蓝黛尽快发；沙岭街道放；猎杀对决看；撒菱；啥拉家带口(String), http://localhost:8087/upload/images/2026/04/22/40b9957f7df44ae79328e5237e0691bd.png(String), 1(Integer), 0(Long), 0(Long), 0(Integer), 1(Integer), 2(Integer), 1(Integer), 0.00(BigDecimal), 6(Integer), 0(Integer), 0(Integer), 0(Integer), 0(Integer), true(Boolean), 13(Integer), 0(Integer), 0(Long), 0(Integer), 2026-04-20T18:22:57(LocalDateTime), 2026-04-22T21:03:58(LocalDateTime), 19(Long)
2026-04-22T21:04:08.120+08:00 DEBUG 89063 --- [nio-8082-exec-8] c.s.p.mapper.ArtworkMapper.updateById    : <==    Updates: 1
2026-04-22T21:04:08.120+08:00 DEBUG 89063 --- [nio-8082-exec-8] c.s.p.mapper.ArtworkMapper.selectById    : ==>  Preparing: SELECT id,title,author_id,author_name,author_badge,author_avatar,author_bio,author_phone,category_id,art_type,medium,size,year,edition,description,cover_image,images,source,holder_id,holder_since,price,original_price,stock,status,weight,ownership_type,artwork_code,price_rise,view_count,favorite_count,sale_count,rating,review_count,distribution_enabled,commission_rate,distribution_orders,distribution_earnings,distribution_users,create_time,update_time,deleted FROM artwork WHERE id=? AND deleted=0
2026-04-22T21:04:08.120+08:00 DEBUG 89063 --- [nio-8082-exec-8] c.s.p.mapper.ArtworkMapper.selectById    : ==> Parameters: 19(Long)
2026-04-22T21:04:08.121+08:00 DEBUG 89063 --- [nio-8082-exec-8] c.s.p.mapper.ArtworkMapper.selectById    : <==      Total: 1
2026-04-22T21:04:08.122+08:00 DEBUG 89063 --- [nio-8082-exec-8] c.s.p.mapper.ArtworkMapper.updateById    : ==>  Preparing: UPDATE artwork SET title=?, author_id=?, author_name=?, category_id=?, size=?, year=?, description=?, cover_image=?, source=?, price=?, original_price=?, stock=?, status=?, weight=?, ownership_type=?, price_rise=?, view_count=?, favorite_count=?, sale_count=?, rating=?, review_count=?, distribution_enabled=?, commission_rate=?, distribution_orders=?, distribution_earnings=?, distribution_users=?, create_time=?, update_time=? WHERE id=? AND deleted=0
2026-04-22T21:04:08.123+08:00 DEBUG 89063 --- [nio-8082-exec-8] c.s.p.mapper.ArtworkMapper.updateById    : ==> Parameters: 远航(String), 1(Long), 刘亦菲(String), 1(Long), 100*80(String), 2024(Integer), 这里是详情描述，啊山东冷风机阿斯蒂芬   ，马松地方就；啊伺机待发；简奥斯丁发加上；地方计划；奥丝蓝黛尽快发；拉伸放；拉数据开发；拉克丝的；肺力咳敬爱的；放拉屎；砥砺奋进看暗色；来得及看发；奥丝蓝黛尽快发；奥丝蓝黛尽快发；沙岭街道放；猎杀对决看；撒菱；啥拉家带口(String), http://localhost:8087/upload/images/2026/04/22/40b9957f7df44ae79328e5237e0691bd.png(String), 1(Integer), 0(Long), 0(Long), 0(Integer), 1(Integer), 2(Integer), 1(Integer), 0(BigDecimal), 6(Integer), 0(Integer), 0(Integer), 0(Integer), 0(Integer), true(Boolean), 13(Integer), 0(Integer), 0(Long), 0(Integer), 2026-04-20T18:22:57(LocalDateTime), 2026-04-22T21:04:08.122089(LocalDateTime), 19(Long)
2026-04-22T21:04:08.124+08:00 DEBUG 89063 --- [nio-8082-exec-8] c.s.p.mapper.ArtworkMapper.updateById    : <==    Updates: 1
2026-04-22T21:04:08.124+08:00 DEBUG 89063 --- [nio-8082-exec-8] c.s.p.mapper.ArtworkMapper.selectById    : ==>  Preparing: SELECT id,title,author_id,author_name,author_badge,author_avatar,author_bio,author_phone,category_id,art_type,medium,size,year,edition,description,cover_image,images,source,holder_id,holder_since,price,original_price,stock,status,weight,ownership_type,artwork_code,price_rise,view_count,favorite_count,sale_count,rating,review_count,distribution_enabled,commission_rate,distribution_orders,distribution_earnings,distribution_users,create_time,update_time,deleted FROM artwork WHERE id=? AND deleted=0
2026-04-22T21:04:08.124+08:00 DEBUG 89063 --- [nio-8082-exec-8] c.s.p.mapper.ArtworkMapper.selectById    : ==> Parameters: 19(Long)
2026-04-22T21:04:08.124+08:00 DEBUG 89063 --- [nio-8082-exec-8] c.s.p.mapper.ArtworkMapper.selectById    : <==      Total: 1
2026-04-22T21:04:08.730+08:00 DEBUG 89063 --- [nio-8082-exec-9] c.s.p.mapper.ArtworkMapper.selectById    : ==>  Preparing: SELECT id,title,author_id,author_name,author_badge,author_avatar,author_bio,author_phone,category_id,art_type,medium,size,year,edition,description,cover_image,images,source,holder_id,holder_since,price,original_price,stock,status,weight,ownership_type,artwork_code,price_rise,view_count,favorite_count,sale_count,rating,review_count,distribution_enabled,commission_rate,distribution_orders,distribution_earnings,distribution_users,create_time,update_time,deleted FROM artwork WHERE id=? AND deleted=0
2026-04-22T21:04:08.731+08:00 DEBUG 89063 --- [nio-8082-exec-9] c.s.p.mapper.ArtworkMapper.selectById    : ==> Parameters: 19(Long)
2026-04-22T21:04:08.732+08:00 DEBUG 89063 --- [nio-8082-exec-9] c.s.p.mapper.ArtworkMapper.selectById    : <==      Total: 1
2026-04-22T21:04:08.733+08:00 DEBUG 89063 --- [nio-8082-exec-9] c.s.p.mapper.ArtworkMapper.updateById    : ==>  Preparing: UPDATE artwork SET title=?, author_id=?, author_name=?, category_id=?, size=?, year=?, description=?, cover_image=?, source=?, price=?, original_price=?, stock=?, status=?, weight=?, ownership_type=?, price_rise=?, view_count=?, favorite_count=?, sale_count=?, rating=?, review_count=?, distribution_enabled=?, commission_rate=?, distribution_orders=?, distribution_earnings=?, distribution_users=?, create_time=?, update_time=? WHERE id=? AND deleted=0
2026-04-22T21:04:08.733+08:00 DEBUG 89063 --- [nio-8082-exec-9] c.s.p.mapper.ArtworkMapper.updateById    : ==> Parameters: 远航(String), 1(Long), 刘亦菲(String), 1(Long), 100*80(String), 2024(Integer), 这里是详情描述，啊山东冷风机阿斯蒂芬   ，马松地方就；啊伺机待发；简奥斯丁发加上；地方计划；奥丝蓝黛尽快发；拉伸放；拉数据开发；拉克丝的；肺力咳敬爱的；放拉屎；砥砺奋进看暗色；来得及看发；奥丝蓝黛尽快发；奥丝蓝黛尽快发；沙岭街道放；猎杀对决看；撒菱；啥拉家带口(String), http://localhost:8087/upload/images/2026/04/22/40b9957f7df44ae79328e5237e0691bd.png(String), 1(Integer), 0(Long), 0(Long), 0(Integer), 1(Integer), 2(Integer), 1(Integer), 0.00(BigDecimal), 7(Integer), 0(Integer), 0(Integer), 0(Integer), 0(Integer), true(Boolean), 13(Integer), 0(Integer), 0(Long), 0(Integer), 2026-04-20T18:22:57(LocalDateTime), 2026-04-22T21:04:08(LocalDateTime), 19(Long)
2026-04-22T21:04:08.736+08:00 DEBUG 89063 --- [nio-8082-exec-9] c.s.p.mapper.ArtworkMapper.updateById    : <==    Updates: 1
2026-04-22T21:04:08.736+08:00 DEBUG 89063 --- [nio-8082-exec-9] c.s.p.mapper.ArtworkMapper.selectById    : ==>  Preparing: SELECT id,title,author_id,author_name,author_badge,author_avatar,author_bio,author_phone,category_id,art_type,medium,size,year,edition,description,cover_image,images,source,holder_id,holder_since,price,original_price,stock,status,weight,ownership_type,artwork_code,price_rise,view_count,favorite_count,sale_count,rating,review_count,distribution_enabled,commission_rate,distribution_orders,distribution_earnings,distribution_users,create_time,update_time,deleted FROM artwork WHERE id=? AND deleted=0
2026-04-22T21:04:08.737+08:00 DEBUG 89063 --- [nio-8082-exec-9] c.s.p.mapper.ArtworkMapper.selectById    : ==> Parameters: 19(Long)
2026-04-22T21:04:08.738+08:00 DEBUG 89063 --- [nio-8082-exec-9] c.s.p.mapper.ArtworkMapper.selectById    : <==      Total: 1
2026-04-22T21:04:08.738+08:00 DEBUG 89063 --- [nio-8082-exec-9] c.s.p.mapper.ArtworkMapper.updateById    : ==>  Preparing: UPDATE artwork SET title=?, author_id=?, author_name=?, category_id=?, size=?, year=?, description=?, cover_image=?, source=?, price=?, original_price=?, stock=?, status=?, weight=?, ownership_type=?, price_rise=?, view_count=?, favorite_count=?, sale_count=?, rating=?, review_count=?, distribution_enabled=?, commission_rate=?, distribution_orders=?, distribution_earnings=?, distribution_users=?, create_time=?, update_time=? WHERE id=? AND deleted=0
2026-04-22T21:04:08.739+08:00 DEBUG 89063 --- [nio-8082-exec-9] c.s.p.mapper.ArtworkMapper.updateById    : ==> Parameters: 远航(String), 1(Long), 刘亦菲(String), 1(Long), 100*80(String), 2024(Integer), 这里是详情描述，啊山东冷风机阿斯蒂芬   ，马松地方就；啊伺机待发；简奥斯丁发加上；地方计划；奥丝蓝黛尽快发；拉伸放；拉数据开发；拉克丝的；肺力咳敬爱的；放拉屎；砥砺奋进看暗色；来得及看发；奥丝蓝黛尽快发；奥丝蓝黛尽快发；沙岭街道放；猎杀对决看；撒菱；啥拉家带口(String), http://localhost:8087/upload/images/2026/04/22/40b9957f7df44ae79328e5237e0691bd.png(String), 1(Integer), 0(Long), 0(Long), 0(Integer), 1(Integer), 2(Integer), 1(Integer), 0(BigDecimal), 7(Integer), 0(Integer), 0(Integer), 0(Integer), 0(Integer), true(Boolean), 13(Integer), 0(Integer), 0(Long), 0(Integer), 2026-04-20T18:22:57(LocalDateTime), 2026-04-22T21:04:08.738414(LocalDateTime), 19(Long)
2026-04-22T21:04:08.740+08:00 DEBUG 89063 --- [nio-8082-exec-9] c.s.p.mapper.ArtworkMapper.updateById    : <==    Updates: 1
2026-04-22T21:04:08.740+08:00 DEBUG 89063 --- [nio-8082-exec-9] c.s.p.mapper.ArtworkMapper.selectById    : ==>  Preparing: SELECT id,title,author_id,author_name,author_badge,author_avatar,author_bio,author_phone,category_id,art_type,medium,size,year,edition,description,cover_image,images,source,holder_id,holder_since,price,original_price,stock,status,weight,ownership_type,artwork_code,price_rise,view_count,favorite_count,sale_count,rating,review_count,distribution_enabled,commission_rate,distribution_orders,distribution_earnings,distribution_users,create_time,update_time,deleted FROM artwork WHERE id=? AND deleted=0
2026-04-22T21:04:08.741+08:00 DEBUG 89063 --- [nio-8082-exec-9] c.s.p.mapper.ArtworkMapper.selectById    : ==> Parameters: 19(Long)
2026-04-22T21:04:08.742+08:00 DEBUG 89063 --- [nio-8082-exec-9] c.s.p.mapper.ArtworkMapper.selectById    : <==      Total: 1
2026-04-22T21:04:49.434+08:00 DEBUG 89063 --- [io-8082-exec-10] c.s.p.mapper.ArtworkMapper.selectList    : ==>  Preparing: SELECT id,title,author_id,author_name,author_badge,author_avatar,author_bio,author_phone,category_id,art_type,medium,size,year,edition,description,cover_image,images,source,holder_id,holder_since,price,original_price,stock,status,weight,ownership_type,artwork_code,price_rise,view_count,favorite_count,sale_count,rating,review_count,distribution_enabled,commission_rate,distribution_orders,distribution_earnings,distribution_users,create_time,update_time,deleted FROM artwork WHERE deleted=0 ORDER BY weight DESC,create_time DESC
2026-04-22T21:04:49.435+08:00 DEBUG 89063 --- [io-8082-exec-10] c.s.p.mapper.ArtworkMapper.selectList    : ==> Parameters: 
2026-04-22T21:04:49.437+08:00 DEBUG 89063 --- [io-8082-exec-10] c.s.p.mapper.ArtworkMapper.selectList    : <==      Total: 8
2026-04-22T21:05:04.244+08:00 DEBUG 89063 --- [nio-8082-exec-2] c.s.p.mapper.ArtworkMapper.selectById    : ==>  Preparing: SELECT id,title,author_id,author_name,author_badge,author_avatar,author_bio,author_phone,category_id,art_type,medium,size,year,edition,description,cover_image,images,source,holder_id,holder_since,price,original_price,stock,status,weight,ownership_type,artwork_code,price_rise,view_count,favorite_count,sale_count,rating,review_count,distribution_enabled,commission_rate,distribution_orders,distribution_earnings,distribution_users,create_time,update_time,deleted FROM artwork WHERE id=? AND deleted=0
2026-04-22T21:05:04.244+08:00 DEBUG 89063 --- [nio-8082-exec-2] c.s.p.mapper.ArtworkMapper.selectById    : ==> Parameters: 19(Long)
2026-04-22T21:05:04.245+08:00 DEBUG 89063 --- [nio-8082-exec-2] c.s.p.mapper.ArtworkMapper.selectById    : <==      Total: 1
2026-04-22T21:05:04.245+08:00 DEBUG 89063 --- [nio-8082-exec-2] c.s.p.mapper.ArtworkMapper.updateById    : ==>  Preparing: UPDATE artwork SET title=?, author_id=?, author_name=?, category_id=?, size=?, year=?, description=?, cover_image=?, source=?, price=?, original_price=?, stock=?, status=?, weight=?, ownership_type=?, price_rise=?, view_count=?, favorite_count=?, sale_count=?, rating=?, review_count=?, distribution_enabled=?, commission_rate=?, distribution_orders=?, distribution_earnings=?, distribution_users=?, create_time=?, update_time=? WHERE id=? AND deleted=0
2026-04-22T21:05:04.246+08:00 DEBUG 89063 --- [nio-8082-exec-2] c.s.p.mapper.ArtworkMapper.updateById    : ==> Parameters: 远航(String), 1(Long), 刘亦菲(String), 1(Long), 100*80(String), 2024(Integer), 这里是详情描述，啊山东冷风机阿斯蒂芬   ，马松地方就；啊伺机待发；简奥斯丁发加上；地方计划；奥丝蓝黛尽快发；拉伸放；拉数据开发；拉克丝的；肺力咳敬爱的；放拉屎；砥砺奋进看暗色；来得及看发；奥丝蓝黛尽快发；奥丝蓝黛尽快发；沙岭街道放；猎杀对决看；撒菱；啥拉家带口(String), http://localhost:8087/upload/images/2026/04/22/40b9957f7df44ae79328e5237e0691bd.png(String), 1(Integer), 0(Long), 0(Long), 0(Integer), 1(Integer), 2(Integer), 1(Integer), 0.00(BigDecimal), 8(Integer), 0(Integer), 0(Integer), 0(Integer), 0(Integer), true(Boolean), 13(Integer), 0(Integer), 0(Long), 0(Integer), 2026-04-20T18:22:57(LocalDateTime), 2026-04-22T21:04:09(LocalDateTime), 19(Long)
2026-04-22T21:05:04.247+08:00 DEBUG 89063 --- [nio-8082-exec-2] c.s.p.mapper.ArtworkMapper.updateById    : <==    Updates: 1
2026-04-22T21:05:04.247+08:00 DEBUG 89063 --- [nio-8082-exec-2] c.s.p.mapper.ArtworkMapper.selectById    : ==>  Preparing: SELECT id,title,author_id,author_name,author_badge,author_avatar,author_bio,author_phone,category_id,art_type,medium,size,year,edition,description,cover_image,images,source,holder_id,holder_since,price,original_price,stock,status,weight,ownership_type,artwork_code,price_rise,view_count,favorite_count,sale_count,rating,review_count,distribution_enabled,commission_rate,distribution_orders,distribution_earnings,distribution_users,create_time,update_time,deleted FROM artwork WHERE id=? AND deleted=0
2026-04-22T21:05:04.248+08:00 DEBUG 89063 --- [nio-8082-exec-2] c.s.p.mapper.ArtworkMapper.selectById    : ==> Parameters: 19(Long)
2026-04-22T21:05:04.248+08:00 DEBUG 89063 --- [nio-8082-exec-2] c.s.p.mapper.ArtworkMapper.selectById    : <==      Total: 1
2026-04-22T21:05:04.249+08:00 DEBUG 89063 --- [nio-8082-exec-2] c.s.p.mapper.ArtworkMapper.updateById    : ==>  Preparing: UPDATE artwork SET title=?, author_id=?, author_name=?, category_id=?, size=?, year=?, description=?, cover_image=?, source=?, price=?, original_price=?, stock=?, status=?, weight=?, ownership_type=?, price_rise=?, view_count=?, favorite_count=?, sale_count=?, rating=?, review_count=?, distribution_enabled=?, commission_rate=?, distribution_orders=?, distribution_earnings=?, distribution_users=?, create_time=?, update_time=? WHERE id=? AND deleted=0
2026-04-22T21:05:04.249+08:00 DEBUG 89063 --- [nio-8082-exec-2] c.s.p.mapper.ArtworkMapper.updateById    : ==> Parameters: 远航(String), 1(Long), 刘亦菲(String), 1(Long), 100*80(String), 2024(Integer), 这里是详情描述，啊山东冷风机阿斯蒂芬   ，马松地方就；啊伺机待发；简奥斯丁发加上；地方计划；奥丝蓝黛尽快发；拉伸放；拉数据开发；拉克丝的；肺力咳敬爱的；放拉屎；砥砺奋进看暗色；来得及看发；奥丝蓝黛尽快发；奥丝蓝黛尽快发；沙岭街道放；猎杀对决看；撒菱；啥拉家带口(String), http://localhost:8087/upload/images/2026/04/22/40b9957f7df44ae79328e5237e0691bd.png(String), 1(Integer), 0(Long), 0(Long), 0(Integer), 1(Integer), 2(Integer), 1(Integer), 0(BigDecimal), 8(Integer), 0(Integer), 0(Integer), 0(Integer), 0(Integer), true(Boolean), 13(Integer), 0(Integer), 0(Long), 0(Integer), 2026-04-20T18:22:57(LocalDateTime), 2026-04-22T21:05:04.248774(LocalDateTime), 19(Long)
2026-04-22T21:05:04.249+08:00 DEBUG 89063 --- [nio-8082-exec-2] c.s.p.mapper.ArtworkMapper.updateById    : <==    Updates: 1
2026-04-22T21:05:04.249+08:00 DEBUG 89063 --- [nio-8082-exec-2] c.s.p.mapper.ArtworkMapper.selectById    : ==>  Preparing: SELECT id,title,author_id,author_name,author_badge,author_avatar,author_bio,author_phone,category_id,art_type,medium,size,year,edition,description,cover_image,images,source,holder_id,holder_since,price,original_price,stock,status,weight,ownership_type,artwork_code,price_rise,view_count,favorite_count,sale_count,rating,review_count,distribution_enabled,commission_rate,distribution_orders,distribution_earnings,distribution_users,create_time,update_time,deleted FROM artwork WHERE id=? AND deleted=0
2026-04-22T21:05:04.250+08:00 DEBUG 89063 --- [nio-8082-exec-2] c.s.p.mapper.ArtworkMapper.selectById    : ==> Parameters: 19(Long)
2026-04-22T21:05:04.250+08:00 DEBUG 89063 --- [nio-8082-exec-2] c.s.p.mapper.ArtworkMapper.selectById    : <==      Total: 1
