Standard Commons Logging discovery in action with spring-jcl: please remove commons-logging.jar from classpath in order to avoid potential conflicts
2026-04-22T22:15:55.683+08:00  WARN 2955 --- [           main] c.a.nacos.client.logging.NacosLogging    : Load Logback Configuration of Nacos fail, message: Could not initialize Logback Nacos logging from classpath:nacos-logback.xml

  .   ____          _            __ _ _
 /\\ / ___'_ __ _ _(_)_ __  __ _ \ \ \ \
( ( )\___ | '_ | '_| | '_ \/ _` | \ \ \ \
 \\/  ___)| |_)| | | | | || (_| |  ) ) ) )
  '  |____| .__|_| |_|_| |_\__, | / / / /
 =========|_|==============|___/=/_/_/_/
 :: Spring Boot ::                (v3.1.5)

2026-04-22T22:15:55.711+08:00  WARN 2955 --- [           main] c.a.nacos.client.logging.NacosLogging    : Load Logback Configuration of Nacos fail, message: Could not initialize Logback Nacos logging from classpath:nacos-logback.xml
2026-04-22T22:15:55.716+08:00  INFO 2955 --- [           main] c.s.promotion.PromotionApplication       : Starting PromotionApplication using Java 17.0.18 with PID 2955 (/Users/master/CodeBuddy/art12/backend/shiyiju-promotion/target/shiyiju-promotion-1.0.0-SNAPSHOT.jar started by master in /Users/master/CodeBuddy/art12/backend)
2026-04-22T22:15:55.716+08:00 DEBUG 2955 --- [           main] c.s.promotion.PromotionApplication       : Running with Spring Boot v3.1.5, Spring v6.0.13
2026-04-22T22:15:55.717+08:00  INFO 2955 --- [           main] c.s.promotion.PromotionApplication       : No active profile set, falling back to 1 default profile: "default"
2026-04-22T22:15:56.051+08:00  INFO 2955 --- [           main] .s.d.r.c.RepositoryConfigurationDelegate : Multiple Spring Data modules found, entering strict repository configuration mode
2026-04-22T22:15:56.052+08:00  INFO 2955 --- [           main] .s.d.r.c.RepositoryConfigurationDelegate : Bootstrapping Spring Data Redis repositories in DEFAULT mode.
2026-04-22T22:15:56.063+08:00  INFO 2955 --- [           main] .s.d.r.c.RepositoryConfigurationDelegate : Finished Spring Data repository scanning in 5 ms. Found 0 Redis repository interfaces.
2026-04-22T22:15:56.138+08:00  INFO 2955 --- [           main] o.s.cloud.context.scope.GenericScope     : BeanFactory id=82a0ea0c-8fe4-399b-9a08-31ac86931d1a
2026-04-22T22:15:56.321+08:00  INFO 2955 --- [           main] o.s.b.w.embedded.tomcat.TomcatWebServer  : Tomcat initialized with port(s): 8085 (http)
2026-04-22T22:15:56.325+08:00  INFO 2955 --- [           main] o.apache.catalina.core.StandardService   : Starting service [Tomcat]
2026-04-22T22:15:56.325+08:00  INFO 2955 --- [           main] o.apache.catalina.core.StandardEngine    : Starting Servlet engine: [Apache Tomcat/10.1.15]
2026-04-22T22:15:56.359+08:00  INFO 2955 --- [           main] o.a.c.c.C.[Tomcat].[localhost].[/]       : Initializing Spring embedded WebApplicationContext
2026-04-22T22:15:56.359+08:00  INFO 2955 --- [           main] w.s.c.ServletWebServerApplicationContext : Root WebApplicationContext: initialization completed in 620 ms
Standard Commons Logging discovery in action with spring-jcl: please remove commons-logging.jar from classpath in order to avoid potential conflicts
 _ _   |_  _ _|_. ___ _ |    _ 
| | |\/|_)(_| | |_\  |_)||_|_\ 
     /               |         
                        3.5.8 
2026-04-22T22:15:56.907+08:00  INFO 2955 --- [           main] o.s.b.w.embedded.tomcat.TomcatWebServer  : Tomcat started on port(s): 8085 (http) with context path ''
2026-04-22T22:15:56.915+08:00  INFO 2955 --- [           main] c.s.promotion.PromotionApplication       : Started PromotionApplication in 1.394 seconds (process running for 1.607)
2026-04-22T22:16:09.158+08:00  INFO 2955 --- [nio-8085-exec-2] o.a.c.c.C.[Tomcat].[localhost].[/]       : Initializing Spring DispatcherServlet 'dispatcherServlet'
2026-04-22T22:16:09.159+08:00  INFO 2955 --- [nio-8085-exec-2] o.s.web.servlet.DispatcherServlet        : Initializing Servlet 'dispatcherServlet'
2026-04-22T22:16:09.159+08:00  INFO 2955 --- [nio-8085-exec-2] o.s.web.servlet.DispatcherServlet        : Completed initialization in 0 ms
2026-04-22T22:16:09.171+08:00  WARN 2955 --- [nio-8085-exec-2] ocalVariableTableParameterNameDiscoverer : Using deprecated '-debug' fallback for parameter name resolution. Compile the affected code with '-parameters' instead or avoid its introspection: com.shiyiju.promotion.controller.PromotionController
