Standard Commons Logging discovery in action with spring-jcl: please remove commons-logging.jar from classpath in order to avoid potential conflicts
2026-04-27T11:35:25.321+08:00  WARN 42456 --- [           main] c.a.nacos.client.logging.NacosLogging    : Load Logback Configuration of Nacos fail, message: Could not initialize Logback Nacos logging from classpath:nacos-logback.xml

  .   ____          _            __ _ _
 /\\ / ___'_ __ _ _(_)_ __  __ _ \ \ \ \
( ( )\___ | '_ | '_| | '_ \/ _` | \ \ \ \
 \\/  ___)| |_)| | | | | || (_| |  ) ) ) )
  '  |____| .__|_| |_|_| |_\__, | / / / /
 =========|_|==============|___/=/_/_/_/
 :: Spring Boot ::                (v3.1.5)

2026-04-27T11:35:25.350+08:00  WARN 42456 --- [           main] c.a.nacos.client.logging.NacosLogging    : Load Logback Configuration of Nacos fail, message: Could not initialize Logback Nacos logging from classpath:nacos-logback.xml
2026-04-27T11:35:25.354+08:00  INFO 42456 --- [           main] c.s.promotion.PromotionApplication       : Starting PromotionApplication using Java 17.0.19 with PID 42456 (/Users/master/CodeBuddy/art12/backend/shiyiju-promotion/target/shiyiju-promotion-1.0.0-SNAPSHOT.jar started by master in /Users/master/CodeBuddy/art12/backend/shiyiju-promotion)
2026-04-27T11:35:25.354+08:00 DEBUG 42456 --- [           main] c.s.promotion.PromotionApplication       : Running with Spring Boot v3.1.5, Spring v6.0.13
2026-04-27T11:35:25.354+08:00  INFO 42456 --- [           main] c.s.promotion.PromotionApplication       : No active profile set, falling back to 1 default profile: "default"
2026-04-27T11:35:25.684+08:00  INFO 42456 --- [           main] .s.d.r.c.RepositoryConfigurationDelegate : Multiple Spring Data modules found, entering strict repository configuration mode
2026-04-27T11:35:25.685+08:00  INFO 42456 --- [           main] .s.d.r.c.RepositoryConfigurationDelegate : Bootstrapping Spring Data Redis repositories in DEFAULT mode.
2026-04-27T11:35:25.696+08:00  INFO 42456 --- [           main] .s.d.r.c.RepositoryConfigurationDelegate : Finished Spring Data repository scanning in 6 ms. Found 0 Redis repository interfaces.
2026-04-27T11:35:25.786+08:00  INFO 42456 --- [           main] o.s.cloud.context.scope.GenericScope     : BeanFactory id=ed0b2345-952d-3e44-a363-e62bb1a4c3e6
2026-04-27T11:35:26.005+08:00  INFO 42456 --- [           main] o.s.b.w.embedded.tomcat.TomcatWebServer  : Tomcat initialized with port(s): 8085 (http)
2026-04-27T11:35:26.013+08:00  INFO 42456 --- [           main] o.apache.catalina.core.StandardService   : Starting service [Tomcat]
2026-04-27T11:35:26.013+08:00  INFO 42456 --- [           main] o.apache.catalina.core.StandardEngine    : Starting Servlet engine: [Apache Tomcat/10.1.15]
2026-04-27T11:35:26.122+08:00  INFO 42456 --- [           main] o.a.c.c.C.[Tomcat].[localhost].[/]       : Initializing Spring embedded WebApplicationContext
2026-04-27T11:35:26.123+08:00  INFO 42456 --- [           main] w.s.c.ServletWebServerApplicationContext : Root WebApplicationContext: initialization completed in 743 ms
Standard Commons Logging discovery in action with spring-jcl: please remove commons-logging.jar from classpath in order to avoid potential conflicts
 _ _   |_  _ _|_. ___ _ |    _ 
| | |\/|_)(_| | |_\  |_)||_|_\ 
     /               |         
                        3.5.8 
2026-04-27T11:35:26.721+08:00  INFO 42456 --- [           main] o.s.b.w.embedded.tomcat.TomcatWebServer  : Tomcat started on port(s): 8085 (http) with context path ''
2026-04-27T11:35:26.727+08:00  INFO 42456 --- [           main] c.s.promotion.PromotionApplication       : Started PromotionApplication in 1.569 seconds (process running for 1.777)
