2026-04-20 00:06:12,856 INFO Starting Nacos v2.2.3 using Java 17.0.18 on mengrudeMac-mini.local with PID 69012 (/Users/master/CodeBuddy/art12/nacos/target/nacos-server.jar started by master in /Users/master/CodeBuddy/art12/nacos)

2026-04-20 00:06:12,857 INFO The following 1 profile is active: "standalone"

2026-04-20 00:06:13,908 INFO Tomcat initialized with port(s): 8848 (http)

2026-04-20 00:06:13,911 INFO Starting service [Tomcat]

2026-04-20 00:06:13,911 INFO Starting Servlet engine: [Apache Tomcat/9.0.69]

2026-04-20 00:06:13,939 INFO Initializing Spring embedded WebApplicationContext

2026-04-20 00:06:13,939 INFO Root WebApplicationContext: initialization completed in 1058 ms

2026-04-20 00:06:14,032 INFO Nacos-related cluster resource initialization

2026-04-20 00:06:14,035 INFO Load com.alibaba.nacos.core.ability.RemoteAbilityInitializer for ServerAbilityInitializer

2026-04-20 00:06:14,035 INFO Load com.alibaba.nacos.naming.ability.NamingAbilityInitializer for ServerAbilityInitializer

2026-04-20 00:06:14,037 INFO The cluster resource is initialized

2026-04-20 00:06:14,208 INFO HikariPool-1 - Starting...

2026-04-20 00:06:14,210 WARN Registered driver with driverClassName=org.apache.derby.jdbc.EmbeddedDriver was not found, trying direct instantiation.

2026-04-20 00:06:14,350 INFO HikariPool-1 - Driver does not support get/set network timeout for connections. (Feature not implemented: No details.)

2026-04-20 00:06:14,351 INFO HikariPool-1 - Start completed.

2026-04-20 00:06:14,470 INFO [MapperManager] Load Mapper(class com.alibaba.nacos.plugin.datasource.impl.mysql.ConfigInfoAggrMapperByMySql) datasource(mysql) tableName(config_info_aggr) successfully.

2026-04-20 00:06:14,470 INFO [MapperManager] Load Mapper(class com.alibaba.nacos.plugin.datasource.impl.mysql.ConfigInfoBetaMapperByMySql) datasource(mysql) tableName(config_info_beta) successfully.

2026-04-20 00:06:14,470 INFO [MapperManager] Load Mapper(class com.alibaba.nacos.plugin.datasource.impl.mysql.ConfigInfoMapperByMySql) datasource(mysql) tableName(config_info) successfully.

2026-04-20 00:06:14,470 INFO [MapperManager] Load Mapper(class com.alibaba.nacos.plugin.datasource.impl.mysql.ConfigInfoTagMapperByMySql) datasource(mysql) tableName(config_info_tag) successfully.

2026-04-20 00:06:14,470 INFO [MapperManager] Load Mapper(class com.alibaba.nacos.plugin.datasource.impl.mysql.ConfigTagsRelationMapperByMySql) datasource(mysql) tableName(config_tags_relation) successfully.

2026-04-20 00:06:14,470 INFO [MapperManager] Load Mapper(class com.alibaba.nacos.plugin.datasource.impl.mysql.HistoryConfigInfoMapperByMySql) datasource(mysql) tableName(his_config_info) successfully.

2026-04-20 00:06:14,470 INFO [MapperManager] Load Mapper(class com.alibaba.nacos.plugin.datasource.impl.mysql.TenantInfoMapperByMySql) datasource(mysql) tableName(tenant_info) successfully.

2026-04-20 00:06:14,470 INFO [MapperManager] Load Mapper(class com.alibaba.nacos.plugin.datasource.impl.mysql.TenantCapacityMapperByMySql) datasource(mysql) tableName(tenant_capacity) successfully.

2026-04-20 00:06:14,470 INFO [MapperManager] Load Mapper(class com.alibaba.nacos.plugin.datasource.impl.mysql.GroupCapacityMapperByMysql) datasource(mysql) tableName(group_capacity) successfully.

2026-04-20 00:06:14,470 INFO [MapperManager] Load Mapper(class com.alibaba.nacos.plugin.datasource.impl.derby.ConfigInfoAggrMapperByDerby) datasource(derby) tableName(config_info_aggr) successfully.

2026-04-20 00:06:14,470 INFO [MapperManager] Load Mapper(class com.alibaba.nacos.plugin.datasource.impl.derby.ConfigInfoBetaMapperByDerby) datasource(derby) tableName(config_info_beta) successfully.

2026-04-20 00:06:14,470 INFO [MapperManager] Load Mapper(class com.alibaba.nacos.plugin.datasource.impl.derby.ConfigInfoMapperByDerby) datasource(derby) tableName(config_info) successfully.

2026-04-20 00:06:14,470 INFO [MapperManager] Load Mapper(class com.alibaba.nacos.plugin.datasource.impl.derby.ConfigInfoTagMapperByDerby) datasource(derby) tableName(config_info_tag) successfully.

2026-04-20 00:06:14,470 INFO [MapperManager] Load Mapper(class com.alibaba.nacos.plugin.datasource.impl.derby.ConfigInfoTagsRelationMapperByDerby) datasource(derby) tableName(config_tags_relation) successfully.

2026-04-20 00:06:14,470 INFO [MapperManager] Load Mapper(class com.alibaba.nacos.plugin.datasource.impl.derby.HistoryConfigInfoMapperByDerby) datasource(derby) tableName(his_config_info) successfully.

2026-04-20 00:06:14,470 INFO [MapperManager] Load Mapper(class com.alibaba.nacos.plugin.datasource.impl.derby.TenantInfoMapperByDerby) datasource(derby) tableName(tenant_info) successfully.

2026-04-20 00:06:14,470 INFO [MapperManager] Load Mapper(class com.alibaba.nacos.plugin.datasource.impl.derby.TenantCapacityMapperByDerby) datasource(derby) tableName(tenant_capacity) successfully.

2026-04-20 00:06:14,470 INFO [MapperManager] Load Mapper(class com.alibaba.nacos.plugin.datasource.impl.derby.GroupCapacityMapperByDerby) datasource(derby) tableName(group_capacity) successfully.

2026-04-20 00:06:14,619 INFO [MapperManager] findMapper dataSource: derby, tableName: config_info

2026-04-20 00:06:14,640 INFO [MapperManager] findMapper dataSource: derby, tableName: config_info_beta

2026-04-20 00:06:14,642 INFO [MapperManager] findMapper dataSource: derby, tableName: config_info_tag

2026-04-20 00:06:14,643 INFO [MapperManager] findMapper dataSource: derby, tableName: config_info_aggr

2026-04-20 00:06:14,674 INFO Fail to find connection runtime ejector for name nacos,use default

2026-04-20 00:06:14,687 WARN Fail to found tps control manager of name ：nacos

2026-04-20 00:06:14,687 WARN Fail to connection control manager of name ：nacos

2026-04-20 00:06:14,688 INFO Load connection metrics collector,size=2,[com.alibaba.nacos.config.server.service.LongPollingConnectionMetricsCollector@4e93dcb9, com.alibaba.nacos.core.remote.LongConnectionMetricsCollector@4a34e9f]

2026-04-20 00:06:14,689 INFO No connection rule content found ,use default empty rule 

2026-04-20 00:06:14,690 INFO ConnectionMetrics, totalCount = 0, detail = {long_connection=0, long_polling=0}

2026-04-20 00:06:14,691 INFO Found tps barrier creator of name : nacos

2026-04-20 00:06:14,691 WARN Fail to found tps rule creator of name : nacos,use  default local simple creator

2026-04-20 00:06:14,693 INFO No tps control rule of CONFIG_PUSH_COUNT found  

2026-04-20 00:06:14,693 INFO No tps control rule of CONFIG_PUSH_SUCCESS found  

2026-04-20 00:06:14,693 INFO No tps control rule of CONFIG_PUSH_FAIL found  

2026-04-20 00:06:15,674 INFO Connection check task start

2026-04-20 00:06:15,680 INFO Long connection metrics detail ,Total count =0, sdkCount=0,clusterCount=0

2026-04-20 00:06:15,680 INFO Connection check task end

2026-04-20 00:06:16,417 INFO Adding welcome page: class path resource [static/index.html]

2026-04-20 00:06:16,557 WARN You are asking Spring Security to ignore Ant [pattern='/**']. This is not recommended -- please use permitAll via HttpSecurity#authorizeHttpRequests instead.

2026-04-20 00:06:16,558 INFO Will not secure Ant [pattern='/**']

2026-04-20 00:06:16,565 INFO Will secure any request with [org.springframework.security.web.context.request.async.WebAsyncManagerIntegrationFilter@76f881d9, org.springframework.security.web.context.SecurityContextPersistenceFilter@40ac6b76, org.springframework.security.web.header.HeaderWriterFilter@1860f3be, org.springframework.security.web.csrf.CsrfFilter@16ac5d35, org.springframework.security.web.authentication.logout.LogoutFilter@1d858300, org.springframework.security.web.savedrequest.RequestCacheAwareFilter@f0020b1, org.springframework.security.web.servletapi.SecurityContextHolderAwareRequestFilter@294f9d50, org.springframework.security.web.authentication.AnonymousAuthenticationFilter@6dd36ab6, org.springframework.security.web.session.SessionManagementFilter@4887de2b, org.springframework.security.web.access.ExceptionTranslationFilter@3965bdf9]

2026-04-20 00:06:16,573 INFO Exposing 1 endpoint(s) beneath base path '/actuator'

2026-04-20 00:06:16,588 INFO Tomcat started on port(s): 8848 (http) with context path '/nacos'

2026-04-20 00:06:16,594 INFO No tps control rule of ConfigQuery found  

2026-04-20 00:06:16,594 INFO No tps control rule of ConfigPublish found  

2026-04-20 00:06:16,594 INFO No tps control rule of ClusterConfigChangeNotify found  

2026-04-20 00:06:16,594 INFO No tps control rule of ConfigListen found  

2026-04-20 00:06:16,594 INFO No tps control rule of ConfigRemove found  

2026-04-20 00:06:16,594 INFO No tps control rule of HealthCheck found  

2026-04-20 00:06:16,596 INFO Started Nacos in 4.074 seconds (JVM running for 4.302)

2026-04-20 00:06:16,596 INFO Nacos started successfully in stand alone mode. use embedded storage

2026-04-20 00:06:17,695 INFO ConnectionMetrics, totalCount = 0, detail = {long_connection=0, long_polling=0}

2026-04-20 00:06:18,684 INFO Connection check task start

2026-04-20 00:06:18,684 INFO Long connection metrics detail ,Total count =0, sdkCount=0,clusterCount=0

2026-04-20 00:06:18,685 INFO Connection check task end

2026-04-20 00:06:20,699 INFO ConnectionMetrics, totalCount = 0, detail = {long_connection=0, long_polling=0}

2026-04-20 00:06:21,690 INFO Connection check task start

2026-04-20 00:06:21,690 INFO Long connection metrics detail ,Total count =0, sdkCount=0,clusterCount=0

2026-04-20 00:06:21,690 INFO Connection check task end

2026-04-20 00:06:23,700 INFO ConnectionMetrics, totalCount = 0, detail = {long_connection=0, long_polling=0}

2026-04-20 00:06:24,695 INFO Connection check task start

2026-04-20 00:06:24,696 INFO Long connection metrics detail ,Total count =0, sdkCount=0,clusterCount=0

2026-04-20 00:06:24,696 INFO Connection check task end

2026-04-20 00:06:26,702 INFO ConnectionMetrics, totalCount = 0, detail = {long_connection=0, long_polling=0}

2026-04-20 00:06:27,698 INFO Connection check task start

2026-04-20 00:06:27,699 INFO Long connection metrics detail ,Total count =0, sdkCount=0,clusterCount=0

2026-04-20 00:06:27,699 INFO Connection check task end

2026-04-20 00:06:29,712 INFO ConnectionMetrics, totalCount = 0, detail = {long_connection=0, long_polling=0}

2026-04-20 00:06:30,704 INFO Connection check task start

2026-04-20 00:06:30,704 INFO Long connection metrics detail ,Total count =0, sdkCount=0,clusterCount=0

2026-04-20 00:06:30,704 INFO Connection check task end

2026-04-20 00:06:32,717 INFO ConnectionMetrics, totalCount = 0, detail = {long_connection=0, long_polling=0}

2026-04-20 00:06:32,912 INFO Initializing Spring DispatcherServlet 'dispatcherServlet'

2026-04-20 00:06:32,912 INFO Initializing Servlet 'dispatcherServlet'

2026-04-20 00:06:32,916 INFO Completed initialization in 3 ms

2026-04-20 00:06:33,707 INFO Connection check task start

2026-04-20 00:06:33,708 INFO Long connection metrics detail ,Total count =0, sdkCount=0,clusterCount=0

2026-04-20 00:06:33,708 INFO Connection check task end

2026-04-20 00:06:35,721 INFO ConnectionMetrics, totalCount = 0, detail = {long_connection=0, long_polling=0}

