2026-04-20 08:10:19,770 INFO Connection transportReady,connectionId = 1776643819770_127.0.0.1_61885 

2026-04-20 08:12:25,211 INFO Connection transportTerminated,connectionId = 1776643819770_127.0.0.1_61885 

2026-04-20 08:12:25,215 INFO [1776643819770_127.0.0.1_61885]client disconnected,clear config listen context

2026-04-20 08:12:35,525 INFO Connection transportReady,connectionId = 1776643955525_127.0.0.1_62695 

2026-04-20 08:12:36,008 INFO Connection transportReady,connectionId = 1776643956008_127.0.0.1_62700 

2026-04-20 08:12:36,053 INFO Connection transportReady,connectionId = 1776643956053_127.0.0.1_62701 

2026-04-20 08:12:36,203 INFO Connection transportReady,connectionId = 1776643956203_127.0.0.1_62702 

2026-04-20 08:12:36,333 INFO Connection transportReady,connectionId = 1776643956333_127.0.0.1_62703 

2026-04-20 08:12:36,512 INFO Connection transportReady,connectionId = 1776643956511_127.0.0.1_62704 

2026-04-20 08:12:36,639 INFO Connection transportReady,connectionId = 1776643956639_127.0.0.1_62705 

2026-04-20 08:13:24,715 INFO Connection transportReady,connectionId = 1776644004715_127.0.0.1_63031 

2026-04-20 08:21:58,066 INFO Connection transportTerminated,connectionId = 1776643955525_127.0.0.1_62695 

2026-04-20 08:21:58,068 INFO [1776643955525_127.0.0.1_62695]client disconnected,clear config listen context

2026-04-20 08:22:04,171 INFO Connection transportReady,connectionId = 1776644524171_127.0.0.1_49874 

2026-04-20 08:23:11,951 INFO Connection transportReady,connectionId = 1776644591951_127.0.0.1_50319 

2026-04-20 08:23:55,381 INFO Connection transportTerminated,connectionId = 1776644591951_127.0.0.1_50319 

2026-04-20 08:23:55,382 INFO [1776644591951_127.0.0.1_50319]client disconnected,clear config listen context

2026-04-20 08:24:00,396 INFO Connection transportReady,connectionId = 1776644640396_127.0.0.1_50643 

2026-04-20 08:24:01,142 WARN Ack receive on a outdated request ,connection id=1776644640396_127.0.0.1_50643,requestId=12 

2026-04-20 08:24:34,292 INFO Connection transportTerminated,connectionId = 1776644640396_127.0.0.1_50643 

2026-04-20 08:24:34,292 INFO [1776644640396_127.0.0.1_50643]client disconnected,clear config listen context

2026-04-20 08:24:40,106 INFO Connection transportReady,connectionId = 1776644680106_127.0.0.1_50879 

2026-04-20 08:25:14,651 INFO Connection transportTerminated,connectionId = 1776644680106_127.0.0.1_50879 

2026-04-20 08:25:14,651 INFO [1776644680106_127.0.0.1_50879]client disconnected,clear config listen context

2026-04-20 08:25:57,543 INFO Connection transportReady,connectionId = 1776644757543_127.0.0.1_51475 

2026-04-20 08:32:01,642 INFO Connection transportTerminated,connectionId = 1776643956053_127.0.0.1_62701 

2026-04-20 08:32:01,644 WARN [1776643956053_127.0.0.1_62701] connection  close exception  : {}

java.lang.IllegalStateException: call already closed
	at com.google.common.base.Preconditions.checkState(Preconditions.java:508)
	at io.grpc.internal.ServerCallImpl.closeInternal(ServerCallImpl.java:219)
	at io.grpc.internal.ServerCallImpl.close(ServerCallImpl.java:212)
	at io.grpc.stub.ServerCalls$ServerCallStreamObserverImpl.onCompleted(ServerCalls.java:395)
	at com.alibaba.nacos.core.remote.grpc.GrpcConnection.closeBiStream(GrpcConnection.java:143)
	at com.alibaba.nacos.core.remote.grpc.GrpcConnection.close(GrpcConnection.java:131)
	at com.alibaba.nacos.core.remote.ConnectionManager.unregister(ConnectionManager.java:159)
	at com.alibaba.nacos.core.remote.grpc.AddressTransportFilter.transportTerminated(AddressTransportFilter.java:77)
	at io.grpc.internal.ServerImpl$ServerTransportListenerImpl.transportTerminated(ServerImpl.java:455)
	at io.grpc.netty.shaded.io.grpc.netty.NettyServerTransport.notifyTerminated(NettyServerTransport.java:207)
	at io.grpc.netty.shaded.io.grpc.netty.NettyServerTransport.access$100(NettyServerTransport.java:51)
	at io.grpc.netty.shaded.io.grpc.netty.NettyServerTransport$1TerminationNotifier.operationComplete(NettyServerTransport.java:141)
	at io.grpc.netty.shaded.io.grpc.netty.NettyServerTransport$1TerminationNotifier.operationComplete(NettyServerTransport.java:134)
	at io.grpc.netty.shaded.io.netty.util.concurrent.DefaultPromise.notifyListener0(DefaultPromise.java:578)
	at io.grpc.netty.shaded.io.netty.util.concurrent.DefaultPromise.notifyListeners0(DefaultPromise.java:571)
	at io.grpc.netty.shaded.io.netty.util.concurrent.DefaultPromise.notifyListenersNow(DefaultPromise.java:550)
	at io.grpc.netty.shaded.io.netty.util.concurrent.DefaultPromise.notifyListeners(DefaultPromise.java:491)
	at io.grpc.netty.shaded.io.netty.util.concurrent.DefaultPromise.setValue0(DefaultPromise.java:616)
	at io.grpc.netty.shaded.io.netty.util.concurrent.DefaultPromise.setSuccess0(DefaultPromise.java:605)
	at io.grpc.netty.shaded.io.netty.util.concurrent.DefaultPromise.trySuccess(DefaultPromise.java:104)
	at io.grpc.netty.shaded.io.netty.channel.DefaultChannelPromise.trySuccess(DefaultChannelPromise.java:84)
	at io.grpc.netty.shaded.io.netty.channel.AbstractChannel$CloseFuture.setClosed(AbstractChannel.java:1164)
	at io.grpc.netty.shaded.io.netty.channel.AbstractChannel$AbstractUnsafe.doClose0(AbstractChannel.java:755)
	at io.grpc.netty.shaded.io.netty.channel.AbstractChannel$AbstractUnsafe.close(AbstractChannel.java:731)
	at io.grpc.netty.shaded.io.netty.channel.AbstractChannel$AbstractUnsafe.close(AbstractChannel.java:620)
	at io.grpc.netty.shaded.io.netty.channel.nio.AbstractNioByteChannel$NioByteUnsafe.closeOnRead(AbstractNioByteChannel.java:105)
	at io.grpc.netty.shaded.io.netty.channel.nio.AbstractNioByteChannel$NioByteUnsafe.read(AbstractNioByteChannel.java:174)
	at io.grpc.netty.shaded.io.netty.channel.nio.NioEventLoop.processSelectedKey(NioEventLoop.java:722)
	at io.grpc.netty.shaded.io.netty.channel.nio.NioEventLoop.processSelectedKeysOptimized(NioEventLoop.java:658)
	at io.grpc.netty.shaded.io.netty.channel.nio.NioEventLoop.processSelectedKeys(NioEventLoop.java:584)
	at io.grpc.netty.shaded.io.netty.channel.nio.NioEventLoop.run(NioEventLoop.java:496)
	at io.grpc.netty.shaded.io.netty.util.concurrent.SingleThreadEventExecutor$4.run(SingleThreadEventExecutor.java:997)
	at io.grpc.netty.shaded.io.netty.util.internal.ThreadExecutorMap$2.run(ThreadExecutorMap.java:74)
	at io.grpc.netty.shaded.io.netty.util.concurrent.FastThreadLocalRunnable.run(FastThreadLocalRunnable.java:30)
	at java.base/java.lang.Thread.run(Thread.java:840)
2026-04-20 08:32:01,645 INFO [1776643956053_127.0.0.1_62701]client disconnected,clear config listen context

2026-04-20 08:32:05,505 INFO Connection transportReady,connectionId = 1776645125505_127.0.0.1_53847 

2026-04-20 08:33:01,167 INFO Connection transportTerminated,connectionId = 1776645125505_127.0.0.1_53847 

2026-04-20 08:33:01,169 WARN [1776645125505_127.0.0.1_53847] connection  close exception  : {}

java.lang.IllegalStateException: call already closed
	at com.google.common.base.Preconditions.checkState(Preconditions.java:508)
	at io.grpc.internal.ServerCallImpl.closeInternal(ServerCallImpl.java:219)
	at io.grpc.internal.ServerCallImpl.close(ServerCallImpl.java:212)
	at io.grpc.stub.ServerCalls$ServerCallStreamObserverImpl.onCompleted(ServerCalls.java:395)
	at com.alibaba.nacos.core.remote.grpc.GrpcConnection.closeBiStream(GrpcConnection.java:143)
	at com.alibaba.nacos.core.remote.grpc.GrpcConnection.close(GrpcConnection.java:131)
	at com.alibaba.nacos.core.remote.ConnectionManager.unregister(ConnectionManager.java:159)
	at com.alibaba.nacos.core.remote.grpc.AddressTransportFilter.transportTerminated(AddressTransportFilter.java:77)
	at io.grpc.internal.ServerImpl$ServerTransportListenerImpl.transportTerminated(ServerImpl.java:455)
	at io.grpc.netty.shaded.io.grpc.netty.NettyServerTransport.notifyTerminated(NettyServerTransport.java:207)
	at io.grpc.netty.shaded.io.grpc.netty.NettyServerTransport.access$100(NettyServerTransport.java:51)
	at io.grpc.netty.shaded.io.grpc.netty.NettyServerTransport$1TerminationNotifier.operationComplete(NettyServerTransport.java:141)
	at io.grpc.netty.shaded.io.grpc.netty.NettyServerTransport$1TerminationNotifier.operationComplete(NettyServerTransport.java:134)
	at io.grpc.netty.shaded.io.netty.util.concurrent.DefaultPromise.notifyListener0(DefaultPromise.java:578)
	at io.grpc.netty.shaded.io.netty.util.concurrent.DefaultPromise.notifyListeners0(DefaultPromise.java:571)
	at io.grpc.netty.shaded.io.netty.util.concurrent.DefaultPromise.notifyListenersNow(DefaultPromise.java:550)
	at io.grpc.netty.shaded.io.netty.util.concurrent.DefaultPromise.notifyListeners(DefaultPromise.java:491)
	at io.grpc.netty.shaded.io.netty.util.concurrent.DefaultPromise.setValue0(DefaultPromise.java:616)
	at io.grpc.netty.shaded.io.netty.util.concurrent.DefaultPromise.setSuccess0(DefaultPromise.java:605)
	at io.grpc.netty.shaded.io.netty.util.concurrent.DefaultPromise.trySuccess(DefaultPromise.java:104)
	at io.grpc.netty.shaded.io.netty.channel.DefaultChannelPromise.trySuccess(DefaultChannelPromise.java:84)
	at io.grpc.netty.shaded.io.netty.channel.AbstractChannel$CloseFuture.setClosed(AbstractChannel.java:1164)
	at io.grpc.netty.shaded.io.netty.channel.AbstractChannel$AbstractUnsafe.doClose0(AbstractChannel.java:755)
	at io.grpc.netty.shaded.io.netty.channel.AbstractChannel$AbstractUnsafe.close(AbstractChannel.java:731)
	at io.grpc.netty.shaded.io.netty.channel.AbstractChannel$AbstractUnsafe.close(AbstractChannel.java:620)
	at io.grpc.netty.shaded.io.netty.channel.nio.AbstractNioByteChannel$NioByteUnsafe.closeOnRead(AbstractNioByteChannel.java:105)
	at io.grpc.netty.shaded.io.netty.channel.nio.AbstractNioByteChannel$NioByteUnsafe.read(AbstractNioByteChannel.java:174)
	at io.grpc.netty.shaded.io.netty.channel.nio.NioEventLoop.processSelectedKey(NioEventLoop.java:722)
	at io.grpc.netty.shaded.io.netty.channel.nio.NioEventLoop.processSelectedKeysOptimized(NioEventLoop.java:658)
	at io.grpc.netty.shaded.io.netty.channel.nio.NioEventLoop.processSelectedKeys(NioEventLoop.java:584)
	at io.grpc.netty.shaded.io.netty.channel.nio.NioEventLoop.run(NioEventLoop.java:496)
	at io.grpc.netty.shaded.io.netty.util.concurrent.SingleThreadEventExecutor$4.run(SingleThreadEventExecutor.java:997)
	at io.grpc.netty.shaded.io.netty.util.internal.ThreadExecutorMap$2.run(ThreadExecutorMap.java:74)
	at io.grpc.netty.shaded.io.netty.util.concurrent.FastThreadLocalRunnable.run(FastThreadLocalRunnable.java:30)
	at java.base/java.lang.Thread.run(Thread.java:840)
2026-04-20 08:33:01,169 INFO [1776645125505_127.0.0.1_53847]client disconnected,clear config listen context

2026-04-20 08:33:09,572 INFO Connection transportReady,connectionId = 1776645189572_127.0.0.1_54232 

2026-04-20 08:35:12,733 INFO Connection transportTerminated,connectionId = 1776643956008_127.0.0.1_62700 

2026-04-20 08:35:12,734 WARN [1776643956008_127.0.0.1_62700] connection  close exception  : {}

java.lang.IllegalStateException: call already closed
	at com.google.common.base.Preconditions.checkState(Preconditions.java:508)
	at io.grpc.internal.ServerCallImpl.closeInternal(ServerCallImpl.java:219)
	at io.grpc.internal.ServerCallImpl.close(ServerCallImpl.java:212)
	at io.grpc.stub.ServerCalls$ServerCallStreamObserverImpl.onCompleted(ServerCalls.java:395)
	at com.alibaba.nacos.core.remote.grpc.GrpcConnection.closeBiStream(GrpcConnection.java:143)
	at com.alibaba.nacos.core.remote.grpc.GrpcConnection.close(GrpcConnection.java:131)
	at com.alibaba.nacos.core.remote.ConnectionManager.unregister(ConnectionManager.java:159)
	at com.alibaba.nacos.core.remote.grpc.AddressTransportFilter.transportTerminated(AddressTransportFilter.java:77)
	at io.grpc.internal.ServerImpl$ServerTransportListenerImpl.transportTerminated(ServerImpl.java:455)
	at io.grpc.netty.shaded.io.grpc.netty.NettyServerTransport.notifyTerminated(NettyServerTransport.java:207)
	at io.grpc.netty.shaded.io.grpc.netty.NettyServerTransport.access$100(NettyServerTransport.java:51)
	at io.grpc.netty.shaded.io.grpc.netty.NettyServerTransport$1TerminationNotifier.operationComplete(NettyServerTransport.java:141)
	at io.grpc.netty.shaded.io.grpc.netty.NettyServerTransport$1TerminationNotifier.operationComplete(NettyServerTransport.java:134)
	at io.grpc.netty.shaded.io.netty.util.concurrent.DefaultPromise.notifyListener0(DefaultPromise.java:578)
	at io.grpc.netty.shaded.io.netty.util.concurrent.DefaultPromise.notifyListeners0(DefaultPromise.java:571)
	at io.grpc.netty.shaded.io.netty.util.concurrent.DefaultPromise.notifyListenersNow(DefaultPromise.java:550)
	at io.grpc.netty.shaded.io.netty.util.concurrent.DefaultPromise.notifyListeners(DefaultPromise.java:491)
	at io.grpc.netty.shaded.io.netty.util.concurrent.DefaultPromise.setValue0(DefaultPromise.java:616)
	at io.grpc.netty.shaded.io.netty.util.concurrent.DefaultPromise.setSuccess0(DefaultPromise.java:605)
	at io.grpc.netty.shaded.io.netty.util.concurrent.DefaultPromise.trySuccess(DefaultPromise.java:104)
	at io.grpc.netty.shaded.io.netty.channel.DefaultChannelPromise.trySuccess(DefaultChannelPromise.java:84)
	at io.grpc.netty.shaded.io.netty.channel.AbstractChannel$CloseFuture.setClosed(AbstractChannel.java:1164)
	at io.grpc.netty.shaded.io.netty.channel.AbstractChannel$AbstractUnsafe.doClose0(AbstractChannel.java:755)
	at io.grpc.netty.shaded.io.netty.channel.AbstractChannel$AbstractUnsafe.close(AbstractChannel.java:731)
	at io.grpc.netty.shaded.io.netty.channel.AbstractChannel$AbstractUnsafe.close(AbstractChannel.java:620)
	at io.grpc.netty.shaded.io.netty.channel.nio.AbstractNioByteChannel$NioByteUnsafe.closeOnRead(AbstractNioByteChannel.java:105)
	at io.grpc.netty.shaded.io.netty.channel.nio.AbstractNioByteChannel$NioByteUnsafe.read(AbstractNioByteChannel.java:174)
	at io.grpc.netty.shaded.io.netty.channel.nio.NioEventLoop.processSelectedKey(NioEventLoop.java:722)
	at io.grpc.netty.shaded.io.netty.channel.nio.NioEventLoop.processSelectedKeysOptimized(NioEventLoop.java:658)
	at io.grpc.netty.shaded.io.netty.channel.nio.NioEventLoop.processSelectedKeys(NioEventLoop.java:584)
	at io.grpc.netty.shaded.io.netty.channel.nio.NioEventLoop.run(NioEventLoop.java:496)
	at io.grpc.netty.shaded.io.netty.util.concurrent.SingleThreadEventExecutor$4.run(SingleThreadEventExecutor.java:997)
	at io.grpc.netty.shaded.io.netty.util.internal.ThreadExecutorMap$2.run(ThreadExecutorMap.java:74)
	at io.grpc.netty.shaded.io.netty.util.concurrent.FastThreadLocalRunnable.run(FastThreadLocalRunnable.java:30)
	at java.base/java.lang.Thread.run(Thread.java:840)
2026-04-20 08:35:12,735 INFO [1776643956008_127.0.0.1_62700]client disconnected,clear config listen context

2026-04-20 08:35:12,754 INFO Connection transportTerminated,connectionId = 1776645189572_127.0.0.1_54232 

2026-04-20 08:35:12,754 WARN [1776645189572_127.0.0.1_54232] connection  close exception  : {}

java.lang.IllegalStateException: call already closed
	at com.google.common.base.Preconditions.checkState(Preconditions.java:508)
	at io.grpc.internal.ServerCallImpl.closeInternal(ServerCallImpl.java:219)
	at io.grpc.internal.ServerCallImpl.close(ServerCallImpl.java:212)
	at io.grpc.stub.ServerCalls$ServerCallStreamObserverImpl.onCompleted(ServerCalls.java:395)
	at com.alibaba.nacos.core.remote.grpc.GrpcConnection.closeBiStream(GrpcConnection.java:143)
	at com.alibaba.nacos.core.remote.grpc.GrpcConnection.close(GrpcConnection.java:131)
	at com.alibaba.nacos.core.remote.ConnectionManager.unregister(ConnectionManager.java:159)
	at com.alibaba.nacos.core.remote.grpc.AddressTransportFilter.transportTerminated(AddressTransportFilter.java:77)
	at io.grpc.internal.ServerImpl$ServerTransportListenerImpl.transportTerminated(ServerImpl.java:455)
	at io.grpc.netty.shaded.io.grpc.netty.NettyServerTransport.notifyTerminated(NettyServerTransport.java:207)
	at io.grpc.netty.shaded.io.grpc.netty.NettyServerTransport.access$100(NettyServerTransport.java:51)
	at io.grpc.netty.shaded.io.grpc.netty.NettyServerTransport$1TerminationNotifier.operationComplete(NettyServerTransport.java:141)
	at io.grpc.netty.shaded.io.grpc.netty.NettyServerTransport$1TerminationNotifier.operationComplete(NettyServerTransport.java:134)
	at io.grpc.netty.shaded.io.netty.util.concurrent.DefaultPromise.notifyListener0(DefaultPromise.java:578)
	at io.grpc.netty.shaded.io.netty.util.concurrent.DefaultPromise.notifyListeners0(DefaultPromise.java:571)
	at io.grpc.netty.shaded.io.netty.util.concurrent.DefaultPromise.notifyListenersNow(DefaultPromise.java:550)
	at io.grpc.netty.shaded.io.netty.util.concurrent.DefaultPromise.notifyListeners(DefaultPromise.java:491)
	at io.grpc.netty.shaded.io.netty.util.concurrent.DefaultPromise.setValue0(DefaultPromise.java:616)
	at io.grpc.netty.shaded.io.netty.util.concurrent.DefaultPromise.setSuccess0(DefaultPromise.java:605)
	at io.grpc.netty.shaded.io.netty.util.concurrent.DefaultPromise.trySuccess(DefaultPromise.java:104)
	at io.grpc.netty.shaded.io.netty.channel.DefaultChannelPromise.trySuccess(DefaultChannelPromise.java:84)
	at io.grpc.netty.shaded.io.netty.channel.AbstractChannel$CloseFuture.setClosed(AbstractChannel.java:1164)
	at io.grpc.netty.shaded.io.netty.channel.AbstractChannel$AbstractUnsafe.doClose0(AbstractChannel.java:755)
	at io.grpc.netty.shaded.io.netty.channel.AbstractChannel$AbstractUnsafe.close(AbstractChannel.java:731)
	at io.grpc.netty.shaded.io.netty.channel.AbstractChannel$AbstractUnsafe.close(AbstractChannel.java:620)
	at io.grpc.netty.shaded.io.netty.channel.nio.AbstractNioByteChannel$NioByteUnsafe.closeOnRead(AbstractNioByteChannel.java:105)
	at io.grpc.netty.shaded.io.netty.channel.nio.AbstractNioByteChannel$NioByteUnsafe.read(AbstractNioByteChannel.java:174)
	at io.grpc.netty.shaded.io.netty.channel.nio.NioEventLoop.processSelectedKey(NioEventLoop.java:722)
	at io.grpc.netty.shaded.io.netty.channel.nio.NioEventLoop.processSelectedKeysOptimized(NioEventLoop.java:658)
	at io.grpc.netty.shaded.io.netty.channel.nio.NioEventLoop.processSelectedKeys(NioEventLoop.java:584)
	at io.grpc.netty.shaded.io.netty.channel.nio.NioEventLoop.run(NioEventLoop.java:496)
	at io.grpc.netty.shaded.io.netty.util.concurrent.SingleThreadEventExecutor$4.run(SingleThreadEventExecutor.java:997)
	at io.grpc.netty.shaded.io.netty.util.internal.ThreadExecutorMap$2.run(ThreadExecutorMap.java:74)
	at io.grpc.netty.shaded.io.netty.util.concurrent.FastThreadLocalRunnable.run(FastThreadLocalRunnable.java:30)
	at java.base/java.lang.Thread.run(Thread.java:840)
2026-04-20 08:35:12,755 INFO [1776645189572_127.0.0.1_54232]client disconnected,clear config listen context

2026-04-20 08:35:12,789 INFO Connection transportTerminated,connectionId = 1776644757543_127.0.0.1_51475 

2026-04-20 08:35:12,789 WARN [1776644757543_127.0.0.1_51475] connection  close exception  : {}

java.lang.IllegalStateException: call already closed
	at com.google.common.base.Preconditions.checkState(Preconditions.java:508)
	at io.grpc.internal.ServerCallImpl.closeInternal(ServerCallImpl.java:219)
	at io.grpc.internal.ServerCallImpl.close(ServerCallImpl.java:212)
	at io.grpc.stub.ServerCalls$ServerCallStreamObserverImpl.onCompleted(ServerCalls.java:395)
	at com.alibaba.nacos.core.remote.grpc.GrpcConnection.closeBiStream(GrpcConnection.java:143)
	at com.alibaba.nacos.core.remote.grpc.GrpcConnection.close(GrpcConnection.java:131)
	at com.alibaba.nacos.core.remote.ConnectionManager.unregister(ConnectionManager.java:159)
	at com.alibaba.nacos.core.remote.grpc.AddressTransportFilter.transportTerminated(AddressTransportFilter.java:77)
	at io.grpc.internal.ServerImpl$ServerTransportListenerImpl.transportTerminated(ServerImpl.java:455)
	at io.grpc.netty.shaded.io.grpc.netty.NettyServerTransport.notifyTerminated(NettyServerTransport.java:207)
	at io.grpc.netty.shaded.io.grpc.netty.NettyServerTransport.access$100(NettyServerTransport.java:51)
	at io.grpc.netty.shaded.io.grpc.netty.NettyServerTransport$1TerminationNotifier.operationComplete(NettyServerTransport.java:141)
	at io.grpc.netty.shaded.io.grpc.netty.NettyServerTransport$1TerminationNotifier.operationComplete(NettyServerTransport.java:134)
	at io.grpc.netty.shaded.io.netty.util.concurrent.DefaultPromise.notifyListener0(DefaultPromise.java:578)
	at io.grpc.netty.shaded.io.netty.util.concurrent.DefaultPromise.notifyListeners0(DefaultPromise.java:571)
	at io.grpc.netty.shaded.io.netty.util.concurrent.DefaultPromise.notifyListenersNow(DefaultPromise.java:550)
	at io.grpc.netty.shaded.io.netty.util.concurrent.DefaultPromise.notifyListeners(DefaultPromise.java:491)
	at io.grpc.netty.shaded.io.netty.util.concurrent.DefaultPromise.setValue0(DefaultPromise.java:616)
	at io.grpc.netty.shaded.io.netty.util.concurrent.DefaultPromise.setSuccess0(DefaultPromise.java:605)
	at io.grpc.netty.shaded.io.netty.util.concurrent.DefaultPromise.trySuccess(DefaultPromise.java:104)
	at io.grpc.netty.shaded.io.netty.channel.DefaultChannelPromise.trySuccess(DefaultChannelPromise.java:84)
	at io.grpc.netty.shaded.io.netty.channel.AbstractChannel$CloseFuture.setClosed(AbstractChannel.java:1164)
	at io.grpc.netty.shaded.io.netty.channel.AbstractChannel$AbstractUnsafe.doClose0(AbstractChannel.java:755)
	at io.grpc.netty.shaded.io.netty.channel.AbstractChannel$AbstractUnsafe.close(AbstractChannel.java:731)
	at io.grpc.netty.shaded.io.netty.channel.AbstractChannel$AbstractUnsafe.close(AbstractChannel.java:620)
	at io.grpc.netty.shaded.io.netty.channel.nio.AbstractNioByteChannel$NioByteUnsafe.closeOnRead(AbstractNioByteChannel.java:105)
	at io.grpc.netty.shaded.io.netty.channel.nio.AbstractNioByteChannel$NioByteUnsafe.read(AbstractNioByteChannel.java:174)
	at io.grpc.netty.shaded.io.netty.channel.nio.NioEventLoop.processSelectedKey(NioEventLoop.java:722)
	at io.grpc.netty.shaded.io.netty.channel.nio.NioEventLoop.processSelectedKeysOptimized(NioEventLoop.java:658)
	at io.grpc.netty.shaded.io.netty.channel.nio.NioEventLoop.processSelectedKeys(NioEventLoop.java:584)
	at io.grpc.netty.shaded.io.netty.channel.nio.NioEventLoop.run(NioEventLoop.java:496)
	at io.grpc.netty.shaded.io.netty.util.concurrent.SingleThreadEventExecutor$4.run(SingleThreadEventExecutor.java:997)
	at io.grpc.netty.shaded.io.netty.util.internal.ThreadExecutorMap$2.run(ThreadExecutorMap.java:74)
	at io.grpc.netty.shaded.io.netty.util.concurrent.FastThreadLocalRunnable.run(FastThreadLocalRunnable.java:30)
	at java.base/java.lang.Thread.run(Thread.java:840)
2026-04-20 08:35:12,790 INFO [1776644757543_127.0.0.1_51475]client disconnected,clear config listen context

2026-04-20 08:35:35,134 INFO Connection transportReady,connectionId = 1776645335134_127.0.0.1_55192 

2026-04-20 08:35:35,420 INFO Connection transportReady,connectionId = 1776645335420_127.0.0.1_55193 

2026-04-20 08:35:35,498 INFO Connection transportReady,connectionId = 1776645335498_127.0.0.1_55194 

2026-04-20 08:37:00,491 INFO Connection transportTerminated,connectionId = 1776645335498_127.0.0.1_55194 

2026-04-20 08:37:00,492 WARN [1776645335498_127.0.0.1_55194] connection  close exception  : {}

java.lang.IllegalStateException: call already closed
	at com.google.common.base.Preconditions.checkState(Preconditions.java:508)
	at io.grpc.internal.ServerCallImpl.closeInternal(ServerCallImpl.java:219)
	at io.grpc.internal.ServerCallImpl.close(ServerCallImpl.java:212)
	at io.grpc.stub.ServerCalls$ServerCallStreamObserverImpl.onCompleted(ServerCalls.java:395)
	at com.alibaba.nacos.core.remote.grpc.GrpcConnection.closeBiStream(GrpcConnection.java:143)
	at com.alibaba.nacos.core.remote.grpc.GrpcConnection.close(GrpcConnection.java:131)
	at com.alibaba.nacos.core.remote.ConnectionManager.unregister(ConnectionManager.java:159)
	at com.alibaba.nacos.core.remote.grpc.AddressTransportFilter.transportTerminated(AddressTransportFilter.java:77)
	at io.grpc.internal.ServerImpl$ServerTransportListenerImpl.transportTerminated(ServerImpl.java:455)
	at io.grpc.netty.shaded.io.grpc.netty.NettyServerTransport.notifyTerminated(NettyServerTransport.java:207)
	at io.grpc.netty.shaded.io.grpc.netty.NettyServerTransport.access$100(NettyServerTransport.java:51)
	at io.grpc.netty.shaded.io.grpc.netty.NettyServerTransport$1TerminationNotifier.operationComplete(NettyServerTransport.java:141)
	at io.grpc.netty.shaded.io.grpc.netty.NettyServerTransport$1TerminationNotifier.operationComplete(NettyServerTransport.java:134)
	at io.grpc.netty.shaded.io.netty.util.concurrent.DefaultPromise.notifyListener0(DefaultPromise.java:578)
	at io.grpc.netty.shaded.io.netty.util.concurrent.DefaultPromise.notifyListeners0(DefaultPromise.java:571)
	at io.grpc.netty.shaded.io.netty.util.concurrent.DefaultPromise.notifyListenersNow(DefaultPromise.java:550)
	at io.grpc.netty.shaded.io.netty.util.concurrent.DefaultPromise.notifyListeners(DefaultPromise.java:491)
	at io.grpc.netty.shaded.io.netty.util.concurrent.DefaultPromise.setValue0(DefaultPromise.java:616)
	at io.grpc.netty.shaded.io.netty.util.concurrent.DefaultPromise.setSuccess0(DefaultPromise.java:605)
	at io.grpc.netty.shaded.io.netty.util.concurrent.DefaultPromise.trySuccess(DefaultPromise.java:104)
	at io.grpc.netty.shaded.io.netty.channel.DefaultChannelPromise.trySuccess(DefaultChannelPromise.java:84)
	at io.grpc.netty.shaded.io.netty.channel.AbstractChannel$CloseFuture.setClosed(AbstractChannel.java:1164)
	at io.grpc.netty.shaded.io.netty.channel.AbstractChannel$AbstractUnsafe.doClose0(AbstractChannel.java:755)
	at io.grpc.netty.shaded.io.netty.channel.AbstractChannel$AbstractUnsafe.close(AbstractChannel.java:731)
	at io.grpc.netty.shaded.io.netty.channel.AbstractChannel$AbstractUnsafe.close(AbstractChannel.java:620)
	at io.grpc.netty.shaded.io.netty.channel.nio.AbstractNioByteChannel$NioByteUnsafe.closeOnRead(AbstractNioByteChannel.java:105)
	at io.grpc.netty.shaded.io.netty.channel.nio.AbstractNioByteChannel$NioByteUnsafe.read(AbstractNioByteChannel.java:174)
	at io.grpc.netty.shaded.io.netty.channel.nio.NioEventLoop.processSelectedKey(NioEventLoop.java:722)
	at io.grpc.netty.shaded.io.netty.channel.nio.NioEventLoop.processSelectedKeysOptimized(NioEventLoop.java:658)
	at io.grpc.netty.shaded.io.netty.channel.nio.NioEventLoop.processSelectedKeys(NioEventLoop.java:584)
	at io.grpc.netty.shaded.io.netty.channel.nio.NioEventLoop.run(NioEventLoop.java:496)
	at io.grpc.netty.shaded.io.netty.util.concurrent.SingleThreadEventExecutor$4.run(SingleThreadEventExecutor.java:997)
	at io.grpc.netty.shaded.io.netty.util.internal.ThreadExecutorMap$2.run(ThreadExecutorMap.java:74)
	at io.grpc.netty.shaded.io.netty.util.concurrent.FastThreadLocalRunnable.run(FastThreadLocalRunnable.java:30)
	at java.base/java.lang.Thread.run(Thread.java:840)
2026-04-20 08:37:00,493 INFO [1776645335498_127.0.0.1_55194]client disconnected,clear config listen context

2026-04-20 08:37:04,945 INFO Connection transportReady,connectionId = 1776645424945_127.0.0.1_55715 

2026-04-20 08:38:59,200 INFO Connection transportTerminated,connectionId = 1776645424945_127.0.0.1_55715 

2026-04-20 08:38:59,201 WARN [1776645424945_127.0.0.1_55715] connection  close exception  : {}

java.lang.IllegalStateException: call already closed
	at com.google.common.base.Preconditions.checkState(Preconditions.java:508)
	at io.grpc.internal.ServerCallImpl.closeInternal(ServerCallImpl.java:219)
	at io.grpc.internal.ServerCallImpl.close(ServerCallImpl.java:212)
	at io.grpc.stub.ServerCalls$ServerCallStreamObserverImpl.onCompleted(ServerCalls.java:395)
	at com.alibaba.nacos.core.remote.grpc.GrpcConnection.closeBiStream(GrpcConnection.java:143)
	at com.alibaba.nacos.core.remote.grpc.GrpcConnection.close(GrpcConnection.java:131)
	at com.alibaba.nacos.core.remote.ConnectionManager.unregister(ConnectionManager.java:159)
	at com.alibaba.nacos.core.remote.grpc.AddressTransportFilter.transportTerminated(AddressTransportFilter.java:77)
	at io.grpc.internal.ServerImpl$ServerTransportListenerImpl.transportTerminated(ServerImpl.java:455)
	at io.grpc.netty.shaded.io.grpc.netty.NettyServerTransport.notifyTerminated(NettyServerTransport.java:207)
	at io.grpc.netty.shaded.io.grpc.netty.NettyServerTransport.access$100(NettyServerTransport.java:51)
	at io.grpc.netty.shaded.io.grpc.netty.NettyServerTransport$1TerminationNotifier.operationComplete(NettyServerTransport.java:141)
	at io.grpc.netty.shaded.io.grpc.netty.NettyServerTransport$1TerminationNotifier.operationComplete(NettyServerTransport.java:134)
	at io.grpc.netty.shaded.io.netty.util.concurrent.DefaultPromise.notifyListener0(DefaultPromise.java:578)
	at io.grpc.netty.shaded.io.netty.util.concurrent.DefaultPromise.notifyListeners0(DefaultPromise.java:571)
	at io.grpc.netty.shaded.io.netty.util.concurrent.DefaultPromise.notifyListenersNow(DefaultPromise.java:550)
	at io.grpc.netty.shaded.io.netty.util.concurrent.DefaultPromise.notifyListeners(DefaultPromise.java:491)
	at io.grpc.netty.shaded.io.netty.util.concurrent.DefaultPromise.setValue0(DefaultPromise.java:616)
	at io.grpc.netty.shaded.io.netty.util.concurrent.DefaultPromise.setSuccess0(DefaultPromise.java:605)
	at io.grpc.netty.shaded.io.netty.util.concurrent.DefaultPromise.trySuccess(DefaultPromise.java:104)
	at io.grpc.netty.shaded.io.netty.channel.DefaultChannelPromise.trySuccess(DefaultChannelPromise.java:84)
	at io.grpc.netty.shaded.io.netty.channel.AbstractChannel$CloseFuture.setClosed(AbstractChannel.java:1164)
	at io.grpc.netty.shaded.io.netty.channel.AbstractChannel$AbstractUnsafe.doClose0(AbstractChannel.java:755)
	at io.grpc.netty.shaded.io.netty.channel.AbstractChannel$AbstractUnsafe.close(AbstractChannel.java:731)
	at io.grpc.netty.shaded.io.netty.channel.AbstractChannel$AbstractUnsafe.close(AbstractChannel.java:620)
	at io.grpc.netty.shaded.io.netty.channel.nio.AbstractNioByteChannel$NioByteUnsafe.closeOnRead(AbstractNioByteChannel.java:105)
	at io.grpc.netty.shaded.io.netty.channel.nio.AbstractNioByteChannel$NioByteUnsafe.read(AbstractNioByteChannel.java:174)
	at io.grpc.netty.shaded.io.netty.channel.nio.NioEventLoop.processSelectedKey(NioEventLoop.java:722)
	at io.grpc.netty.shaded.io.netty.channel.nio.NioEventLoop.processSelectedKeysOptimized(NioEventLoop.java:658)
	at io.grpc.netty.shaded.io.netty.channel.nio.NioEventLoop.processSelectedKeys(NioEventLoop.java:584)
	at io.grpc.netty.shaded.io.netty.channel.nio.NioEventLoop.run(NioEventLoop.java:496)
	at io.grpc.netty.shaded.io.netty.util.concurrent.SingleThreadEventExecutor$4.run(SingleThreadEventExecutor.java:997)
	at io.grpc.netty.shaded.io.netty.util.internal.ThreadExecutorMap$2.run(ThreadExecutorMap.java:74)
	at io.grpc.netty.shaded.io.netty.util.concurrent.FastThreadLocalRunnable.run(FastThreadLocalRunnable.java:30)
	at java.base/java.lang.Thread.run(Thread.java:840)
2026-04-20 08:38:59,202 INFO [1776645424945_127.0.0.1_55715]client disconnected,clear config listen context

2026-04-20 08:39:00,550 INFO Connection transportReady,connectionId = 1776645540550_127.0.0.1_56417 

2026-04-20 08:40:10,882 INFO Connection transportTerminated,connectionId = 1776645540550_127.0.0.1_56417 

2026-04-20 08:40:10,882 WARN [1776645540550_127.0.0.1_56417] connection  close exception  : {}

java.lang.IllegalStateException: call already closed
	at com.google.common.base.Preconditions.checkState(Preconditions.java:508)
	at io.grpc.internal.ServerCallImpl.closeInternal(ServerCallImpl.java:219)
	at io.grpc.internal.ServerCallImpl.close(ServerCallImpl.java:212)
	at io.grpc.stub.ServerCalls$ServerCallStreamObserverImpl.onCompleted(ServerCalls.java:395)
	at com.alibaba.nacos.core.remote.grpc.GrpcConnection.closeBiStream(GrpcConnection.java:143)
	at com.alibaba.nacos.core.remote.grpc.GrpcConnection.close(GrpcConnection.java:131)
	at com.alibaba.nacos.core.remote.ConnectionManager.unregister(ConnectionManager.java:159)
	at com.alibaba.nacos.core.remote.grpc.AddressTransportFilter.transportTerminated(AddressTransportFilter.java:77)
	at io.grpc.internal.ServerImpl$ServerTransportListenerImpl.transportTerminated(ServerImpl.java:455)
	at io.grpc.netty.shaded.io.grpc.netty.NettyServerTransport.notifyTerminated(NettyServerTransport.java:207)
	at io.grpc.netty.shaded.io.grpc.netty.NettyServerTransport.access$100(NettyServerTransport.java:51)
	at io.grpc.netty.shaded.io.grpc.netty.NettyServerTransport$1TerminationNotifier.operationComplete(NettyServerTransport.java:141)
	at io.grpc.netty.shaded.io.grpc.netty.NettyServerTransport$1TerminationNotifier.operationComplete(NettyServerTransport.java:134)
	at io.grpc.netty.shaded.io.netty.util.concurrent.DefaultPromise.notifyListener0(DefaultPromise.java:578)
	at io.grpc.netty.shaded.io.netty.util.concurrent.DefaultPromise.notifyListeners0(DefaultPromise.java:571)
	at io.grpc.netty.shaded.io.netty.util.concurrent.DefaultPromise.notifyListenersNow(DefaultPromise.java:550)
	at io.grpc.netty.shaded.io.netty.util.concurrent.DefaultPromise.notifyListeners(DefaultPromise.java:491)
	at io.grpc.netty.shaded.io.netty.util.concurrent.DefaultPromise.setValue0(DefaultPromise.java:616)
	at io.grpc.netty.shaded.io.netty.util.concurrent.DefaultPromise.setSuccess0(DefaultPromise.java:605)
	at io.grpc.netty.shaded.io.netty.util.concurrent.DefaultPromise.trySuccess(DefaultPromise.java:104)
	at io.grpc.netty.shaded.io.netty.channel.DefaultChannelPromise.trySuccess(DefaultChannelPromise.java:84)
	at io.grpc.netty.shaded.io.netty.channel.AbstractChannel$CloseFuture.setClosed(AbstractChannel.java:1164)
	at io.grpc.netty.shaded.io.netty.channel.AbstractChannel$AbstractUnsafe.doClose0(AbstractChannel.java:755)
	at io.grpc.netty.shaded.io.netty.channel.AbstractChannel$AbstractUnsafe.close(AbstractChannel.java:731)
	at io.grpc.netty.shaded.io.netty.channel.AbstractChannel$AbstractUnsafe.close(AbstractChannel.java:620)
	at io.grpc.netty.shaded.io.netty.channel.nio.AbstractNioByteChannel$NioByteUnsafe.closeOnRead(AbstractNioByteChannel.java:105)
	at io.grpc.netty.shaded.io.netty.channel.nio.AbstractNioByteChannel$NioByteUnsafe.read(AbstractNioByteChannel.java:174)
	at io.grpc.netty.shaded.io.netty.channel.nio.NioEventLoop.processSelectedKey(NioEventLoop.java:722)
	at io.grpc.netty.shaded.io.netty.channel.nio.NioEventLoop.processSelectedKeysOptimized(NioEventLoop.java:658)
	at io.grpc.netty.shaded.io.netty.channel.nio.NioEventLoop.processSelectedKeys(NioEventLoop.java:584)
	at io.grpc.netty.shaded.io.netty.channel.nio.NioEventLoop.run(NioEventLoop.java:496)
	at io.grpc.netty.shaded.io.netty.util.concurrent.SingleThreadEventExecutor$4.run(SingleThreadEventExecutor.java:997)
	at io.grpc.netty.shaded.io.netty.util.internal.ThreadExecutorMap$2.run(ThreadExecutorMap.java:74)
	at io.grpc.netty.shaded.io.netty.util.concurrent.FastThreadLocalRunnable.run(FastThreadLocalRunnable.java:30)
	at java.base/java.lang.Thread.run(Thread.java:840)
2026-04-20 08:40:10,883 INFO [1776645540550_127.0.0.1_56417]client disconnected,clear config listen context

2026-04-20 08:40:12,528 INFO Connection transportReady,connectionId = 1776645612528_127.0.0.1_56907 

2026-04-20 08:41:20,208 INFO Connection transportTerminated,connectionId = 1776645612528_127.0.0.1_56907 

2026-04-20 08:41:20,208 WARN [1776645612528_127.0.0.1_56907] connection  close exception  : {}

java.lang.IllegalStateException: call already closed
	at com.google.common.base.Preconditions.checkState(Preconditions.java:508)
	at io.grpc.internal.ServerCallImpl.closeInternal(ServerCallImpl.java:219)
	at io.grpc.internal.ServerCallImpl.close(ServerCallImpl.java:212)
	at io.grpc.stub.ServerCalls$ServerCallStreamObserverImpl.onCompleted(ServerCalls.java:395)
	at com.alibaba.nacos.core.remote.grpc.GrpcConnection.closeBiStream(GrpcConnection.java:143)
	at com.alibaba.nacos.core.remote.grpc.GrpcConnection.close(GrpcConnection.java:131)
	at com.alibaba.nacos.core.remote.ConnectionManager.unregister(ConnectionManager.java:159)
	at com.alibaba.nacos.core.remote.grpc.AddressTransportFilter.transportTerminated(AddressTransportFilter.java:77)
	at io.grpc.internal.ServerImpl$ServerTransportListenerImpl.transportTerminated(ServerImpl.java:455)
	at io.grpc.netty.shaded.io.grpc.netty.NettyServerTransport.notifyTerminated(NettyServerTransport.java:207)
	at io.grpc.netty.shaded.io.grpc.netty.NettyServerTransport.access$100(NettyServerTransport.java:51)
	at io.grpc.netty.shaded.io.grpc.netty.NettyServerTransport$1TerminationNotifier.operationComplete(NettyServerTransport.java:141)
	at io.grpc.netty.shaded.io.grpc.netty.NettyServerTransport$1TerminationNotifier.operationComplete(NettyServerTransport.java:134)
	at io.grpc.netty.shaded.io.netty.util.concurrent.DefaultPromise.notifyListener0(DefaultPromise.java:578)
	at io.grpc.netty.shaded.io.netty.util.concurrent.DefaultPromise.notifyListeners0(DefaultPromise.java:571)
	at io.grpc.netty.shaded.io.netty.util.concurrent.DefaultPromise.notifyListenersNow(DefaultPromise.java:550)
	at io.grpc.netty.shaded.io.netty.util.concurrent.DefaultPromise.notifyListeners(DefaultPromise.java:491)
	at io.grpc.netty.shaded.io.netty.util.concurrent.DefaultPromise.setValue0(DefaultPromise.java:616)
	at io.grpc.netty.shaded.io.netty.util.concurrent.DefaultPromise.setSuccess0(DefaultPromise.java:605)
	at io.grpc.netty.shaded.io.netty.util.concurrent.DefaultPromise.trySuccess(DefaultPromise.java:104)
	at io.grpc.netty.shaded.io.netty.channel.DefaultChannelPromise.trySuccess(DefaultChannelPromise.java:84)
	at io.grpc.netty.shaded.io.netty.channel.AbstractChannel$CloseFuture.setClosed(AbstractChannel.java:1164)
	at io.grpc.netty.shaded.io.netty.channel.AbstractChannel$AbstractUnsafe.doClose0(AbstractChannel.java:755)
	at io.grpc.netty.shaded.io.netty.channel.AbstractChannel$AbstractUnsafe.close(AbstractChannel.java:731)
	at io.grpc.netty.shaded.io.netty.channel.AbstractChannel$AbstractUnsafe.close(AbstractChannel.java:620)
	at io.grpc.netty.shaded.io.netty.channel.nio.AbstractNioByteChannel$NioByteUnsafe.closeOnRead(AbstractNioByteChannel.java:105)
	at io.grpc.netty.shaded.io.netty.channel.nio.AbstractNioByteChannel$NioByteUnsafe.read(AbstractNioByteChannel.java:174)
	at io.grpc.netty.shaded.io.netty.channel.nio.NioEventLoop.processSelectedKey(NioEventLoop.java:722)
	at io.grpc.netty.shaded.io.netty.channel.nio.NioEventLoop.processSelectedKeysOptimized(NioEventLoop.java:658)
	at io.grpc.netty.shaded.io.netty.channel.nio.NioEventLoop.processSelectedKeys(NioEventLoop.java:584)
	at io.grpc.netty.shaded.io.netty.channel.nio.NioEventLoop.run(NioEventLoop.java:496)
	at io.grpc.netty.shaded.io.netty.util.concurrent.SingleThreadEventExecutor$4.run(SingleThreadEventExecutor.java:997)
	at io.grpc.netty.shaded.io.netty.util.internal.ThreadExecutorMap$2.run(ThreadExecutorMap.java:74)
	at io.grpc.netty.shaded.io.netty.util.concurrent.FastThreadLocalRunnable.run(FastThreadLocalRunnable.java:30)
	at java.base/java.lang.Thread.run(Thread.java:840)
2026-04-20 08:41:20,209 INFO [1776645612528_127.0.0.1_56907]client disconnected,clear config listen context

2026-04-20 08:41:21,957 INFO Connection transportReady,connectionId = 1776645681957_127.0.0.1_57308 

2026-04-20 08:42:23,925 INFO Connection transportTerminated,connectionId = 1776643956639_127.0.0.1_62705 

2026-04-20 08:42:23,926 WARN [1776643956639_127.0.0.1_62705] connection  close exception  : {}

java.lang.IllegalStateException: call already closed
	at com.google.common.base.Preconditions.checkState(Preconditions.java:508)
	at io.grpc.internal.ServerCallImpl.closeInternal(ServerCallImpl.java:219)
	at io.grpc.internal.ServerCallImpl.close(ServerCallImpl.java:212)
	at io.grpc.stub.ServerCalls$ServerCallStreamObserverImpl.onCompleted(ServerCalls.java:395)
	at com.alibaba.nacos.core.remote.grpc.GrpcConnection.closeBiStream(GrpcConnection.java:143)
	at com.alibaba.nacos.core.remote.grpc.GrpcConnection.close(GrpcConnection.java:131)
	at com.alibaba.nacos.core.remote.ConnectionManager.unregister(ConnectionManager.java:159)
	at com.alibaba.nacos.core.remote.grpc.AddressTransportFilter.transportTerminated(AddressTransportFilter.java:77)
	at io.grpc.internal.ServerImpl$ServerTransportListenerImpl.transportTerminated(ServerImpl.java:455)
	at io.grpc.netty.shaded.io.grpc.netty.NettyServerTransport.notifyTerminated(NettyServerTransport.java:207)
	at io.grpc.netty.shaded.io.grpc.netty.NettyServerTransport.access$100(NettyServerTransport.java:51)
	at io.grpc.netty.shaded.io.grpc.netty.NettyServerTransport$1TerminationNotifier.operationComplete(NettyServerTransport.java:141)
	at io.grpc.netty.shaded.io.grpc.netty.NettyServerTransport$1TerminationNotifier.operationComplete(NettyServerTransport.java:134)
	at io.grpc.netty.shaded.io.netty.util.concurrent.DefaultPromise.notifyListener0(DefaultPromise.java:578)
	at io.grpc.netty.shaded.io.netty.util.concurrent.DefaultPromise.notifyListeners0(DefaultPromise.java:571)
	at io.grpc.netty.shaded.io.netty.util.concurrent.DefaultPromise.notifyListenersNow(DefaultPromise.java:550)
	at io.grpc.netty.shaded.io.netty.util.concurrent.DefaultPromise.notifyListeners(DefaultPromise.java:491)
	at io.grpc.netty.shaded.io.netty.util.concurrent.DefaultPromise.setValue0(DefaultPromise.java:616)
	at io.grpc.netty.shaded.io.netty.util.concurrent.DefaultPromise.setSuccess0(DefaultPromise.java:605)
	at io.grpc.netty.shaded.io.netty.util.concurrent.DefaultPromise.trySuccess(DefaultPromise.java:104)
	at io.grpc.netty.shaded.io.netty.channel.DefaultChannelPromise.trySuccess(DefaultChannelPromise.java:84)
	at io.grpc.netty.shaded.io.netty.channel.AbstractChannel$CloseFuture.setClosed(AbstractChannel.java:1164)
	at io.grpc.netty.shaded.io.netty.channel.AbstractChannel$AbstractUnsafe.doClose0(AbstractChannel.java:755)
	at io.grpc.netty.shaded.io.netty.channel.AbstractChannel$AbstractUnsafe.close(AbstractChannel.java:731)
	at io.grpc.netty.shaded.io.netty.channel.AbstractChannel$AbstractUnsafe.close(AbstractChannel.java:620)
	at io.grpc.netty.shaded.io.netty.channel.nio.AbstractNioByteChannel$NioByteUnsafe.closeOnRead(AbstractNioByteChannel.java:105)
	at io.grpc.netty.shaded.io.netty.channel.nio.AbstractNioByteChannel$NioByteUnsafe.read(AbstractNioByteChannel.java:174)
	at io.grpc.netty.shaded.io.netty.channel.nio.NioEventLoop.processSelectedKey(NioEventLoop.java:722)
	at io.grpc.netty.shaded.io.netty.channel.nio.NioEventLoop.processSelectedKeysOptimized(NioEventLoop.java:658)
	at io.grpc.netty.shaded.io.netty.channel.nio.NioEventLoop.processSelectedKeys(NioEventLoop.java:584)
	at io.grpc.netty.shaded.io.netty.channel.nio.NioEventLoop.run(NioEventLoop.java:496)
	at io.grpc.netty.shaded.io.netty.util.concurrent.SingleThreadEventExecutor$4.run(SingleThreadEventExecutor.java:997)
	at io.grpc.netty.shaded.io.netty.util.internal.ThreadExecutorMap$2.run(ThreadExecutorMap.java:74)
	at io.grpc.netty.shaded.io.netty.util.concurrent.FastThreadLocalRunnable.run(FastThreadLocalRunnable.java:30)
	at java.base/java.lang.Thread.run(Thread.java:840)
2026-04-20 08:42:23,927 INFO [1776643956639_127.0.0.1_62705]client disconnected,clear config listen context

2026-04-20 08:42:23,973 INFO Connection transportTerminated,connectionId = 1776643956511_127.0.0.1_62704 

2026-04-20 08:42:23,973 WARN [1776643956511_127.0.0.1_62704] connection  close exception  : {}

java.lang.IllegalStateException: call already closed
	at com.google.common.base.Preconditions.checkState(Preconditions.java:508)
	at io.grpc.internal.ServerCallImpl.closeInternal(ServerCallImpl.java:219)
	at io.grpc.internal.ServerCallImpl.close(ServerCallImpl.java:212)
	at io.grpc.stub.ServerCalls$ServerCallStreamObserverImpl.onCompleted(ServerCalls.java:395)
	at com.alibaba.nacos.core.remote.grpc.GrpcConnection.closeBiStream(GrpcConnection.java:143)
	at com.alibaba.nacos.core.remote.grpc.GrpcConnection.close(GrpcConnection.java:131)
	at com.alibaba.nacos.core.remote.ConnectionManager.unregister(ConnectionManager.java:159)
	at com.alibaba.nacos.core.remote.grpc.AddressTransportFilter.transportTerminated(AddressTransportFilter.java:77)
	at io.grpc.internal.ServerImpl$ServerTransportListenerImpl.transportTerminated(ServerImpl.java:455)
	at io.grpc.netty.shaded.io.grpc.netty.NettyServerTransport.notifyTerminated(NettyServerTransport.java:207)
	at io.grpc.netty.shaded.io.grpc.netty.NettyServerTransport.access$100(NettyServerTransport.java:51)
	at io.grpc.netty.shaded.io.grpc.netty.NettyServerTransport$1TerminationNotifier.operationComplete(NettyServerTransport.java:141)
	at io.grpc.netty.shaded.io.grpc.netty.NettyServerTransport$1TerminationNotifier.operationComplete(NettyServerTransport.java:134)
	at io.grpc.netty.shaded.io.netty.util.concurrent.DefaultPromise.notifyListener0(DefaultPromise.java:578)
	at io.grpc.netty.shaded.io.netty.util.concurrent.DefaultPromise.notifyListeners0(DefaultPromise.java:571)
	at io.grpc.netty.shaded.io.netty.util.concurrent.DefaultPromise.notifyListenersNow(DefaultPromise.java:550)
	at io.grpc.netty.shaded.io.netty.util.concurrent.DefaultPromise.notifyListeners(DefaultPromise.java:491)
	at io.grpc.netty.shaded.io.netty.util.concurrent.DefaultPromise.setValue0(DefaultPromise.java:616)
	at io.grpc.netty.shaded.io.netty.util.concurrent.DefaultPromise.setSuccess0(DefaultPromise.java:605)
	at io.grpc.netty.shaded.io.netty.util.concurrent.DefaultPromise.trySuccess(DefaultPromise.java:104)
	at io.grpc.netty.shaded.io.netty.channel.DefaultChannelPromise.trySuccess(DefaultChannelPromise.java:84)
	at io.grpc.netty.shaded.io.netty.channel.AbstractChannel$CloseFuture.setClosed(AbstractChannel.java:1164)
	at io.grpc.netty.shaded.io.netty.channel.AbstractChannel$AbstractUnsafe.doClose0(AbstractChannel.java:755)
	at io.grpc.netty.shaded.io.netty.channel.AbstractChannel$AbstractUnsafe.close(AbstractChannel.java:731)
	at io.grpc.netty.shaded.io.netty.channel.AbstractChannel$AbstractUnsafe.close(AbstractChannel.java:620)
	at io.grpc.netty.shaded.io.netty.channel.nio.AbstractNioByteChannel$NioByteUnsafe.closeOnRead(AbstractNioByteChannel.java:105)
	at io.grpc.netty.shaded.io.netty.channel.nio.AbstractNioByteChannel$NioByteUnsafe.read(AbstractNioByteChannel.java:174)
	at io.grpc.netty.shaded.io.netty.channel.nio.NioEventLoop.processSelectedKey(NioEventLoop.java:722)
	at io.grpc.netty.shaded.io.netty.channel.nio.NioEventLoop.processSelectedKeysOptimized(NioEventLoop.java:658)
	at io.grpc.netty.shaded.io.netty.channel.nio.NioEventLoop.processSelectedKeys(NioEventLoop.java:584)
	at io.grpc.netty.shaded.io.netty.channel.nio.NioEventLoop.run(NioEventLoop.java:496)
	at io.grpc.netty.shaded.io.netty.util.concurrent.SingleThreadEventExecutor$4.run(SingleThreadEventExecutor.java:997)
	at io.grpc.netty.shaded.io.netty.util.internal.ThreadExecutorMap$2.run(ThreadExecutorMap.java:74)
	at io.grpc.netty.shaded.io.netty.util.concurrent.FastThreadLocalRunnable.run(FastThreadLocalRunnable.java:30)
	at java.base/java.lang.Thread.run(Thread.java:840)
2026-04-20 08:42:23,974 INFO [1776643956511_127.0.0.1_62704]client disconnected,clear config listen context

2026-04-20 08:42:24,015 INFO Connection transportTerminated,connectionId = 1776643956333_127.0.0.1_62703 

2026-04-20 08:42:24,015 WARN [1776643956333_127.0.0.1_62703] connection  close exception  : {}

java.lang.IllegalStateException: call already closed
	at com.google.common.base.Preconditions.checkState(Preconditions.java:508)
	at io.grpc.internal.ServerCallImpl.closeInternal(ServerCallImpl.java:219)
	at io.grpc.internal.ServerCallImpl.close(ServerCallImpl.java:212)
	at io.grpc.stub.ServerCalls$ServerCallStreamObserverImpl.onCompleted(ServerCalls.java:395)
	at com.alibaba.nacos.core.remote.grpc.GrpcConnection.closeBiStream(GrpcConnection.java:143)
	at com.alibaba.nacos.core.remote.grpc.GrpcConnection.close(GrpcConnection.java:131)
	at com.alibaba.nacos.core.remote.ConnectionManager.unregister(ConnectionManager.java:159)
	at com.alibaba.nacos.core.remote.grpc.AddressTransportFilter.transportTerminated(AddressTransportFilter.java:77)
	at io.grpc.internal.ServerImpl$ServerTransportListenerImpl.transportTerminated(ServerImpl.java:455)
	at io.grpc.netty.shaded.io.grpc.netty.NettyServerTransport.notifyTerminated(NettyServerTransport.java:207)
	at io.grpc.netty.shaded.io.grpc.netty.NettyServerTransport.access$100(NettyServerTransport.java:51)
	at io.grpc.netty.shaded.io.grpc.netty.NettyServerTransport$1TerminationNotifier.operationComplete(NettyServerTransport.java:141)
	at io.grpc.netty.shaded.io.grpc.netty.NettyServerTransport$1TerminationNotifier.operationComplete(NettyServerTransport.java:134)
	at io.grpc.netty.shaded.io.netty.util.concurrent.DefaultPromise.notifyListener0(DefaultPromise.java:578)
	at io.grpc.netty.shaded.io.netty.util.concurrent.DefaultPromise.notifyListeners0(DefaultPromise.java:571)
	at io.grpc.netty.shaded.io.netty.util.concurrent.DefaultPromise.notifyListenersNow(DefaultPromise.java:550)
	at io.grpc.netty.shaded.io.netty.util.concurrent.DefaultPromise.notifyListeners(DefaultPromise.java:491)
	at io.grpc.netty.shaded.io.netty.util.concurrent.DefaultPromise.setValue0(DefaultPromise.java:616)
	at io.grpc.netty.shaded.io.netty.util.concurrent.DefaultPromise.setSuccess0(DefaultPromise.java:605)
	at io.grpc.netty.shaded.io.netty.util.concurrent.DefaultPromise.trySuccess(DefaultPromise.java:104)
	at io.grpc.netty.shaded.io.netty.channel.DefaultChannelPromise.trySuccess(DefaultChannelPromise.java:84)
	at io.grpc.netty.shaded.io.netty.channel.AbstractChannel$CloseFuture.setClosed(AbstractChannel.java:1164)
	at io.grpc.netty.shaded.io.netty.channel.AbstractChannel$AbstractUnsafe.doClose0(AbstractChannel.java:755)
	at io.grpc.netty.shaded.io.netty.channel.AbstractChannel$AbstractUnsafe.close(AbstractChannel.java:731)
	at io.grpc.netty.shaded.io.netty.channel.AbstractChannel$AbstractUnsafe.close(AbstractChannel.java:620)
	at io.grpc.netty.shaded.io.netty.channel.nio.AbstractNioByteChannel$NioByteUnsafe.closeOnRead(AbstractNioByteChannel.java:105)
	at io.grpc.netty.shaded.io.netty.channel.nio.AbstractNioByteChannel$NioByteUnsafe.read(AbstractNioByteChannel.java:174)
	at io.grpc.netty.shaded.io.netty.channel.nio.NioEventLoop.processSelectedKey(NioEventLoop.java:722)
	at io.grpc.netty.shaded.io.netty.channel.nio.NioEventLoop.processSelectedKeysOptimized(NioEventLoop.java:658)
	at io.grpc.netty.shaded.io.netty.channel.nio.NioEventLoop.processSelectedKeys(NioEventLoop.java:584)
	at io.grpc.netty.shaded.io.netty.channel.nio.NioEventLoop.run(NioEventLoop.java:496)
	at io.grpc.netty.shaded.io.netty.util.concurrent.SingleThreadEventExecutor$4.run(SingleThreadEventExecutor.java:997)
	at io.grpc.netty.shaded.io.netty.util.internal.ThreadExecutorMap$2.run(ThreadExecutorMap.java:74)
	at io.grpc.netty.shaded.io.netty.util.concurrent.FastThreadLocalRunnable.run(FastThreadLocalRunnable.java:30)
	at java.base/java.lang.Thread.run(Thread.java:840)
2026-04-20 08:42:24,016 INFO [1776643956333_127.0.0.1_62703]client disconnected,clear config listen context

2026-04-20 08:42:26,863 INFO Connection transportReady,connectionId = 1776645746863_127.0.0.1_57742 

2026-04-20 08:42:26,989 INFO Connection transportReady,connectionId = 1776645746989_127.0.0.1_57743 

2026-04-20 08:42:27,011 INFO Connection transportReady,connectionId = 1776645747011_127.0.0.1_57748 

2026-04-20 09:43:05,061 INFO Connection transportTerminated,connectionId = 1776645681957_127.0.0.1_57308 

2026-04-20 09:43:05,064 INFO [1776645681957_127.0.0.1_57308]client disconnected,clear config listen context

2026-04-20 09:43:07,717 INFO Connection transportReady,connectionId = 1776649387717_127.0.0.1_61636 

2026-04-20 09:45:00,987 INFO Connection transportTerminated,connectionId = 1776649387717_127.0.0.1_61636 

2026-04-20 09:45:00,988 INFO [1776649387717_127.0.0.1_61636]client disconnected,clear config listen context

2026-04-20 09:45:05,735 INFO Connection transportReady,connectionId = 1776649505735_127.0.0.1_62400 

2026-04-20 09:50:30,043 INFO Connection transportTerminated,connectionId = 1776649505735_127.0.0.1_62400 

2026-04-20 09:50:30,044 INFO [1776649505735_127.0.0.1_62400]client disconnected,clear config listen context

2026-04-20 09:50:34,816 INFO Connection transportReady,connectionId = 1776649834815_127.0.0.1_64454 

2026-04-20 09:52:20,362 INFO Connection transportTerminated,connectionId = 1776649834815_127.0.0.1_64454 

2026-04-20 09:52:20,363 WARN [1776649834815_127.0.0.1_64454] connection  close exception  : {}

java.lang.IllegalStateException: call already closed
	at com.google.common.base.Preconditions.checkState(Preconditions.java:508)
	at io.grpc.internal.ServerCallImpl.closeInternal(ServerCallImpl.java:219)
	at io.grpc.internal.ServerCallImpl.close(ServerCallImpl.java:212)
	at io.grpc.stub.ServerCalls$ServerCallStreamObserverImpl.onCompleted(ServerCalls.java:395)
	at com.alibaba.nacos.core.remote.grpc.GrpcConnection.closeBiStream(GrpcConnection.java:143)
	at com.alibaba.nacos.core.remote.grpc.GrpcConnection.close(GrpcConnection.java:131)
	at com.alibaba.nacos.core.remote.ConnectionManager.unregister(ConnectionManager.java:159)
	at com.alibaba.nacos.core.remote.grpc.AddressTransportFilter.transportTerminated(AddressTransportFilter.java:77)
	at io.grpc.internal.ServerImpl$ServerTransportListenerImpl.transportTerminated(ServerImpl.java:455)
	at io.grpc.netty.shaded.io.grpc.netty.NettyServerTransport.notifyTerminated(NettyServerTransport.java:207)
	at io.grpc.netty.shaded.io.grpc.netty.NettyServerTransport.access$100(NettyServerTransport.java:51)
	at io.grpc.netty.shaded.io.grpc.netty.NettyServerTransport$1TerminationNotifier.operationComplete(NettyServerTransport.java:141)
	at io.grpc.netty.shaded.io.grpc.netty.NettyServerTransport$1TerminationNotifier.operationComplete(NettyServerTransport.java:134)
	at io.grpc.netty.shaded.io.netty.util.concurrent.DefaultPromise.notifyListener0(DefaultPromise.java:578)
	at io.grpc.netty.shaded.io.netty.util.concurrent.DefaultPromise.notifyListeners0(DefaultPromise.java:571)
	at io.grpc.netty.shaded.io.netty.util.concurrent.DefaultPromise.notifyListenersNow(DefaultPromise.java:550)
	at io.grpc.netty.shaded.io.netty.util.concurrent.DefaultPromise.notifyListeners(DefaultPromise.java:491)
	at io.grpc.netty.shaded.io.netty.util.concurrent.DefaultPromise.setValue0(DefaultPromise.java:616)
	at io.grpc.netty.shaded.io.netty.util.concurrent.DefaultPromise.setSuccess0(DefaultPromise.java:605)
	at io.grpc.netty.shaded.io.netty.util.concurrent.DefaultPromise.trySuccess(DefaultPromise.java:104)
	at io.grpc.netty.shaded.io.netty.channel.DefaultChannelPromise.trySuccess(DefaultChannelPromise.java:84)
	at io.grpc.netty.shaded.io.netty.channel.AbstractChannel$CloseFuture.setClosed(AbstractChannel.java:1164)
	at io.grpc.netty.shaded.io.netty.channel.AbstractChannel$AbstractUnsafe.doClose0(AbstractChannel.java:755)
	at io.grpc.netty.shaded.io.netty.channel.AbstractChannel$AbstractUnsafe.close(AbstractChannel.java:731)
	at io.grpc.netty.shaded.io.netty.channel.AbstractChannel$AbstractUnsafe.close(AbstractChannel.java:620)
	at io.grpc.netty.shaded.io.netty.channel.nio.AbstractNioByteChannel$NioByteUnsafe.closeOnRead(AbstractNioByteChannel.java:105)
	at io.grpc.netty.shaded.io.netty.channel.nio.AbstractNioByteChannel$NioByteUnsafe.read(AbstractNioByteChannel.java:174)
	at io.grpc.netty.shaded.io.netty.channel.nio.NioEventLoop.processSelectedKey(NioEventLoop.java:722)
	at io.grpc.netty.shaded.io.netty.channel.nio.NioEventLoop.processSelectedKeysOptimized(NioEventLoop.java:658)
	at io.grpc.netty.shaded.io.netty.channel.nio.NioEventLoop.processSelectedKeys(NioEventLoop.java:584)
	at io.grpc.netty.shaded.io.netty.channel.nio.NioEventLoop.run(NioEventLoop.java:496)
	at io.grpc.netty.shaded.io.netty.util.concurrent.SingleThreadEventExecutor$4.run(SingleThreadEventExecutor.java:997)
	at io.grpc.netty.shaded.io.netty.util.internal.ThreadExecutorMap$2.run(ThreadExecutorMap.java:74)
	at io.grpc.netty.shaded.io.netty.util.concurrent.FastThreadLocalRunnable.run(FastThreadLocalRunnable.java:30)
	at java.base/java.lang.Thread.run(Thread.java:840)
2026-04-20 09:52:20,364 INFO [1776649834815_127.0.0.1_64454]client disconnected,clear config listen context

2026-04-20 09:56:42,454 INFO Connection transportReady,connectionId = 1776650202453_127.0.0.1_50101 

2026-04-20 09:59:31,522 INFO Connection transportTerminated,connectionId = 1776650202453_127.0.0.1_50101 

2026-04-20 09:59:31,523 WARN [1776650202453_127.0.0.1_50101] connection  close exception  : {}

java.lang.IllegalStateException: call already closed
	at com.google.common.base.Preconditions.checkState(Preconditions.java:508)
	at io.grpc.internal.ServerCallImpl.closeInternal(ServerCallImpl.java:219)
	at io.grpc.internal.ServerCallImpl.close(ServerCallImpl.java:212)
	at io.grpc.stub.ServerCalls$ServerCallStreamObserverImpl.onCompleted(ServerCalls.java:395)
	at com.alibaba.nacos.core.remote.grpc.GrpcConnection.closeBiStream(GrpcConnection.java:143)
	at com.alibaba.nacos.core.remote.grpc.GrpcConnection.close(GrpcConnection.java:131)
	at com.alibaba.nacos.core.remote.ConnectionManager.unregister(ConnectionManager.java:159)
	at com.alibaba.nacos.core.remote.grpc.AddressTransportFilter.transportTerminated(AddressTransportFilter.java:77)
	at io.grpc.internal.ServerImpl$ServerTransportListenerImpl.transportTerminated(ServerImpl.java:455)
	at io.grpc.netty.shaded.io.grpc.netty.NettyServerTransport.notifyTerminated(NettyServerTransport.java:207)
	at io.grpc.netty.shaded.io.grpc.netty.NettyServerTransport.access$100(NettyServerTransport.java:51)
	at io.grpc.netty.shaded.io.grpc.netty.NettyServerTransport$1TerminationNotifier.operationComplete(NettyServerTransport.java:141)
	at io.grpc.netty.shaded.io.grpc.netty.NettyServerTransport$1TerminationNotifier.operationComplete(NettyServerTransport.java:134)
	at io.grpc.netty.shaded.io.netty.util.concurrent.DefaultPromise.notifyListener0(DefaultPromise.java:578)
	at io.grpc.netty.shaded.io.netty.util.concurrent.DefaultPromise.notifyListeners0(DefaultPromise.java:571)
	at io.grpc.netty.shaded.io.netty.util.concurrent.DefaultPromise.notifyListenersNow(DefaultPromise.java:550)
	at io.grpc.netty.shaded.io.netty.util.concurrent.DefaultPromise.notifyListeners(DefaultPromise.java:491)
	at io.grpc.netty.shaded.io.netty.util.concurrent.DefaultPromise.setValue0(DefaultPromise.java:616)
	at io.grpc.netty.shaded.io.netty.util.concurrent.DefaultPromise.setSuccess0(DefaultPromise.java:605)
	at io.grpc.netty.shaded.io.netty.util.concurrent.DefaultPromise.trySuccess(DefaultPromise.java:104)
	at io.grpc.netty.shaded.io.netty.channel.DefaultChannelPromise.trySuccess(DefaultChannelPromise.java:84)
	at io.grpc.netty.shaded.io.netty.channel.AbstractChannel$CloseFuture.setClosed(AbstractChannel.java:1164)
	at io.grpc.netty.shaded.io.netty.channel.AbstractChannel$AbstractUnsafe.doClose0(AbstractChannel.java:755)
	at io.grpc.netty.shaded.io.netty.channel.AbstractChannel$AbstractUnsafe.close(AbstractChannel.java:731)
	at io.grpc.netty.shaded.io.netty.channel.AbstractChannel$AbstractUnsafe.close(AbstractChannel.java:620)
	at io.grpc.netty.shaded.io.netty.channel.nio.AbstractNioByteChannel$NioByteUnsafe.closeOnRead(AbstractNioByteChannel.java:105)
	at io.grpc.netty.shaded.io.netty.channel.nio.AbstractNioByteChannel$NioByteUnsafe.read(AbstractNioByteChannel.java:174)
	at io.grpc.netty.shaded.io.netty.channel.nio.NioEventLoop.processSelectedKey(NioEventLoop.java:722)
	at io.grpc.netty.shaded.io.netty.channel.nio.NioEventLoop.processSelectedKeysOptimized(NioEventLoop.java:658)
	at io.grpc.netty.shaded.io.netty.channel.nio.NioEventLoop.processSelectedKeys(NioEventLoop.java:584)
	at io.grpc.netty.shaded.io.netty.channel.nio.NioEventLoop.run(NioEventLoop.java:496)
	at io.grpc.netty.shaded.io.netty.util.concurrent.SingleThreadEventExecutor$4.run(SingleThreadEventExecutor.java:997)
	at io.grpc.netty.shaded.io.netty.util.internal.ThreadExecutorMap$2.run(ThreadExecutorMap.java:74)
	at io.grpc.netty.shaded.io.netty.util.concurrent.FastThreadLocalRunnable.run(FastThreadLocalRunnable.java:30)
	at java.base/java.lang.Thread.run(Thread.java:840)
2026-04-20 09:59:31,524 INFO [1776650202453_127.0.0.1_50101]client disconnected,clear config listen context

2026-04-20 09:59:49,993 INFO Connection transportReady,connectionId = 1776650389993_127.0.0.1_51379 

2026-04-20 10:02:20,160 INFO Connection transportTerminated,connectionId = 1776650389993_127.0.0.1_51379 

2026-04-20 10:02:20,161 INFO [1776650389993_127.0.0.1_51379]client disconnected,clear config listen context

2026-04-20 10:02:24,998 INFO Connection transportReady,connectionId = 1776650544998_127.0.0.1_52400 

2026-04-20 10:07:10,556 INFO Connection transportTerminated,connectionId = 1776645335420_127.0.0.1_55193 

2026-04-20 10:07:10,556 INFO Connection transportTerminated,connectionId = 1776645335134_127.0.0.1_55192 

2026-04-20 10:07:10,557 INFO [1776645335420_127.0.0.1_55193]client disconnected,clear config listen context

2026-04-20 10:07:10,557 INFO [1776645335134_127.0.0.1_55192]client disconnected,clear config listen context

2026-04-20 10:07:14,380 INFO Connection transportReady,connectionId = 1776650834380_127.0.0.1_54053 

2026-04-20 10:07:15,633 INFO Connection transportReady,connectionId = 1776650835633_127.0.0.1_54060 

2026-04-20 12:25:39,246 INFO Connection transportTerminated,connectionId = 1776650834380_127.0.0.1_54053 

2026-04-20 12:25:39,254 INFO [1776650834380_127.0.0.1_54053]client disconnected,clear config listen context

2026-04-20 12:25:43,046 INFO Connection transportReady,connectionId = 1776659143046_127.0.0.1_64673 

2026-04-20 12:26:11,904 INFO Connection transportTerminated,connectionId = 1776659143046_127.0.0.1_64673 

2026-04-20 12:26:11,906 INFO [1776659143046_127.0.0.1_64673]client disconnected,clear config listen context

2026-04-20 12:26:15,694 INFO Connection transportReady,connectionId = 1776659175694_127.0.0.1_65220 

2026-04-20 12:27:16,816 INFO Connection transportTerminated,connectionId = 1776659175694_127.0.0.1_65220 

2026-04-20 12:27:16,817 INFO [1776659175694_127.0.0.1_65220]client disconnected,clear config listen context

2026-04-20 12:27:20,460 INFO Connection transportReady,connectionId = 1776659240460_127.0.0.1_49253 

2026-04-20 13:34:04,392 INFO Connection transportTerminated,connectionId = 1776645746863_127.0.0.1_57742 

2026-04-20 13:34:04,416 WARN [1776645746863_127.0.0.1_57742] connection  close exception  : {}

java.lang.IllegalStateException: call already closed
	at com.google.common.base.Preconditions.checkState(Preconditions.java:508)
	at io.grpc.internal.ServerCallImpl.closeInternal(ServerCallImpl.java:219)
	at io.grpc.internal.ServerCallImpl.close(ServerCallImpl.java:212)
	at io.grpc.stub.ServerCalls$ServerCallStreamObserverImpl.onCompleted(ServerCalls.java:395)
	at com.alibaba.nacos.core.remote.grpc.GrpcConnection.closeBiStream(GrpcConnection.java:143)
	at com.alibaba.nacos.core.remote.grpc.GrpcConnection.close(GrpcConnection.java:131)
	at com.alibaba.nacos.core.remote.ConnectionManager.unregister(ConnectionManager.java:159)
	at com.alibaba.nacos.core.remote.grpc.AddressTransportFilter.transportTerminated(AddressTransportFilter.java:77)
	at io.grpc.internal.ServerImpl$ServerTransportListenerImpl.transportTerminated(ServerImpl.java:455)
	at io.grpc.netty.shaded.io.grpc.netty.NettyServerTransport.notifyTerminated(NettyServerTransport.java:207)
	at io.grpc.netty.shaded.io.grpc.netty.NettyServerTransport.access$100(NettyServerTransport.java:51)
	at io.grpc.netty.shaded.io.grpc.netty.NettyServerTransport$1TerminationNotifier.operationComplete(NettyServerTransport.java:141)
	at io.grpc.netty.shaded.io.grpc.netty.NettyServerTransport$1TerminationNotifier.operationComplete(NettyServerTransport.java:134)
	at io.grpc.netty.shaded.io.netty.util.concurrent.DefaultPromise.notifyListener0(DefaultPromise.java:578)
	at io.grpc.netty.shaded.io.netty.util.concurrent.DefaultPromise.notifyListeners0(DefaultPromise.java:571)
	at io.grpc.netty.shaded.io.netty.util.concurrent.DefaultPromise.notifyListenersNow(DefaultPromise.java:550)
	at io.grpc.netty.shaded.io.netty.util.concurrent.DefaultPromise.notifyListeners(DefaultPromise.java:491)
	at io.grpc.netty.shaded.io.netty.util.concurrent.DefaultPromise.setValue0(DefaultPromise.java:616)
	at io.grpc.netty.shaded.io.netty.util.concurrent.DefaultPromise.setSuccess0(DefaultPromise.java:605)
	at io.grpc.netty.shaded.io.netty.util.concurrent.DefaultPromise.trySuccess(DefaultPromise.java:104)
	at io.grpc.netty.shaded.io.netty.channel.DefaultChannelPromise.trySuccess(DefaultChannelPromise.java:84)
	at io.grpc.netty.shaded.io.netty.channel.AbstractChannel$CloseFuture.setClosed(AbstractChannel.java:1164)
	at io.grpc.netty.shaded.io.netty.channel.AbstractChannel$AbstractUnsafe.doClose0(AbstractChannel.java:755)
	at io.grpc.netty.shaded.io.netty.channel.AbstractChannel$AbstractUnsafe.close(AbstractChannel.java:731)
	at io.grpc.netty.shaded.io.netty.channel.AbstractChannel$AbstractUnsafe.close(AbstractChannel.java:620)
	at io.grpc.netty.shaded.io.netty.channel.nio.AbstractNioByteChannel$NioByteUnsafe.closeOnRead(AbstractNioByteChannel.java:105)
	at io.grpc.netty.shaded.io.netty.channel.nio.AbstractNioByteChannel$NioByteUnsafe.read(AbstractNioByteChannel.java:174)
	at io.grpc.netty.shaded.io.netty.channel.nio.NioEventLoop.processSelectedKey(NioEventLoop.java:722)
	at io.grpc.netty.shaded.io.netty.channel.nio.NioEventLoop.processSelectedKeysOptimized(NioEventLoop.java:658)
	at io.grpc.netty.shaded.io.netty.channel.nio.NioEventLoop.processSelectedKeys(NioEventLoop.java:584)
	at io.grpc.netty.shaded.io.netty.channel.nio.NioEventLoop.run(NioEventLoop.java:496)
	at io.grpc.netty.shaded.io.netty.util.concurrent.SingleThreadEventExecutor$4.run(SingleThreadEventExecutor.java:997)
	at io.grpc.netty.shaded.io.netty.util.internal.ThreadExecutorMap$2.run(ThreadExecutorMap.java:74)
	at io.grpc.netty.shaded.io.netty.util.concurrent.FastThreadLocalRunnable.run(FastThreadLocalRunnable.java:30)
	at java.base/java.lang.Thread.run(Thread.java:840)
2026-04-20 13:34:04,424 INFO [1776645746863_127.0.0.1_57742]client disconnected,clear config listen context

